BINDIR = /mnt/raid/builds/pg-3-btscan/bin
DOCDIR = /mnt/raid/builds/pg-3-btscan/share/doc/postgresql
HTMLDIR = /mnt/raid/builds/pg-3-btscan/share/doc/postgresql
INCLUDEDIR = /mnt/raid/builds/pg-3-btscan/include
PKGINCLUDEDIR = /mnt/raid/builds/pg-3-btscan/include/postgresql
INCLUDEDIR-SERVER = /mnt/raid/builds/pg-3-btscan/include/postgresql/server
LIBDIR = /mnt/raid/builds/pg-3-btscan/lib
PKGLIBDIR = /mnt/raid/builds/pg-3-btscan/lib/postgresql
LOCALEDIR = /mnt/raid/builds/pg-3-btscan/share/locale
MANDIR = /mnt/raid/builds/pg-3-btscan/share/man
SHAREDIR = /mnt/raid/builds/pg-3-btscan/share/postgresql
SYSCONFDIR = /mnt/raid/builds/pg-3-btscan/etc/postgresql
PGXS = /mnt/raid/builds/pg-3-btscan/lib/postgresql/pgxs/src/makefiles/pgxs.mk
CONFIGURE =  '--prefix=/mnt/raid/builds/pg-3-btscan' '--enable-debug' '--without-icu' 'CC=ccache gcc'
CC = ccache gcc
CPPFLAGS = -D_GNU_SOURCE
CFLAGS = -Wall -Wmissing-prototypes -Wpointer-arith -Wdeclaration-after-statement -Werror=vla -Wendif-labels -Wmissing-format-attribute -Wimplicit-fallthrough=3 -Wcast-function-type -Wshadow=compatible-local -Wformat-security -fno-strict-aliasing -fwrapv -fexcess-precision=standard -Wno-format-truncation -Wno-stringop-truncation -g -O2
CFLAGS_SL = -fPIC
LDFLAGS = -Wl,--as-needed -Wl,-rpath,'/mnt/raid/builds/pg-3-btscan/lib',--enable-new-dtags
LDFLAGS_EX = 
LDFLAGS_SL = 
LIBS = -lpgcommon -lpgport -lz -lreadline -lm 
VERSION = PostgreSQL 17devel
