BINDIR = /home/pi/builds/pg-1-fstat/bin
DOCDIR = /home/pi/builds/pg-1-fstat/share/doc/postgresql
HTMLDIR = /home/pi/builds/pg-1-fstat/share/doc/postgresql
INCLUDEDIR = /home/pi/builds/pg-1-fstat/include
PKGINCLUDEDIR = /home/pi/builds/pg-1-fstat/include/postgresql
INCLUDEDIR-SERVER = /home/pi/builds/pg-1-fstat/include/postgresql/server
LIBDIR = /home/pi/builds/pg-1-fstat/lib
PKGLIBDIR = /home/pi/builds/pg-1-fstat/lib/postgresql
LOCALEDIR = /home/pi/builds/pg-1-fstat/share/locale
MANDIR = /home/pi/builds/pg-1-fstat/share/man
SHAREDIR = /home/pi/builds/pg-1-fstat/share/postgresql
SYSCONFDIR = /home/pi/builds/pg-1-fstat/etc/postgresql
PGXS = /home/pi/builds/pg-1-fstat/lib/postgresql/pgxs/src/makefiles/pgxs.mk
CONFIGURE =  '--prefix=/home/pi/builds/pg-1-fstat' '--enable-debug' '--enable-depend' 'CC=ccache gcc'
CC = ccache gcc
CPPFLAGS = -D_GNU_SOURCE
CFLAGS = -Wall -Wmissing-prototypes -Wpointer-arith -Wdeclaration-after-statement -Werror=vla -Wendif-labels -Wmissing-format-attribute -Wimplicit-fallthrough=3 -Wcast-function-type -Wshadow=compatible-local -Wformat-security -fno-strict-aliasing -fwrapv -fexcess-precision=standard -Wno-format-truncation -Wno-stringop-truncation -g -O2
CFLAGS_SL = -fPIC
LDFLAGS = -Wl,--as-needed -Wl,-rpath,'/home/pi/builds/pg-1-fstat/lib',--enable-new-dtags
LDFLAGS_EX = 
LDFLAGS_SL = 
LIBS = -lpgcommon -lpgport -lz -lreadline -lm 
VERSION = PostgreSQL 17devel
