2024-01-12 08:18:46.477 CET [20235] LOG:  starting PostgreSQL 17devel on x86_64-pc-linux-gnu, compiled by gcc (Gentoo 12.3.1_p20230526 p2) 12.3.1 20230526, 64-bit
2024-01-12 08:18:46.477 CET [20235] LOG:  listening on IPv6 address "::1", port 5432
2024-01-12 08:18:46.477 CET [20235] LOG:  listening on IPv4 address "127.0.0.1", port 5432
2024-01-12 08:18:46.478 CET [20235] LOG:  listening on Unix socket "/tmp/.s.PGSQL.5432"
2024-01-12 08:18:46.481 CET [20238] LOG:  database system was shut down at 2024-01-12 08:18:46 CET
2024-01-12 08:18:46.484 CET [20235] LOG:  database system is ready to accept connections
2024-01-12 08:18:46.631 CET [20236] LOG:  checkpoint starting: immediate force wait
2024-01-12 08:18:46.697 CET [20236] LOG:  checkpoint complete: wrote 932 buffers (0.4%); 0 WAL file(s) added, 0 removed, 0 recycled; write=0.017 s, sync=0.046 s, total=0.066 s; sync files=309, longest=0.002 s, average=0.001 s; distance=4376 kB, estimate=4376 kB; lsn=0/18CDB48, redo lsn=0/18CDAF0
2024-01-12 08:22:16.861 CET [20236] LOG:  checkpoint starting: immediate force wait
2024-01-12 08:22:16.875 CET [20236] LOG:  checkpoint complete: wrote 44 buffers (0.0%); 0 WAL file(s) added, 0 removed, 0 recycled; write=0.006 s, sync=0.003 s, total=0.014 s; sync files=12, longest=0.002 s, average=0.001 s; distance=346 kB, estimate=3973 kB; lsn=0/19246D0, redo lsn=0/1924678
2024-01-12 08:22:17.011 CET [20236] LOG:  checkpoint starting: immediate force wait
2024-01-12 08:22:17.096 CET [20236] LOG:  checkpoint complete: wrote 935 buffers (0.4%); 1 WAL file(s) added, 0 removed, 0 recycled; write=0.013 s, sync=0.047 s, total=0.085 s; sync files=308, longest=0.001 s, average=0.001 s; distance=4400 kB, estimate=4400 kB; lsn=0/1D70898, redo lsn=0/1D70840
2024-01-12 08:25:47.258 CET [20236] LOG:  checkpoint starting: immediate force wait
2024-01-12 08:25:47.267 CET [20236] LOG:  checkpoint complete: wrote 2 buffers (0.0%); 0 WAL file(s) added, 0 removed, 0 recycled; write=0.005 s, sync=0.001 s, total=0.009 s; sync files=2, longest=0.001 s, average=0.001 s; distance=145 kB, estimate=3974 kB; lsn=0/1D94DD0, redo lsn=0/1D94D78
2024-01-12 08:25:47.456 CET [20236] LOG:  checkpoint starting: immediate force wait
2024-01-12 08:25:47.524 CET [20236] LOG:  checkpoint complete: wrote 978 buffers (0.4%); 0 WAL file(s) added, 0 removed, 1 recycled; write=0.014 s, sync=0.050 s, total=0.069 s; sync files=335, longest=0.001 s, average=0.001 s; distance=4534 kB, estimate=4534 kB; lsn=0/2202698, redo lsn=0/2202640
2024-01-12 08:29:17.691 CET [20236] LOG:  checkpoint starting: immediate force wait
2024-01-12 08:29:17.700 CET [20236] LOG:  checkpoint complete: wrote 2 buffers (0.0%); 0 WAL file(s) added, 0 removed, 0 recycled; write=0.005 s, sync=0.002 s, total=0.010 s; sync files=2, longest=0.001 s, average=0.001 s; distance=149 kB, estimate=4095 kB; lsn=0/2227B00, redo lsn=0/2227AA8
2024-01-12 08:29:18.439 CET [20236] LOG:  checkpoint starting: immediate force wait
2024-01-12 08:29:18.548 CET [20236] LOG:  checkpoint complete: wrote 1489 buffers (0.6%); 0 WAL file(s) added, 0 removed, 0 recycled; write=0.023 s, sync=0.084 s, total=0.110 s; sync files=605, longest=0.001 s, average=0.001 s; distance=5827 kB, estimate=5827 kB; lsn=0/27D8800, redo lsn=0/27D87A8
2024-01-12 08:32:48.746 CET [20236] LOG:  checkpoint starting: immediate force wait
2024-01-12 08:32:48.755 CET [20236] LOG:  checkpoint complete: wrote 2 buffers (0.0%); 0 WAL file(s) added, 0 removed, 0 recycled; write=0.005 s, sync=0.002 s, total=0.010 s; sync files=2, longest=0.001 s, average=0.001 s; distance=152 kB, estimate=5259 kB; lsn=0/27FEA30, redo lsn=0/27FE9D8
2024-01-12 08:32:56.965 CET [20236] LOG:  checkpoint starting: immediate force wait
2024-01-12 08:32:57.396 CET [20236] LOG:  checkpoint complete: wrote 4558 buffers (1.7%); 0 WAL file(s) added, 0 removed, 1 recycled; write=0.051 s, sync=0.376 s, total=0.432 s; sync files=2565, longest=0.002 s, average=0.001 s; distance=15383 kB, estimate=15383 kB; lsn=0/3704958, redo lsn=0/3704900
