2024-01-12 09:07:37.555 CET [28973] LOG:  starting PostgreSQL 17devel on x86_64-pc-linux-gnu, compiled by gcc (Gentoo 12.3.1_p20230526 p2) 12.3.1 20230526, 64-bit
2024-01-12 09:07:37.556 CET [28973] LOG:  listening on IPv6 address "::1", port 5432
2024-01-12 09:07:37.556 CET [28973] LOG:  listening on IPv4 address "127.0.0.1", port 5432
2024-01-12 09:07:37.557 CET [28973] LOG:  listening on Unix socket "/tmp/.s.PGSQL.5432"
2024-01-12 09:07:37.560 CET [28976] LOG:  database system was interrupted; last known up at 2024-01-12 09:03:04 CET
2024-01-12 09:07:37.751 CET [28976] LOG:  database system was not properly shut down; automatic recovery in progress
2024-01-12 09:07:37.752 CET [28976] LOG:  redo starts at 0/18CDAF0
2024-01-12 09:07:37.754 CET [28976] LOG:  invalid record length at 0/19242C0: expected at least 24, got 0
2024-01-12 09:07:37.754 CET [28976] LOG:  redo done at 0/1924288 system usage: CPU: user: 0.00 s, system: 0.00 s, elapsed: 0.00 s
2024-01-12 09:07:37.757 CET [28974] LOG:  checkpoint starting: end-of-recovery immediate wait
2024-01-12 09:07:37.771 CET [28974] LOG:  checkpoint complete: wrote 78 buffers (0.0%); 0 WAL file(s) added, 0 removed, 0 recycled; write=0.008 s, sync=0.004 s, total=0.016 s; sync files=16, longest=0.001 s, average=0.001 s; distance=345 kB, estimate=345 kB; lsn=0/19242C0, redo lsn=0/19242C0
2024-01-12 09:07:37.773 CET [28973] LOG:  database system is ready to accept connections
2024-01-12 09:12:08.103 CET [28974] LOG:  checkpoint starting: immediate force wait
2024-01-12 09:12:08.195 CET [28974] LOG:  checkpoint complete: wrote 937 buffers (0.4%); 1 WAL file(s) added, 0 removed, 0 recycled; write=0.015 s, sync=0.052 s, total=0.092 s; sync files=309, longest=0.001 s, average=0.001 s; distance=4400 kB, estimate=4400 kB; lsn=0/1D70728, redo lsn=0/1D70698
2024-01-12 09:16:38.546 CET [28974] LOG:  checkpoint starting: immediate force wait
2024-01-12 09:16:38.619 CET [28974] LOG:  checkpoint complete: wrote 1020 buffers (0.4%); 0 WAL file(s) added, 0 removed, 1 recycled; write=0.015 s, sync=0.054 s, total=0.073 s; sync files=341, longest=0.001 s, average=0.001 s; distance=4679 kB, estimate=4679 kB; lsn=0/2202328, redo lsn=0/22022D0
2024-01-12 09:21:09.486 CET [28974] LOG:  checkpoint starting: immediate force wait
2024-01-12 09:21:09.599 CET [28974] LOG:  checkpoint complete: wrote 1532 buffers (0.6%); 0 WAL file(s) added, 0 removed, 0 recycled; write=0.021 s, sync=0.089 s, total=0.113 s; sync files=611, longest=0.001 s, average=0.001 s; distance=5976 kB, estimate=5976 kB; lsn=0/27D83A0, redo lsn=0/27D8348
2024-01-12 09:25:47.645 CET [28974] LOG:  checkpoint starting: immediate force wait
2024-01-12 09:25:48.121 CET [28974] LOG:  checkpoint complete: wrote 4603 buffers (1.8%); 0 WAL file(s) added, 0 removed, 1 recycled; write=0.055 s, sync=0.416 s, total=0.476 s; sync files=2571, longest=0.002 s, average=0.001 s; distance=15535 kB, estimate=15535 kB; lsn=0/3704398, redo lsn=0/3704340
