                                          List of relations
 Schema |     Name     |   Type   |  Owner   | Persistence | Access method |    Size    | Description 
--------+--------------+----------+----------+-------------+---------------+------------+-------------
 public | dim1         | table    | postgres | permanent   | heap          | 3576 kB    | 
 public | dim10        | table    | postgres | permanent   | heap          | 3576 kB    | 
 public | dim10_id_seq | sequence | postgres | permanent   |               | 8192 bytes | 
 public | dim1_id_seq  | sequence | postgres | permanent   |               | 8192 bytes | 
 public | dim2         | table    | postgres | permanent   | heap          | 3576 kB    | 
 public | dim2_id_seq  | sequence | postgres | permanent   |               | 8192 bytes | 
 public | dim3         | table    | postgres | permanent   | heap          | 3576 kB    | 
 public | dim3_id_seq  | sequence | postgres | permanent   |               | 8192 bytes | 
 public | dim4         | table    | postgres | permanent   | heap          | 3576 kB    | 
 public | dim4_id_seq  | sequence | postgres | permanent   |               | 8192 bytes | 
 public | dim5         | table    | postgres | permanent   | heap          | 3576 kB    | 
 public | dim5_id_seq  | sequence | postgres | permanent   |               | 8192 bytes | 
 public | dim6         | table    | postgres | permanent   | heap          | 3576 kB    | 
 public | dim6_id_seq  | sequence | postgres | permanent   |               | 8192 bytes | 
 public | dim7         | table    | postgres | permanent   | heap          | 3576 kB    | 
 public | dim7_id_seq  | sequence | postgres | permanent   |               | 8192 bytes | 
 public | dim8         | table    | postgres | permanent   | heap          | 3576 kB    | 
 public | dim8_id_seq  | sequence | postgres | permanent   |               | 8192 bytes | 
 public | dim9         | table    | postgres | permanent   | heap          | 3576 kB    | 
 public | dim9_id_seq  | sequence | postgres | permanent   |               | 8192 bytes | 
 public | t            | table    | postgres | permanent   | heap          | 7303 MB    | 
 public | t_id_seq     | sequence | postgres | permanent   |               | 8192 bytes | 
(22 rows)

                                           List of relations
 Schema |     Name     | Type  |  Owner   | Table | Persistence | Access method |  Size   | Description 
--------+--------------+-------+----------+-------+-------------+---------------+---------+-------------
 public | dim10_id_idx | index | postgres | dim10 | permanent   | btree         | 2208 kB | 
 public | dim10_pkey   | index | postgres | dim10 | permanent   | btree         | 2208 kB | 
 public | dim1_id_idx  | index | postgres | dim1  | permanent   | btree         | 2208 kB | 
 public | dim1_pkey    | index | postgres | dim1  | permanent   | btree         | 2208 kB | 
 public | dim2_id_idx  | index | postgres | dim2  | permanent   | btree         | 2208 kB | 
 public | dim2_pkey    | index | postgres | dim2  | permanent   | btree         | 2208 kB | 
 public | dim3_id_idx  | index | postgres | dim3  | permanent   | btree         | 2208 kB | 
 public | dim3_pkey    | index | postgres | dim3  | permanent   | btree         | 2208 kB | 
 public | dim4_id_idx  | index | postgres | dim4  | permanent   | btree         | 2208 kB | 
 public | dim4_pkey    | index | postgres | dim4  | permanent   | btree         | 2208 kB | 
 public | dim5_id_idx  | index | postgres | dim5  | permanent   | btree         | 2208 kB | 
 public | dim5_pkey    | index | postgres | dim5  | permanent   | btree         | 2208 kB | 
 public | dim6_id_idx  | index | postgres | dim6  | permanent   | btree         | 2208 kB | 
 public | dim6_pkey    | index | postgres | dim6  | permanent   | btree         | 2208 kB | 
 public | dim7_id_idx  | index | postgres | dim7  | permanent   | btree         | 2208 kB | 
 public | dim7_pkey    | index | postgres | dim7  | permanent   | btree         | 2208 kB | 
 public | dim8_id_idx  | index | postgres | dim8  | permanent   | btree         | 2208 kB | 
 public | dim8_pkey    | index | postgres | dim8  | permanent   | btree         | 2208 kB | 
 public | dim9_id_idx  | index | postgres | dim9  | permanent   | btree         | 2208 kB | 
 public | dim9_pkey    | index | postgres | dim9  | permanent   | btree         | 2208 kB | 
 public | t_pkey       | index | postgres | t     | permanent   | btree         | 2142 MB | 
(21 rows)

