2024-01-12 22:25:29.236 CET [10669] LOG:  starting PostgreSQL 17devel on x86_64-pc-linux-gnu, compiled by gcc (Gentoo 12.3.1_p20230526 p2) 12.3.1 20230526, 64-bit
2024-01-12 22:25:29.237 CET [10669] LOG:  listening on IPv4 address "127.0.0.1", port 5432
2024-01-12 22:25:29.237 CET [10669] LOG:  listening on Unix socket "/tmp/.s.PGSQL.5432"
2024-01-12 22:25:29.239 CET [10672] LOG:  database system was shut down at 2024-01-12 22:25:28 CET
2024-01-12 22:25:29.241 CET [10669] LOG:  database system is ready to accept connections
2024-01-12 22:25:29.410 CET [10670] LOG:  checkpoint starting: immediate force wait
2024-01-12 22:25:29.445 CET [10670] LOG:  checkpoint complete: wrote 962 buffers (0.1%); 0 WAL file(s) added, 0 removed, 0 recycled; write=0.033 s, sync=0.001 s, total=0.036 s; sync files=309, longest=0.001 s, average=0.001 s; distance=4603 kB, estimate=4603 kB; lsn=0/196FEC8, redo lsn=0/196FE70
2024-01-12 22:30:29.544 CET [10670] LOG:  checkpoint starting: time
2024-01-12 22:30:29.837 CET [10670] LOG:  checkpoint complete: wrote 82 buffers (0.0%); 1 WAL file(s) added, 0 removed, 0 recycled; write=0.257 s, sync=0.021 s, total=0.293 s; sync files=318, longest=0.001 s, average=0.001 s; distance=351 kB, estimate=4178 kB; lsn=0/1E4DA18, redo lsn=0/19C7B50
2024-01-12 22:30:29.837 CET [10670] LOG:  checkpoint starting: immediate force wait
2024-01-12 22:30:29.864 CET [10670] LOG:  checkpoint complete: wrote 968 buffers (0.1%); 0 WAL file(s) added, 0 removed, 0 recycled; write=0.025 s, sync=0.002 s, total=0.027 s; sync files=260, longest=0.001 s, average=0.001 s; distance=4631 kB, estimate=4631 kB; lsn=0/1E4DAE8, redo lsn=0/1E4DA90
2024-01-12 22:35:29.964 CET [10670] LOG:  checkpoint starting: time
2024-01-12 22:35:30.291 CET [10670] LOG:  checkpoint complete: wrote 40 buffers (0.0%); 0 WAL file(s) added, 0 removed, 0 recycled; write=0.302 s, sync=0.022 s, total=0.328 s; sync files=335, longest=0.001 s, average=0.001 s; distance=145 kB, estimate=4183 kB; lsn=0/2319738, redo lsn=0/1E71FE8
2024-01-12 22:35:30.292 CET [10670] LOG:  checkpoint starting: immediate force wait
2024-01-12 22:35:30.319 CET [10670] LOG:  checkpoint complete: wrote 1011 buffers (0.1%); 0 WAL file(s) added, 0 removed, 1 recycled; write=0.027 s, sync=0.001 s, total=0.028 s; sync files=287, longest=0.001 s, average=0.001 s; distance=4765 kB, estimate=4765 kB; lsn=0/2319808, redo lsn=0/23197B0
2024-01-12 22:40:30.419 CET [10670] LOG:  checkpoint starting: time
2024-01-12 22:40:31.259 CET [10670] LOG:  checkpoint complete: wrote 40 buffers (0.0%); 0 WAL file(s) added, 0 removed, 0 recycled; write=0.794 s, sync=0.044 s, total=0.840 s; sync files=605, longest=0.001 s, average=0.001 s; distance=147 kB, estimate=4304 kB; lsn=0/29287F8, redo lsn=0/233E628
2024-01-12 22:40:31.259 CET [10670] LOG:  checkpoint starting: immediate force wait
2024-01-12 22:40:31.292 CET [10670] LOG:  checkpoint complete: wrote 1522 buffers (0.1%); 0 WAL file(s) added, 0 removed, 0 recycled; write=0.031 s, sync=0.001 s, total=0.033 s; sync files=557, longest=0.001 s, average=0.000 s; distance=6056 kB, estimate=6056 kB; lsn=0/29288C8, redo lsn=0/2928870
2024-01-12 22:45:31.392 CET [10670] LOG:  checkpoint starting: time
2024-01-12 22:45:35.649 CET [10670] LOG:  checkpoint complete: wrote 42 buffers (0.0%); 0 WAL file(s) added, 0 removed, 0 recycled; write=4.230 s, sync=0.026 s, total=4.257 s; sync files=938, longest=0.001 s, average=0.001 s; distance=153 kB, estimate=5466 kB; lsn=0/30E36C8, redo lsn=0/294EF90
2024-01-12 22:45:38.975 CET [10670] LOG:  checkpoint starting: immediate force wait
2024-01-12 22:45:39.051 CET [10670] LOG:  checkpoint complete: wrote 4574 buffers (0.4%); 0 WAL file(s) added, 0 removed, 1 recycled; write=0.067 s, sync=0.008 s, total=0.076 s; sync files=2279, longest=0.001 s, average=0.001 s; distance=15691 kB, estimate=15691 kB; lsn=0/38A1DD8, redo lsn=0/38A1D80
2024-01-12 22:50:38.151 CET [10670] LOG:  checkpoint starting: time
