    PID TTY      STAT   TIME COMMAND
      1 ?        Ss     0:38 /sbin/init
      2 ?        S      0:02 [kthreadd]
      3 ?        I<     0:00 [rcu_gp]
      4 ?        I<     0:00 [rcu_par_gp]
      5 ?        I<     0:00 [slub_flushwq]
      6 ?        I<     0:00 [netns]
     10 ?        I<     0:00 [mm_percpu_wq]
     11 ?        I      0:00 [rcu_tasks_kthread]
     12 ?        I      0:00 [rcu_tasks_rude_kthread]
     13 ?        I      0:00 [rcu_tasks_trace_kthread]
     14 ?        S      2:37 [ksoftirqd/0]
     15 ?        I      9:14 [rcu_preempt]
     16 ?        S      0:02 [migration/0]
     18 ?        S      0:00 [cpuhp/0]
     19 ?        S      0:00 [cpuhp/1]
     20 ?        S      0:02 [migration/1]
     21 ?        S      1:35 [ksoftirqd/1]
     23 ?        I<     0:00 [kworker/1:0H-events_highpri]
     24 ?        S      0:00 [cpuhp/2]
     25 ?        S      0:02 [migration/2]
     26 ?        S      1:13 [ksoftirqd/2]
     28 ?        I<     0:00 [kworker/2:0H-events_highpri]
     29 ?        S      0:00 [cpuhp/3]
     30 ?        S      0:02 [migration/3]
     31 ?        S      1:04 [ksoftirqd/3]
     33 ?        I<     0:00 [kworker/3:0H-events_highpri]
     34 ?        S      0:00 [cpuhp/4]
     35 ?        S      0:02 [migration/4]
     36 ?        S      0:56 [ksoftirqd/4]
     38 ?        I<     0:00 [kworker/4:0H-events_highpri]
     39 ?        S      0:00 [cpuhp/5]
     40 ?        S      0:02 [migration/5]
     41 ?        S      0:52 [ksoftirqd/5]
     43 ?        I<     0:00 [kworker/5:0H-events_highpri]
     44 ?        S      0:00 [cpuhp/6]
     45 ?        S      0:02 [migration/6]
     46 ?        S      0:48 [ksoftirqd/6]
     48 ?        I<     0:00 [kworker/6:0H-events_highpri]
     49 ?        S      0:00 [cpuhp/7]
     50 ?        S      0:02 [migration/7]
     51 ?        S      0:45 [ksoftirqd/7]
     53 ?        I<     0:00 [kworker/7:0H-events_highpri]
     54 ?        S      0:00 [cpuhp/8]
     55 ?        S      0:02 [migration/8]
     56 ?        S      0:48 [ksoftirqd/8]
     58 ?        I<     0:00 [kworker/8:0H-events_highpri]
     59 ?        S      0:00 [cpuhp/9]
     60 ?        S      0:02 [migration/9]
     61 ?        S      0:46 [ksoftirqd/9]
     64 ?        S      0:00 [cpuhp/10]
     65 ?        S      0:02 [migration/10]
     66 ?        S      0:44 [ksoftirqd/10]
     68 ?        I<     0:00 [kworker/10:0H-events_highpri]
     69 ?        S      0:00 [cpuhp/11]
     70 ?        S      0:02 [migration/11]
     71 ?        S      0:43 [ksoftirqd/11]
     73 ?        I<     0:00 [kworker/11:0H-events_highpri]
     74 ?        S      0:00 [cpuhp/12]
     75 ?        S      0:02 [migration/12]
     76 ?        S      0:41 [ksoftirqd/12]
     78 ?        I<     0:00 [kworker/12:0H-events_highpri]
     79 ?        S      0:00 [cpuhp/13]
     80 ?        S      0:02 [migration/13]
     81 ?        S      0:42 [ksoftirqd/13]
     83 ?        I<     0:00 [kworker/13:0H-events_highpri]
     84 ?        S      0:00 [cpuhp/14]
     85 ?        S      0:02 [migration/14]
     86 ?        S      0:42 [ksoftirqd/14]
     88 ?        I<     0:00 [kworker/14:0H-events_highpri]
     89 ?        S      0:00 [cpuhp/15]
     90 ?        S      0:02 [migration/15]
     91 ?        S      0:42 [ksoftirqd/15]
     93 ?        I<     0:00 [kworker/15:0H-events_highpri]
     94 ?        S      0:00 [cpuhp/16]
     95 ?        S      0:02 [migration/16]
     96 ?        S      0:44 [ksoftirqd/16]
     99 ?        S      0:00 [cpuhp/17]
    100 ?        S      0:02 [migration/17]
    101 ?        S      0:44 [ksoftirqd/17]
    103 ?        I<     0:00 [kworker/17:0H-events_highpri]
    104 ?        S      0:00 [cpuhp/18]
    105 ?        S      0:02 [migration/18]
    106 ?        S      0:42 [ksoftirqd/18]
    108 ?        I<     0:00 [kworker/18:0H-events_highpri]
    109 ?        S      0:00 [cpuhp/19]
    110 ?        S      0:02 [migration/19]
    111 ?        S      0:43 [ksoftirqd/19]
    113 ?        I<     0:00 [kworker/19:0H-events_highpri]
    114 ?        S      0:00 [cpuhp/20]
    115 ?        S      0:02 [migration/20]
    116 ?        S      0:41 [ksoftirqd/20]
    118 ?        I<     0:00 [kworker/20:0H-events_highpri]
    119 ?        S      0:00 [cpuhp/21]
    120 ?        S      0:02 [migration/21]
    121 ?        S      0:42 [ksoftirqd/21]
    123 ?        I<     0:00 [kworker/21:0H-events_highpri]
    124 ?        S      0:00 [cpuhp/22]
    125 ?        S      0:02 [migration/22]
    126 ?        S      0:42 [ksoftirqd/22]
    128 ?        I<     0:00 [kworker/22:0H-events_highpri]
    129 ?        S      0:00 [cpuhp/23]
    130 ?        S      0:02 [migration/23]
    131 ?        S      0:41 [ksoftirqd/23]
    133 ?        I<     0:00 [kworker/23:0H-events_highpri]
    134 ?        S      0:00 [cpuhp/24]
    135 ?        S      0:02 [migration/24]
    136 ?        S      0:44 [ksoftirqd/24]
    138 ?        I<     0:00 [kworker/24:0H-events_highpri]
    139 ?        S      0:00 [cpuhp/25]
    140 ?        S      0:02 [migration/25]
    141 ?        S      0:43 [ksoftirqd/25]
    143 ?        I<     0:00 [kworker/25:0H-events_highpri]
    144 ?        S      0:00 [cpuhp/26]
    145 ?        S      0:02 [migration/26]
    146 ?        S      0:42 [ksoftirqd/26]
    148 ?        I<     0:00 [kworker/26:0H-events_highpri]
    149 ?        S      0:00 [cpuhp/27]
    150 ?        S      0:02 [migration/27]
    151 ?        S      0:42 [ksoftirqd/27]
    153 ?        I<     0:00 [kworker/27:0H-events_highpri]
    154 ?        S      0:00 [cpuhp/28]
    155 ?        S      0:02 [migration/28]
    156 ?        S      0:42 [ksoftirqd/28]
    158 ?        I<     0:00 [kworker/28:0H-events_highpri]
    159 ?        S      0:00 [cpuhp/29]
    160 ?        S      0:02 [migration/29]
    161 ?        S      0:42 [ksoftirqd/29]
    163 ?        I<     0:00 [kworker/29:0H-events_highpri]
    164 ?        S      0:00 [cpuhp/30]
    165 ?        S      0:02 [migration/30]
    166 ?        S      0:41 [ksoftirqd/30]
    168 ?        I<     0:00 [kworker/30:0H-events_highpri]
    169 ?        S      0:00 [cpuhp/31]
    170 ?        S      0:02 [migration/31]
    171 ?        S      0:41 [ksoftirqd/31]
    173 ?        I<     0:00 [kworker/31:0H-events_highpri]
    174 ?        S      0:00 [cpuhp/32]
    175 ?        S      0:02 [migration/32]
    176 ?        S      0:44 [ksoftirqd/32]
    178 ?        I<     0:00 [kworker/32:0H-events_highpri]
    179 ?        S      0:00 [cpuhp/33]
    180 ?        S      0:02 [migration/33]
    181 ?        S      0:44 [ksoftirqd/33]
    183 ?        I<     0:00 [kworker/33:0H-events_highpri]
    184 ?        S      0:00 [cpuhp/34]
    185 ?        S      0:02 [migration/34]
    186 ?        S      0:42 [ksoftirqd/34]
    188 ?        I<     0:00 [kworker/34:0H-events_highpri]
    189 ?        S      0:00 [cpuhp/35]
    190 ?        S      0:02 [migration/35]
    191 ?        S      0:42 [ksoftirqd/35]
    193 ?        I<     0:00 [kworker/35:0H-events_highpri]
    194 ?        S      0:00 [cpuhp/36]
    195 ?        S      0:02 [migration/36]
    196 ?        S      0:42 [ksoftirqd/36]
    199 ?        S      0:00 [cpuhp/37]
    200 ?        S      0:02 [migration/37]
    201 ?        S      0:42 [ksoftirqd/37]
    203 ?        I<     0:00 [kworker/37:0H-events_highpri]
    204 ?        S      0:00 [cpuhp/38]
    205 ?        S      0:02 [migration/38]
    206 ?        S      0:42 [ksoftirqd/38]
    208 ?        I<     0:00 [kworker/38:0H-events_highpri]
    209 ?        S      0:00 [cpuhp/39]
    210 ?        S      0:02 [migration/39]
    211 ?        S      0:42 [ksoftirqd/39]
    213 ?        I<     0:00 [kworker/39:0H-events_highpri]
    214 ?        S      0:00 [cpuhp/40]
    215 ?        S      0:02 [migration/40]
    216 ?        S      0:45 [ksoftirqd/40]
    218 ?        I<     0:00 [kworker/40:0H-events_highpri]
    219 ?        S      0:00 [cpuhp/41]
    220 ?        S      0:02 [migration/41]
    221 ?        S      0:43 [ksoftirqd/41]
    223 ?        I<     0:00 [kworker/41:0H-events_highpri]
    224 ?        S      0:00 [cpuhp/42]
    225 ?        S      0:02 [migration/42]
    226 ?        S      0:42 [ksoftirqd/42]
    228 ?        I<     0:00 [kworker/42:0H-events_highpri]
    229 ?        S      0:00 [cpuhp/43]
    230 ?        S      0:02 [migration/43]
    231 ?        S      0:43 [ksoftirqd/43]
    233 ?        I<     0:00 [kworker/43:0H-events_highpri]
    234 ?        S      0:00 [cpuhp/44]
    235 ?        S      0:02 [migration/44]
    236 ?        S      0:43 [ksoftirqd/44]
    238 ?        I<     0:00 [kworker/44:0H-events_highpri]
    239 ?        S      0:00 [cpuhp/45]
    240 ?        S      0:02 [migration/45]
    241 ?        S      0:43 [ksoftirqd/45]
    243 ?        I<     0:00 [kworker/45:0H-events_highpri]
    244 ?        S      0:00 [cpuhp/46]
    245 ?        S      0:02 [migration/46]
    246 ?        S      0:42 [ksoftirqd/46]
    248 ?        I<     0:00 [kworker/46:0H-events_highpri]
    249 ?        S      0:00 [cpuhp/47]
    250 ?        S      0:02 [migration/47]
    251 ?        S      0:42 [ksoftirqd/47]
    253 ?        I<     0:00 [kworker/47:0H-events_highpri]
    254 ?        S      0:00 [cpuhp/48]
    255 ?        S      0:02 [migration/48]
    256 ?        S      0:44 [ksoftirqd/48]
    258 ?        I<     0:00 [kworker/48:0H-events_highpri]
    259 ?        S      0:00 [cpuhp/49]
    260 ?        S      0:02 [migration/49]
    261 ?        S      0:44 [ksoftirqd/49]
    264 ?        S      0:00 [cpuhp/50]
    265 ?        S      0:02 [migration/50]
    266 ?        S      0:43 [ksoftirqd/50]
    268 ?        I<     0:00 [kworker/50:0H-events_highpri]
    269 ?        S      0:00 [cpuhp/51]
    270 ?        S      0:02 [migration/51]
    271 ?        S      0:42 [ksoftirqd/51]
    273 ?        I<     0:00 [kworker/51:0H-events_highpri]
    274 ?        S      0:00 [cpuhp/52]
    275 ?        S      0:02 [migration/52]
    276 ?        S      0:42 [ksoftirqd/52]
    279 ?        S      0:00 [cpuhp/53]
    280 ?        S      0:02 [migration/53]
    281 ?        S      0:42 [ksoftirqd/53]
    284 ?        S      0:00 [cpuhp/54]
    285 ?        S      0:02 [migration/54]
    286 ?        S      0:41 [ksoftirqd/54]
    288 ?        I<     0:00 [kworker/54:0H-events_highpri]
    289 ?        S      0:00 [cpuhp/55]
    290 ?        S      0:02 [migration/55]
    291 ?        S      0:41 [ksoftirqd/55]
    293 ?        I<     0:00 [kworker/55:0H-events_highpri]
    294 ?        S      0:00 [cpuhp/56]
    295 ?        S      0:02 [migration/56]
    296 ?        S      0:44 [ksoftirqd/56]
    298 ?        I<     0:00 [kworker/56:0H-events_highpri]
    299 ?        S      0:00 [cpuhp/57]
    300 ?        S      0:02 [migration/57]
    301 ?        S      0:44 [ksoftirqd/57]
    303 ?        I<     0:00 [kworker/57:0H-events_highpri]
    304 ?        S      0:00 [cpuhp/58]
    305 ?        S      0:02 [migration/58]
    306 ?        S      0:42 [ksoftirqd/58]
    308 ?        I<     0:00 [kworker/58:0H-events_highpri]
    309 ?        S      0:00 [cpuhp/59]
    310 ?        S      0:02 [migration/59]
    311 ?        S      0:42 [ksoftirqd/59]
    313 ?        I<     0:00 [kworker/59:0H-events_highpri]
    314 ?        S      0:00 [cpuhp/60]
    315 ?        S      0:02 [migration/60]
    316 ?        S      0:42 [ksoftirqd/60]
    318 ?        I<     0:00 [kworker/60:0H-events_highpri]
    319 ?        S      0:00 [cpuhp/61]
    320 ?        S      0:02 [migration/61]
    321 ?        S      0:42 [ksoftirqd/61]
    323 ?        I<     0:00 [kworker/61:0H-events_highpri]
    324 ?        S      0:00 [cpuhp/62]
    325 ?        S      0:02 [migration/62]
    326 ?        S      0:42 [ksoftirqd/62]
    328 ?        I<     0:00 [kworker/62:0H-events_highpri]
    329 ?        S      0:00 [cpuhp/63]
    330 ?        S      0:02 [migration/63]
    331 ?        S      0:42 [ksoftirqd/63]
    333 ?        I<     0:00 [kworker/63:0H-events_highpri]
    334 ?        S      0:00 [cpuhp/64]
    335 ?        S      0:02 [migration/64]
    336 ?        S      0:44 [ksoftirqd/64]
    338 ?        I<     0:00 [kworker/64:0H-events_highpri]
    339 ?        S      0:00 [cpuhp/65]
    340 ?        S      0:02 [migration/65]
    341 ?        S      0:44 [ksoftirqd/65]
    343 ?        I<     0:00 [kworker/65:0H-events_highpri]
    344 ?        S      0:00 [cpuhp/66]
    345 ?        S      0:02 [migration/66]
    346 ?        S      0:43 [ksoftirqd/66]
    348 ?        I<     0:00 [kworker/66:0H-events_highpri]
    349 ?        S      0:00 [cpuhp/67]
    350 ?        S      0:02 [migration/67]
    351 ?        S      0:43 [ksoftirqd/67]
    353 ?        I<     0:00 [kworker/67:0H-events_highpri]
    354 ?        S      0:00 [cpuhp/68]
    355 ?        S      0:02 [migration/68]
    356 ?        S      0:42 [ksoftirqd/68]
    358 ?        I<     0:00 [kworker/68:0H-events_highpri]
    359 ?        S      0:00 [cpuhp/69]
    360 ?        S      0:02 [migration/69]
    361 ?        S      0:43 [ksoftirqd/69]
    363 ?        I<     0:00 [kworker/69:0H-events_highpri]
    364 ?        S      0:00 [cpuhp/70]
    365 ?        S      0:02 [migration/70]
    366 ?        S      0:41 [ksoftirqd/70]
    368 ?        I<     0:00 [kworker/70:0H-events_highpri]
    369 ?        S      0:00 [cpuhp/71]
    370 ?        S      0:02 [migration/71]
    371 ?        S      0:42 [ksoftirqd/71]
    373 ?        I<     0:00 [kworker/71:0H-events_highpri]
    374 ?        S      0:00 [cpuhp/72]
    375 ?        S      0:02 [migration/72]
    376 ?        S      0:44 [ksoftirqd/72]
    378 ?        I<     0:00 [kworker/72:0H-events_highpri]
    379 ?        S      0:00 [cpuhp/73]
    380 ?        S      0:02 [migration/73]
    381 ?        S      0:44 [ksoftirqd/73]
    383 ?        I<     0:00 [kworker/73:0H-events_highpri]
    384 ?        S      0:00 [cpuhp/74]
    385 ?        S      0:02 [migration/74]
    386 ?        S      0:42 [ksoftirqd/74]
    388 ?        I<     0:00 [kworker/74:0H-events_highpri]
    389 ?        S      0:00 [cpuhp/75]
    390 ?        S      0:02 [migration/75]
    391 ?        S      0:43 [ksoftirqd/75]
    393 ?        I<     0:00 [kworker/75:0H-events_highpri]
    394 ?        S      0:00 [cpuhp/76]
    395 ?        S      0:02 [migration/76]
    396 ?        S      0:42 [ksoftirqd/76]
    398 ?        I<     0:00 [kworker/76:0H-events_highpri]
    399 ?        S      0:00 [cpuhp/77]
    400 ?        S      0:02 [migration/77]
    401 ?        S      0:42 [ksoftirqd/77]
    403 ?        I<     0:00 [kworker/77:0H-events_highpri]
    404 ?        S      0:00 [cpuhp/78]
    405 ?        S      0:02 [migration/78]
    406 ?        S      0:41 [ksoftirqd/78]
    408 ?        I<     0:00 [kworker/78:0H-events_highpri]
    409 ?        S      0:00 [cpuhp/79]
    410 ?        S      0:02 [migration/79]
    411 ?        S      0:42 [ksoftirqd/79]
    413 ?        I<     0:00 [kworker/79:0H-events_highpri]
    414 ?        S      0:00 [cpuhp/80]
    415 ?        S      0:02 [migration/80]
    416 ?        S      0:45 [ksoftirqd/80]
    418 ?        I<     0:00 [kworker/80:0H-events_highpri]
    419 ?        S      0:00 [cpuhp/81]
    420 ?        S      0:02 [migration/81]
    421 ?        S      0:44 [ksoftirqd/81]
    423 ?        I<     0:00 [kworker/81:0H-events_highpri]
    424 ?        S      0:00 [cpuhp/82]
    425 ?        S      0:02 [migration/82]
    426 ?        S      0:43 [ksoftirqd/82]
    428 ?        I<     0:00 [kworker/82:0H-events_highpri]
    429 ?        S      0:00 [cpuhp/83]
    430 ?        S      0:02 [migration/83]
    431 ?        S      0:43 [ksoftirqd/83]
    433 ?        I<     0:00 [kworker/83:0H-events_highpri]
    434 ?        S      0:00 [cpuhp/84]
    435 ?        S      0:02 [migration/84]
    436 ?        S      0:42 [ksoftirqd/84]
    438 ?        I<     0:00 [kworker/84:0H-events_highpri]
    439 ?        S      0:00 [cpuhp/85]
    440 ?        S      0:02 [migration/85]
    441 ?        S      0:43 [ksoftirqd/85]
    443 ?        I<     0:00 [kworker/85:0H-events_highpri]
    444 ?        S      0:00 [cpuhp/86]
    445 ?        S      0:02 [migration/86]
    446 ?        S      0:41 [ksoftirqd/86]
    448 ?        I<     0:00 [kworker/86:0H-events_highpri]
    449 ?        S      0:00 [cpuhp/87]
    450 ?        S      0:02 [migration/87]
    451 ?        S      0:42 [ksoftirqd/87]
    453 ?        I<     0:00 [kworker/87:0H-events_highpri]
    454 ?        S      0:00 [cpuhp/88]
    455 ?        S      0:02 [migration/88]
    456 ?        S      0:44 [ksoftirqd/88]
    458 ?        I<     0:00 [kworker/88:0H-events_highpri]
    459 ?        S      0:00 [cpuhp/89]
    460 ?        S      0:02 [migration/89]
    461 ?        S      0:42 [ksoftirqd/89]
    463 ?        I<     0:00 [kworker/89:0H-events_highpri]
    464 ?        S      0:00 [cpuhp/90]
    465 ?        S      0:02 [migration/90]
    466 ?        S      0:43 [ksoftirqd/90]
    468 ?        I<     0:00 [kworker/90:0H-events_highpri]
    469 ?        S      0:00 [cpuhp/91]
    470 ?        S      0:02 [migration/91]
    471 ?        S      0:43 [ksoftirqd/91]
    473 ?        I<     0:00 [kworker/91:0H-events_highpri]
    474 ?        S      0:00 [cpuhp/92]
    475 ?        S      0:02 [migration/92]
    476 ?        S      0:41 [ksoftirqd/92]
    478 ?        I<     0:00 [kworker/92:0H-events_highpri]
    479 ?        S      0:00 [cpuhp/93]
    480 ?        S      0:02 [migration/93]
    481 ?        S      0:42 [ksoftirqd/93]
    483 ?        I<     0:00 [kworker/93:0H-events_highpri]
    484 ?        S      0:00 [cpuhp/94]
    485 ?        S      0:02 [migration/94]
    486 ?        S      0:42 [ksoftirqd/94]
    488 ?        I<     0:00 [kworker/94:0H-events_highpri]
    489 ?        S      0:00 [cpuhp/95]
    490 ?        S      0:02 [migration/95]
    491 ?        S      0:42 [ksoftirqd/95]
    493 ?        I<     0:00 [kworker/95:0H-events_highpri]
    494 ?        S      0:00 [cpuhp/96]
    495 ?        S      0:01 [migration/96]
    496 ?        S      0:43 [ksoftirqd/96]
    498 ?        I<     0:00 [kworker/96:0H-events_highpri]
    499 ?        S      0:00 [cpuhp/97]
    500 ?        S      0:02 [migration/97]
    501 ?        S      0:43 [ksoftirqd/97]
    503 ?        I<     0:00 [kworker/97:0H-events_highpri]
    504 ?        S      0:00 [cpuhp/98]
    505 ?        S      0:01 [migration/98]
    506 ?        S      0:41 [ksoftirqd/98]
    508 ?        I<     0:00 [kworker/98:0H-events_highpri]
    509 ?        S      0:00 [cpuhp/99]
    510 ?        S      0:01 [migration/99]
    511 ?        S      0:42 [ksoftirqd/99]
    514 ?        S      0:00 [cpuhp/100]
    515 ?        S      0:02 [migration/100]
    516 ?        S      0:41 [ksoftirqd/100]
    519 ?        S      0:00 [cpuhp/101]
    520 ?        S      0:02 [migration/101]
    521 ?        S      0:41 [ksoftirqd/101]
    523 ?        I<     0:00 [kworker/101:0H-events_highpri]
    524 ?        S      0:00 [cpuhp/102]
    525 ?        S      0:02 [migration/102]
    526 ?        S      0:41 [ksoftirqd/102]
    528 ?        I<     0:00 [kworker/102:0H-events_highpri]
    529 ?        S      0:00 [cpuhp/103]
    530 ?        S      0:02 [migration/103]
    531 ?        S      0:41 [ksoftirqd/103]
    533 ?        I<     0:00 [kworker/103:0H-events_highpri]
    534 ?        S      0:00 [cpuhp/104]
    535 ?        S      0:02 [migration/104]
    536 ?        S      0:43 [ksoftirqd/104]
    538 ?        I<     0:00 [kworker/104:0H-events_highpri]
    539 ?        S      0:00 [cpuhp/105]
    540 ?        S      0:01 [migration/105]
    541 ?        S      0:43 [ksoftirqd/105]
    543 ?        I<     0:00 [kworker/105:0H-events_highpri]
    544 ?        S      0:00 [cpuhp/106]
    545 ?        S      0:02 [migration/106]
    546 ?        S      0:42 [ksoftirqd/106]
    549 ?        S      0:00 [cpuhp/107]
    550 ?        S      0:01 [migration/107]
    551 ?        S      0:42 [ksoftirqd/107]
    553 ?        I<     0:00 [kworker/107:0H-events_highpri]
    554 ?        S      0:00 [cpuhp/108]
    555 ?        S      0:01 [migration/108]
    556 ?        S      0:41 [ksoftirqd/108]
    558 ?        I<     0:00 [kworker/108:0H-events_highpri]
    559 ?        S      0:00 [cpuhp/109]
    560 ?        S      0:01 [migration/109]
    561 ?        S      0:41 [ksoftirqd/109]
    563 ?        I<     0:00 [kworker/109:0H-events_highpri]
    564 ?        S      0:00 [cpuhp/110]
    565 ?        S      0:02 [migration/110]
    566 ?        S      0:42 [ksoftirqd/110]
    568 ?        I<     0:00 [kworker/110:0H-events_highpri]
    569 ?        S      0:00 [cpuhp/111]
    570 ?        S      0:01 [migration/111]
    571 ?        S      0:42 [ksoftirqd/111]
    573 ?        I<     0:00 [kworker/111:0H-events_highpri]
    574 ?        S      0:00 [cpuhp/112]
    575 ?        S      0:02 [migration/112]
    576 ?        S      0:43 [ksoftirqd/112]
    578 ?        I<     0:00 [kworker/112:0H-events_highpri]
    579 ?        S      0:00 [cpuhp/113]
    580 ?        S      0:02 [migration/113]
    581 ?        S      0:43 [ksoftirqd/113]
    583 ?        I<     0:00 [kworker/113:0H-events_highpri]
    584 ?        S      0:00 [cpuhp/114]
    585 ?        S      0:01 [migration/114]
    586 ?        S      0:42 [ksoftirqd/114]
    588 ?        I<     0:00 [kworker/114:0H-events_highpri]
    589 ?        S      0:00 [cpuhp/115]
    590 ?        S      0:02 [migration/115]
    591 ?        S      0:43 [ksoftirqd/115]
    593 ?        I<     0:00 [kworker/115:0H-events_highpri]
    594 ?        S      0:00 [cpuhp/116]
    595 ?        S      0:02 [migration/116]
    596 ?        S      0:42 [ksoftirqd/116]
    598 ?        I<     0:00 [kworker/116:0H-events_highpri]
    599 ?        S      0:00 [cpuhp/117]
    600 ?        S      0:01 [migration/117]
    601 ?        S      0:42 [ksoftirqd/117]
    603 ?        I<     0:00 [kworker/117:0H-events_highpri]
    604 ?        S      0:00 [cpuhp/118]
    605 ?        S      0:01 [migration/118]
    606 ?        S      0:42 [ksoftirqd/118]
    608 ?        I<     0:00 [kworker/118:0H-events_highpri]
    609 ?        S      0:00 [cpuhp/119]
    610 ?        S      0:01 [migration/119]
    611 ?        S      0:41 [ksoftirqd/119]
    613 ?        I<     0:00 [kworker/119:0H-events_highpri]
    614 ?        S      0:00 [cpuhp/120]
    615 ?        S      0:02 [migration/120]
    616 ?        S      0:43 [ksoftirqd/120]
    618 ?        I<     0:00 [kworker/120:0H-events_highpri]
    619 ?        S      0:00 [cpuhp/121]
    620 ?        S      0:02 [migration/121]
    621 ?        S      0:43 [ksoftirqd/121]
    623 ?        I<     0:00 [kworker/121:0H-events_highpri]
    624 ?        S      0:00 [cpuhp/122]
    625 ?        S      0:02 [migration/122]
    626 ?        S      0:43 [ksoftirqd/122]
    629 ?        S      0:00 [cpuhp/123]
    630 ?        S      0:02 [migration/123]
    631 ?        S      0:43 [ksoftirqd/123]
    633 ?        I<     0:00 [kworker/123:0H-events_highpri]
    634 ?        S      0:00 [cpuhp/124]
    635 ?        S      0:01 [migration/124]
    636 ?        S      0:42 [ksoftirqd/124]
    638 ?        I<     0:00 [kworker/124:0H-events_highpri]
    639 ?        S      0:00 [cpuhp/125]
    640 ?        S      0:01 [migration/125]
    641 ?        S      0:42 [ksoftirqd/125]
    643 ?        I<     0:00 [kworker/125:0H-events_highpri]
    644 ?        S      0:00 [cpuhp/126]
    645 ?        S      0:02 [migration/126]
    646 ?        S      0:42 [ksoftirqd/126]
    648 ?        I<     0:00 [kworker/126:0H-events_highpri]
    649 ?        S      0:00 [cpuhp/127]
    650 ?        S      0:02 [migration/127]
    651 ?        S      0:41 [ksoftirqd/127]
    653 ?        I<     0:00 [kworker/127:0H-events_highpri]
    654 ?        S      0:00 [cpuhp/128]
    655 ?        S      0:02 [migration/128]
    656 ?        S      0:43 [ksoftirqd/128]
    658 ?        I<     0:00 [kworker/128:0H-events_highpri]
    659 ?        S      0:00 [cpuhp/129]
    660 ?        S      0:02 [migration/129]
    661 ?        S      0:43 [ksoftirqd/129]
    663 ?        I<     0:00 [kworker/129:0H-events_highpri]
    664 ?        S      0:00 [cpuhp/130]
    665 ?        S      0:01 [migration/130]
    666 ?        S      0:42 [ksoftirqd/130]
    668 ?        I<     0:00 [kworker/130:0H-events_highpri]
    669 ?        S      0:00 [cpuhp/131]
    670 ?        S      0:02 [migration/131]
    671 ?        S      0:42 [ksoftirqd/131]
    673 ?        I<     0:00 [kworker/131:0H-events_highpri]
    674 ?        S      0:00 [cpuhp/132]
    675 ?        S      0:01 [migration/132]
    676 ?        S      0:42 [ksoftirqd/132]
    679 ?        S      0:00 [cpuhp/133]
    680 ?        S      0:02 [migration/133]
    681 ?        S      0:42 [ksoftirqd/133]
    684 ?        S      0:00 [cpuhp/134]
    685 ?        S      0:02 [migration/134]
    686 ?        S      0:41 [ksoftirqd/134]
    688 ?        I<     0:00 [kworker/134:0H-events_highpri]
    689 ?        S      0:00 [cpuhp/135]
    690 ?        S      0:02 [migration/135]
    691 ?        S      0:41 [ksoftirqd/135]
    693 ?        I<     0:00 [kworker/135:0H-events_highpri]
    694 ?        S      0:00 [cpuhp/136]
    695 ?        S      0:02 [migration/136]
    696 ?        S      0:43 [ksoftirqd/136]
    698 ?        I<     0:00 [kworker/136:0H-events_highpri]
    699 ?        S      0:00 [cpuhp/137]
    700 ?        S      0:02 [migration/137]
    701 ?        S      0:43 [ksoftirqd/137]
    703 ?        I<     0:00 [kworker/137:0H-events_highpri]
    704 ?        S      0:00 [cpuhp/138]
    705 ?        S      0:02 [migration/138]
    706 ?        S      0:41 [ksoftirqd/138]
    708 ?        I<     0:00 [kworker/138:0H-events_highpri]
    709 ?        S      0:00 [cpuhp/139]
    710 ?        S      0:02 [migration/139]
    711 ?        S      0:42 [ksoftirqd/139]
    713 ?        I<     0:00 [kworker/139:0H-events_highpri]
    714 ?        S      0:00 [cpuhp/140]
    715 ?        S      0:02 [migration/140]
    716 ?        S      0:42 [ksoftirqd/140]
    718 ?        I<     0:00 [kworker/140:0H-events_highpri]
    719 ?        S      0:00 [cpuhp/141]
    720 ?        S      0:02 [migration/141]
    721 ?        S      0:42 [ksoftirqd/141]
    723 ?        I<     0:00 [kworker/141:0H-events_highpri]
    724 ?        S      0:00 [cpuhp/142]
    725 ?        S      0:02 [migration/142]
    726 ?        S      0:41 [ksoftirqd/142]
    728 ?        I<     0:00 [kworker/142:0H-events_highpri]
    729 ?        S      0:00 [cpuhp/143]
    730 ?        S      0:02 [migration/143]
    731 ?        S      0:42 [ksoftirqd/143]
    733 ?        I<     0:00 [kworker/143:0H-events_highpri]
    734 ?        S      0:00 [cpuhp/144]
    735 ?        S      0:02 [migration/144]
    736 ?        S      0:42 [ksoftirqd/144]
    738 ?        I<     0:00 [kworker/144:0H-events_highpri]
    739 ?        S      0:00 [cpuhp/145]
    740 ?        S      0:02 [migration/145]
    741 ?        S      0:42 [ksoftirqd/145]
    743 ?        I<     0:00 [kworker/145:0H-events_highpri]
    744 ?        S      0:00 [cpuhp/146]
    745 ?        S      0:02 [migration/146]
    746 ?        S      0:41 [ksoftirqd/146]
    748 ?        I<     0:00 [kworker/146:0H-events_highpri]
    749 ?        S      0:00 [cpuhp/147]
    750 ?        S      0:02 [migration/147]
    751 ?        S      0:42 [ksoftirqd/147]
    753 ?        I<     0:00 [kworker/147:0H-events_highpri]
    754 ?        S      0:00 [cpuhp/148]
    755 ?        S      0:02 [migration/148]
    756 ?        S      0:41 [ksoftirqd/148]
    758 ?        I<     0:00 [kworker/148:0H-events_highpri]
    759 ?        S      0:00 [cpuhp/149]
    760 ?        S      0:02 [migration/149]
    761 ?        S      0:41 [ksoftirqd/149]
    763 ?        I<     0:00 [kworker/149:0H-events_highpri]
    764 ?        S      0:00 [cpuhp/150]
    765 ?        S      0:02 [migration/150]
    766 ?        S      0:41 [ksoftirqd/150]
    768 ?        I<     0:00 [kworker/150:0H-events_highpri]
    769 ?        S      0:00 [cpuhp/151]
    770 ?        S      0:02 [migration/151]
    771 ?        S      0:41 [ksoftirqd/151]
    773 ?        I<     0:00 [kworker/151:0H-events_highpri]
    774 ?        S      0:00 [cpuhp/152]
    775 ?        S      0:02 [migration/152]
    776 ?        S      0:42 [ksoftirqd/152]
    778 ?        I<     0:00 [kworker/152:0H-events_highpri]
    779 ?        S      0:00 [cpuhp/153]
    780 ?        S      0:02 [migration/153]
    781 ?        S      0:42 [ksoftirqd/153]
    783 ?        I<     0:00 [kworker/153:0H-events_highpri]
    784 ?        S      0:00 [cpuhp/154]
    785 ?        S      0:02 [migration/154]
    786 ?        S      0:41 [ksoftirqd/154]
    788 ?        I<     0:00 [kworker/154:0H-events_highpri]
    789 ?        S      0:00 [cpuhp/155]
    790 ?        S      0:02 [migration/155]
    791 ?        S      0:42 [ksoftirqd/155]
    793 ?        I<     0:00 [kworker/155:0H-events_highpri]
    794 ?        S      0:00 [cpuhp/156]
    795 ?        S      0:02 [migration/156]
    796 ?        S      0:41 [ksoftirqd/156]
    798 ?        I<     0:00 [kworker/156:0H-events_highpri]
    799 ?        S      0:00 [cpuhp/157]
    800 ?        S      0:02 [migration/157]
    801 ?        S      0:40 [ksoftirqd/157]
    803 ?        I<     0:00 [kworker/157:0H-events_highpri]
    804 ?        S      0:00 [cpuhp/158]
    805 ?        S      0:02 [migration/158]
    806 ?        S      0:40 [ksoftirqd/158]
    808 ?        I<     0:00 [kworker/158:0H-events_highpri]
    809 ?        S      0:00 [cpuhp/159]
    810 ?        S      0:02 [migration/159]
    811 ?        S      0:41 [ksoftirqd/159]
    813 ?        I<     0:00 [kworker/159:0H-events_highpri]
    814 ?        S      0:00 [cpuhp/160]
    815 ?        S      0:02 [migration/160]
    816 ?        S      0:41 [ksoftirqd/160]
    818 ?        I<     0:00 [kworker/160:0H-events_highpri]
    819 ?        S      0:00 [cpuhp/161]
    820 ?        S      0:02 [migration/161]
    821 ?        S      0:42 [ksoftirqd/161]
    823 ?        I<     0:00 [kworker/161:0H-events_highpri]
    824 ?        S      0:00 [cpuhp/162]
    825 ?        S      0:02 [migration/162]
    826 ?        S      0:41 [ksoftirqd/162]
    828 ?        I<     0:00 [kworker/162:0H-events_highpri]
    829 ?        S      0:00 [cpuhp/163]
    830 ?        S      0:02 [migration/163]
    831 ?        S      0:41 [ksoftirqd/163]
    833 ?        I<     0:00 [kworker/163:0H-events_highpri]
    834 ?        S      0:00 [cpuhp/164]
    835 ?        S      0:02 [migration/164]
    836 ?        S      0:41 [ksoftirqd/164]
    838 ?        I<     0:00 [kworker/164:0H-events_highpri]
    839 ?        S      0:00 [cpuhp/165]
    840 ?        S      0:02 [migration/165]
    841 ?        S      0:41 [ksoftirqd/165]
    843 ?        I<     0:00 [kworker/165:0H-events_highpri]
    844 ?        S      0:00 [cpuhp/166]
    845 ?        S      0:02 [migration/166]
    846 ?        S      0:41 [ksoftirqd/166]
    848 ?        I<     0:00 [kworker/166:0H-events_highpri]
    849 ?        S      0:00 [cpuhp/167]
    850 ?        S      0:02 [migration/167]
    851 ?        S      0:40 [ksoftirqd/167]
    853 ?        I<     0:00 [kworker/167:0H-events_highpri]
    854 ?        S      0:00 [cpuhp/168]
    855 ?        S      0:02 [migration/168]
    856 ?        S      0:42 [ksoftirqd/168]
    858 ?        I<     0:00 [kworker/168:0H-events_highpri]
    859 ?        S      0:00 [cpuhp/169]
    860 ?        S      0:02 [migration/169]
    861 ?        S      0:42 [ksoftirqd/169]
    863 ?        I<     0:00 [kworker/169:0H-events_highpri]
    864 ?        S      0:00 [cpuhp/170]
    865 ?        S      0:02 [migration/170]
    866 ?        S      0:41 [ksoftirqd/170]
    868 ?        I<     0:00 [kworker/170:0H-events_highpri]
    869 ?        S      0:00 [cpuhp/171]
    870 ?        S      0:02 [migration/171]
    871 ?        S      0:41 [ksoftirqd/171]
    874 ?        S      0:00 [cpuhp/172]
    875 ?        S      0:02 [migration/172]
    876 ?        S      0:41 [ksoftirqd/172]
    878 ?        I<     0:00 [kworker/172:0H-events_highpri]
    879 ?        S      0:00 [cpuhp/173]
    880 ?        S      0:02 [migration/173]
    881 ?        S      0:41 [ksoftirqd/173]
    883 ?        I<     0:00 [kworker/173:0H-events_highpri]
    884 ?        S      0:00 [cpuhp/174]
    885 ?        S      0:02 [migration/174]
    886 ?        S      0:40 [ksoftirqd/174]
    888 ?        I<     0:00 [kworker/174:0H-events_highpri]
    889 ?        S      0:00 [cpuhp/175]
    890 ?        S      0:02 [migration/175]
    891 ?        S      0:41 [ksoftirqd/175]
    893 ?        I<     0:00 [kworker/175:0H-events_highpri]
    894 ?        S      0:00 [cpuhp/176]
    895 ?        S      0:02 [migration/176]
    896 ?        S      0:42 [ksoftirqd/176]
    898 ?        I<     0:00 [kworker/176:0H-events_highpri]
    899 ?        S      0:00 [cpuhp/177]
    900 ?        S      0:02 [migration/177]
    901 ?        S      0:42 [ksoftirqd/177]
    903 ?        I<     0:00 [kworker/177:0H-events_highpri]
    904 ?        S      0:00 [cpuhp/178]
    905 ?        S      0:02 [migration/178]
    906 ?        S      0:40 [ksoftirqd/178]
    908 ?        I<     0:00 [kworker/178:0H-events_highpri]
    909 ?        S      0:00 [cpuhp/179]
    910 ?        S      0:02 [migration/179]
    911 ?        S      0:41 [ksoftirqd/179]
    913 ?        I<     0:00 [kworker/179:0H-events_highpri]
    914 ?        S      0:00 [cpuhp/180]
    915 ?        S      0:02 [migration/180]
    916 ?        S      0:40 [ksoftirqd/180]
    918 ?        I<     0:00 [kworker/180:0H-events_highpri]
    919 ?        S      0:00 [cpuhp/181]
    920 ?        S      0:02 [migration/181]
    921 ?        S      0:41 [ksoftirqd/181]
    923 ?        I<     0:00 [kworker/181:0H-events_highpri]
    924 ?        S      0:00 [cpuhp/182]
    925 ?        S      0:02 [migration/182]
    926 ?        S      0:40 [ksoftirqd/182]
    928 ?        I<     0:00 [kworker/182:0H-events_highpri]
    929 ?        S      0:00 [cpuhp/183]
    930 ?        S      0:02 [migration/183]
    931 ?        S      0:40 [ksoftirqd/183]
    933 ?        I<     0:00 [kworker/183:0H-events_highpri]
    934 ?        S      0:00 [cpuhp/184]
    935 ?        S      0:02 [migration/184]
    936 ?        S      0:42 [ksoftirqd/184]
    938 ?        I<     0:00 [kworker/184:0H-events_highpri]
    939 ?        S      0:00 [cpuhp/185]
    940 ?        S      0:02 [migration/185]
    941 ?        S      0:42 [ksoftirqd/185]
    943 ?        I<     0:00 [kworker/185:0H-events_highpri]
    944 ?        S      0:00 [cpuhp/186]
    945 ?        S      0:02 [migration/186]
    946 ?        S      0:41 [ksoftirqd/186]
    948 ?        I<     0:00 [kworker/186:0H-events_highpri]
    949 ?        S      0:00 [cpuhp/187]
    950 ?        S      0:02 [migration/187]
    951 ?        S      0:41 [ksoftirqd/187]
    953 ?        I<     0:00 [kworker/187:0H-events_highpri]
    954 ?        S      0:00 [cpuhp/188]
    955 ?        S      0:02 [migration/188]
    956 ?        S      0:41 [ksoftirqd/188]
    958 ?        I<     0:00 [kworker/188:0H-events_highpri]
    959 ?        S      0:00 [cpuhp/189]
    960 ?        S      0:02 [migration/189]
    961 ?        S      0:41 [ksoftirqd/189]
    963 ?        I<     0:00 [kworker/189:0H-events_highpri]
    964 ?        S      0:00 [cpuhp/190]
    965 ?        S      0:02 [migration/190]
    966 ?        S      0:40 [ksoftirqd/190]
    969 ?        S      0:00 [cpuhp/191]
    970 ?        S      0:02 [migration/191]
    971 ?        S      0:40 [ksoftirqd/191]
    973 ?        I<     0:00 [kworker/191:0H-events_highpri]
   1076 ?        S      0:00 [kdevtmpfs]
   1077 ?        I<     0:00 [inet_frag_wq]
   1078 ?        S      0:00 [kauditd]
   1082 ?        S      0:01 [khungtaskd]
   1083 ?        S      0:00 [oom_reaper]
   1084 ?        I<     0:00 [writeback]
   1085 ?        S    229:03 [kcompactd0]
   1086 ?        SN     0:00 [ksmd]
   1087 ?        SN     2:16 [khugepaged]
   1088 ?        I<     0:00 [kintegrityd]
   1089 ?        I<     0:00 [kblockd]
   1090 ?        I<     0:00 [blkcg_punt_bio]
   1091 ?        I<     0:00 [tpm_dev_wq]
   1092 ?        I<     0:00 [edac-poller]
   1093 ?        I<     0:00 [devfreq_wq]
   1094 ?        I<     0:16 [kworker/1:1H-kblockd]
   1097 ?        S      0:00 [irq/26-AMD-Vi]
   1098 ?        S      0:00 [irq/27-AMD-Vi]
   1099 ?        S      0:00 [irq/28-AMD-Vi]
   1100 ?        S      0:00 [irq/29-AMD-Vi]
   1101 ?        S    662:22 [kswapd0]
   1108 ?        I<     0:00 [kthrotld]
   1110 ?        S      0:00 [irq/35-pciehp]
   1111 ?        S      0:00 [irq/36-pciehp]
   1112 ?        S      0:00 [irq/37-pciehp]
   1113 ?        S      0:00 [irq/38-pciehp]
   1114 ?        S      0:00 [irq/43-pciehp]
   1115 ?        S      0:00 [irq/44-pciehp]
   1116 ?        S      0:00 [irq/45-pciehp]
   1117 ?        S      0:00 [irq/46-pciehp]
   1305 ?        I<     0:00 [acpi_thermal_pm]
   1306 ?        S      0:09 [hwrng]
   1307 ?        I<     0:00 [amd_iommu_v2]
   1308 ?        I<     0:00 [mld]
   1309 ?        I<     0:00 [ipv6_addrconf]
   1312 ?        I<     0:16 [kworker/97:1H-kblockd]
   1315 ?        I<     0:00 [kstrp]
   1320 ?        I<     0:00 [zswap-shrink]
   1365 ?        I<     0:17 [kworker/143:1H-kblockd]
   1376 ?        I<     0:16 [kworker/191:1H-kblockd]
   1377 ?        I<     0:16 [kworker/175:1H-kblockd]
   1378 ?        I<     0:16 [kworker/72:1H-kblockd]
   1379 ?        I<     0:17 [kworker/116:1H-kblockd]
   1380 ?        I<     0:16 [kworker/149:1H-kblockd]
   1381 ?        I<     0:17 [kworker/159:1H-kblockd]
   1382 ?        I<     0:16 [kworker/104:1H-kblockd]
   1384 ?        I<     0:17 [kworker/135:1H-kblockd]
   1385 ?        I<     0:17 [kworker/96:1H-kblockd]
   1386 ?        I<     0:17 [kworker/127:1H-kblockd]
   1389 ?        I<     0:16 [kworker/184:1H-kblockd]
   1394 ?        I<     0:17 [kworker/115:1H-kblockd]
   1397 ?        I<     0:17 [kworker/70:1H-kblockd]
   1440 ?        I<     0:16 [kworker/182:1H-kblockd]
   1441 ?        I<     0:16 [kworker/183:1H-kblockd]
   1442 ?        I<     0:16 [kworker/80:1H-kblockd]
   1443 ?        I<     0:16 [kworker/81:1H-kblockd]
   1444 ?        I<     0:16 [kworker/82:1H-kblockd]
   1445 ?        I<     0:16 [kworker/83:1H-xfs-log/nvme2n1p2]
   1446 ?        I<     0:17 [kworker/84:1H-kblockd]
   1447 ?        I<     0:16 [kworker/86:1H-kblockd]
   1448 ?        I<     0:16 [kworker/71:1H-xfs-log/nvme2n1p2]
   1449 ?        I<     0:16 [kworker/160:1H-kblockd]
   1453 ?        I<     0:16 [kworker/85:1H-kblockd]
   1454 ?        I<     0:17 [kworker/151:1H-kblockd]
   1459 ?        I<     0:15 [kworker/0:1H-kblockd]
   1460 ?        I<     0:00 [nvme-wq]
   1461 ?        I<     0:00 [nvme-reset-wq]
   1462 ?        I<     0:00 [nvme-delete-wq]
   1463 ?        I<     0:16 [kworker/87:1H-kblockd]
   1464 ?        I<     0:17 [kworker/176:1H-kblockd]
   1465 ?        I<     0:16 [kworker/177:1H-kblockd]
   1466 ?        I<     0:16 [kworker/178:1H-kblockd]
   1467 ?        I<     0:16 [kworker/179:1H-kblockd]
   1468 ?        I<     0:16 [kworker/181:1H-kblockd]
   1469 ?        I<     0:17 [kworker/98:1H-kblockd]
   1470 ?        I<     0:15 [kworker/56:1H-kblockd]
   1471 ?        I<     0:17 [kworker/105:1H-kblockd]
   1472 ?        I<     0:16 [kworker/57:1H-kblockd]
   1473 ?        I<     0:17 [kworker/99:1H-kblockd]
   1474 ?        I<     0:15 [kworker/32:1H-kblockd]
   1475 ?        I<     0:16 [kworker/180:1H-kblockd]
   1476 ?        I<     0:16 [kworker/24:1H-kblockd]
   1477 ?        I<     0:17 [kworker/58:1H-kblockd]
   1478 ?        I<     0:17 [kworker/100:1H-kblockd]
   1479 ?        I<     0:15 [kworker/106:1H-kblockd]
   1480 ?        I<     0:17 [kworker/59:1H-kblockd]
   1481 ?        I<     0:16 [kworker/101:1H-kblockd]
   1510 ?        I<     0:16 [kworker/33:1H-kblockd]
   1519 ?        I<     0:18 [kworker/18:1H-kblockd]
   1520 ?        I<     0:00 [ata_sff]
   1523 ?        I<     0:16 [kworker/161:1H-kblockd]
   1527 ?        I<     0:16 [kworker/142:1H-kblockd]
   1529 ?        I<     0:17 [kworker/29:1H-kblockd]
   1530 ?        I<     0:16 [kworker/134:1H-kblockd]
   1531 ?        I<     0:16 [kworker/74:1H-kblockd]
   1532 ?        I<     0:17 [kworker/2:1H-kblockd]
   1533 ?        I<     0:17 [kworker/34:1H-kblockd]
   1534 ?        I<     0:16 [kworker/73:1H-kblockd]
   1535 ?        I<     0:16 [kworker/108:1H-kblockd]
   1536 ?        I<     0:16 [kworker/102:1H-kblockd]
   1537 ?        I<     0:17 [kworker/43:1H-kblockd]
   1538 ?        I<     0:17 [kworker/190:1H-kblockd]
   1539 ?        I<     0:16 [kworker/103:1H-kblockd]
   1540 ?        I<     0:17 [kworker/118:1H-kblockd]
   1541 ?        I<     0:17 [kworker/150:1H-kblockd]
   1544 ?        S      0:00 [scsi_eh_0]
   1545 ?        I<     0:00 [scsi_tmf_0]
   1546 ?        S      0:00 [scsi_eh_1]
   1547 ?        I<     0:00 [scsi_tmf_1]
   1548 ?        S      0:00 [scsi_eh_2]
   1549 ?        I<     0:00 [scsi_tmf_2]
   1550 ?        S      0:00 [scsi_eh_3]
   1551 ?        I<     0:00 [scsi_tmf_3]
   1552 ?        I<     0:00 [bnxt_pf_wq]
   1554 ?        I<     0:17 [kworker/28:1H-xfs-log/nvme2n1p2]
   1555 ?        I<     0:16 [kworker/50:1H-xfs-log/nvme2n1p2]
   1556 ?        I<     0:17 [kworker/16:1H-kblockd]
   1557 ?        I<     0:17 [kworker/5:1H-kblockd]
   1558 ?        I<     0:16 [kworker/48:1H-kblockd]
   1559 ?        I<     0:17 [kworker/107:1H-kblockd]
   1560 ?        I<     0:16 [kworker/41:1H-kblockd]
   1561 ?        I<     0:17 [kworker/49:1H-kblockd]
   1615 ?        I<     0:00 [md]
   1619 ?        I<     0:19 [kworker/138:1H-xfs-log/nvme2n1p2]
   1622 ?        I<     0:17 [kworker/162:1H-kblockd]
   1628 ?        I<     0:00 [raid5wq]
   1635 ?        I<     0:16 [kworker/89:1H-kblockd]
   1642 ?        I<     0:16 [kworker/139:1H-kblockd]
   1656 ?        I<     0:00 [xfsalloc]
   1657 ?        I<     0:00 [xfs_mru_cache]
   1658 ?        I<     0:00 [xfs-buf/nvme2n1]
   1659 ?        I<     0:00 [xfs-conv/nvme2n]
   1660 ?        I<     0:00 [xfs-reclaim/nvm]
   1661 ?        I<     0:00 [xfs-blockgc/nvm]
   1662 ?        I<     0:00 [xfs-inodegc/nvm]
   1663 ?        I<     0:00 [xfs-log/nvme2n1]
   1664 ?        I<     0:00 [xfs-cil/nvme2n1]
   1665 ?        S      1:12 [xfsaild/nvme2n1p2]
   1678 ?        I<     0:17 [kworker/10:1H-kblockd]
   1700 ?        I<     0:15 [kworker/88:1H-xfs-log/nvme2n1p2]
   1705 ?        I<     0:16 [kworker/117:1H-kblockd]
   1718 ?        Ss     0:23 /lib/systemd/systemd-journald
   1742 ?        Ss     0:00 /lib/systemd/systemd-udevd
   1749 ?        I<     0:17 [kworker/67:1H-kblockd]
   1751 ?        I<     0:16 [kworker/140:1H-xfs-log/nvme2n1p2]
   1767 ?        I<     0:16 [kworker/4:1H-kblockd]
   1768 ?        I<     0:15 [kworker/90:1H-kblockd]
   1770 ?        I<     0:17 [kworker/119:1H-kblockd]
   1789 ?        I<     0:17 [kworker/61:1H-kblockd]
   1790 ?        I<     0:16 [kworker/60:1H-kblockd]
   1791 ?        I<     0:16 [kworker/62:1H-kblockd]
   1793 ?        I<     0:17 [kworker/141:1H-kblockd]
   1795 ?        I<     0:17 [kworker/30:1H-kblockd]
   1796 ?        I<     0:17 [kworker/31:1H-kblockd]
   1799 ?        I<     0:17 [kworker/63:1H-kblockd]
   1802 ?        I<     0:16 [kworker/153:1H-kblockd]
   1803 ?        I<     0:17 [kworker/154:1H-kblockd]
   1805 ?        I<     0:17 [kworker/17:1H-kblockd]
   1806 ?        I<     0:16 [kworker/164:1H-kblockd]
   1821 ?        I<     0:16 [kworker/158:1H-kblockd]
   1848 ?        I<     0:17 [kworker/68:1H-kblockd]
   1850 ?        I<     0:16 [kworker/109:1H-kblockd]
   1866 ?        I<     0:17 [kworker/95:1H-kblockd]
   1889 ?        I<     0:16 [kworker/128:1H-kblockd]
   1897 ?        I<     0:16 [kworker/123:1H-kblockd]
   1901 ?        I<     0:16 [kworker/14:1H-kblockd]
   1907 ?        I<     0:17 [kworker/20:1H-kblockd]
   1912 ?        I<     0:17 [kworker/69:1H-kblockd]
   1956 ?        I<     0:17 [kworker/36:1H-kblockd]
   1958 ?        I<     0:17 [kworker/79:1H-kblockd]
   1964 ?        I<     0:17 [kworker/114:1H-kblockd]
   1972 ?        I<     0:16 [kworker/40:1H-kblockd]
   1989 ?        I<     0:16 [kworker/78:1H-kblockd]
   1993 ?        I<     0:17 [kworker/166:1H-kblockd]
   1994 ?        I<     0:17 [kworker/137:1H-kblockd]
   1995 ?        I<     0:16 [kworker/76:1H-kblockd]
   1997 ?        I<     0:17 [kworker/19:1H-kblockd]
   1998 ?        I<     0:16 [kworker/144:1H-kblockd]
   1999 ?        I<     0:16 [kworker/92:1H-xfs-log/nvme2n1p2]
   2000 ?        I<     0:17 [kworker/148:1H-kblockd]
   2001 ?        I<     0:16 [kworker/44:1H-kblockd]
   2002 ?        I<     0:17 [kworker/124:1H-kblockd]
   2003 ?        I<     0:16 [kworker/8:1H-kblockd]
   2004 ?        I<     0:17 [kworker/147:1H-kblockd]
   2005 ?        I<     0:16 [kworker/35:1H-kblockd]
   2006 ?        I<     0:16 [kworker/47:1H-kblockd]
   2007 ?        I<     0:17 [kworker/110:1H-kblockd]
   2008 ?        I<     0:15 [kworker/168:1H-kblockd]
   2009 ?        I<     0:16 [kworker/6:1H-kblockd]
   2010 ?        I<     0:16 [kworker/152:1H-kblockd]
   2011 ?        I<     0:16 [kworker/155:1H-kblockd]
   2013 ?        I<     0:17 [kworker/167:1H-kblockd]
   2014 ?        I<     0:15 [kworker/126:1H-kblockd]
   2015 ?        I<     0:00 [ipmi-msghandler]
   2016 ?        I<     0:16 [kworker/37:1H-kblockd]
   2018 ?        S      0:00 [watchdogd]
   2019 ?        I<     0:16 [kworker/121:1H-kblockd]
   2020 ?        I<     0:17 [kworker/55:1H-kblockd]
   2021 ?        I<     0:17 [kworker/52:1H-xfs-log/nvme2n1p2]
   2022 ?        I<     0:17 [kworker/93:1H-kblockd]
   2023 ?        I<     0:17 [kworker/38:1H-kblockd]
   2025 ?        I<     0:16 [kworker/122:1H-kblockd]
   2026 ?        I<     0:17 [kworker/54:1H-kblockd]
   2027 ?        I<     0:17 [kworker/169:1H-kblockd]
   2028 ?        I<     0:17 [kworker/111:1H-kblockd]
   2029 ?        I<     0:17 [kworker/120:1H-kblockd]
   2030 ?        I<     0:16 [kworker/129:1H-kblockd]
   2031 ?        I<     0:17 [kworker/146:1H-kblockd]
   2032 ?        I<     0:17 [kworker/25:1H-kblockd]
   2033 ?        I<     0:16 [kworker/75:1H-kblockd]
   2034 ?        I<     0:16 [kworker/3:1H-kblockd]
   2035 ?        I<     0:16 [kworker/13:1H-kblockd]
   2036 ?        I<     0:17 [kworker/77:1H-kblockd]
   2037 ?        I<     0:16 [kworker/91:1H-kblockd]
   2038 ?        I<     0:17 [kworker/145:1H-kblockd]
   2039 ?        I<     0:17 [kworker/53:1H-kblockd]
   2040 ?        I<     0:17 [kworker/51:1H-kblockd]
   2041 ?        I<     0:16 [kworker/136:1H-kblockd]
   2042 ?        I<     0:17 [kworker/125:1H-kblockd]
   2043 ?        I<     0:16 [kworker/94:1H-kblockd]
   2045 ?        I<     0:16 [kworker/42:1H-kblockd]
   2047 ?        I<     0:17 [kworker/7:1H-kblockd]
   2049 ?        I<     0:17 [kworker/157:1H-kblockd]
   2051 ?        I<     0:17 [kworker/9:1H-kblockd]
   2053 ?        I<     0:17 [kworker/11:1H-kblockd]
   2055 ?        I<     0:17 [kworker/156:1H-kblockd]
   2056 ?        I<     0:17 [kworker/172:1H-kblockd]
   2057 ?        I<     0:17 [kworker/163:1H-kblockd]
   2063 ?        I<     0:16 [kworker/26:1H-kblockd]
   2066 ?        I<     0:17 [kworker/171:1H-kblockd]
   2068 ?        I<     0:16 [kworker/170:1H-kblockd]
   2069 ?        I<     0:16 [kworker/15:1H-kblockd]
   2079 ?        I<     0:17 [kworker/22:1H-kblockd]
   2080 ?        I<     0:17 [kworker/12:1H-kblockd]
   2081 ?        I<     0:16 [kworker/27:1H-kblockd]
   2082 ?        I<     0:16 [kworker/173:1H-kblockd]
   2089 ?        I<     0:17 [kworker/23:1H-kblockd]
   2099 ?        I<     0:17 [kworker/45:1H-kblockd]
   2100 ?        I<     0:16 [kworker/46:1H-kblockd]
   2101 ?        I<     0:17 [kworker/113:1H-kblockd]
   2134 ?        I<     0:00 [cryptd]
   2135 ?        I<     0:16 [kworker/66:1H-xfs-log/nvme2n1p2]
   2138 ?        I<     0:16 [kworker/186:1H-kblockd]
   2139 ?        I<     0:18 [kworker/112:1H-kblockd]
   2170 ?        I<     0:17 [kworker/133:1H-kblockd]
   2226 ?        I<     0:16 [kworker/64:1H-kblockd]
   2228 ?        I<     0:17 [kworker/39:1H-kblockd]
   2236 ?        I<     0:16 [kworker/174:1H-kblockd]
   2239 ?        I<     0:16 [kworker/187:1H-xfs-log/nvme2n1p2]
   2240 ?        I<     0:17 [kworker/189:1H-kblockd]
   2247 ?        I<     0:16 [kworker/132:1H-kblockd]
   2248 ?        I<     0:16 [kworker/130:1H-kblockd]
   2261 ?        I<     0:17 [kworker/65:1H-kblockd]
   2262 ?        I<     0:17 [kworker/131:1H-kblockd]
   2263 ?        I<     0:17 [kworker/21:1H-kblockd]
   2264 ?        I<     0:17 [kworker/188:1H-kblockd]
   2265 ?        I<     0:17 [kworker/165:1H-kblockd]
   2266 ?        I<     0:16 [kworker/185:1H-kblockd]
   2305 ?        SN     0:00 [kipmi0]
   2339 ?        Ss     0:01 /usr/sbin/cron -f
   2414 tty1     Ss+    0:00 /sbin/agetty -o -p -- \u --noclear - linux
   2415 tty2     Ss+    0:00 /sbin/agetty -o -p -- \u --noclear - linux
   2418 tty3     Ss+    0:00 /sbin/agetty -o -p -- \u --noclear - linux
   2419 tty4     Ss+    0:00 /sbin/agetty -o -p -- \u --noclear - linux
   2421 tty5     Ss+    0:00 /sbin/agetty -o -p -- \u --noclear - linux
   2422 tty6     Ss+    0:00 /sbin/agetty -o -p -- \u --noclear - linux
   2460 ?        Ss     0:00 sshd: /usr/sbin/sshd -D [listener] 0 of 10-100 startups
   6642 ?        I      0:01 [kworker/171:1-events]
  14486 ?        I      0:24 [kworker/168:0-events]
  16610 ?        I      0:24 [kworker/155:1-events]
  28609 ?        I      0:17 [kworker/97:0-events]
  28823 ?        I      0:24 [kworker/161:1-events]
  31178 ?        I      0:23 [kworker/29:0-events]
  38680 ?        I      0:23 [kworker/62:0-events]
  38875 ?        I      0:25 [kworker/4:1-events]
  43464 ?        I      0:23 [kworker/33:1-events]
  43586 ?        I      0:00 [kworker/188:0-events]
  51044 ?        I      0:19 [kworker/172:3-events]
  53416 ?        I      0:23 [kworker/174:3-events]
  61850 ?        Ss     0:00 sshd: root@pts/0
  61857 pts/0    Ss+    0:00 -bash
  63725 ?        I      0:25 [kworker/96:1-events]
  63727 ?        I      0:23 [kworker/184:1-events]
  98339 ?        S<     0:00 [spl_system_task]
  98340 ?        S<     0:00 [spl_delay_taskq]
  98341 ?        S<     0:00 [spl_dynamic_tas]
  98342 ?        S<     6:13 [spl_kmem_cache]
  98344 ?        S<     0:00 [zvol]
  98345 ?        S      0:07 [arc_prune]
  98346 ?        S     96:28 [arc_evict]
  98347 ?        SN     0:04 [arc_reap]
  98348 ?        S      0:02 [dbu_evict]
  98349 ?        SN   254:10 [dbuf_evict]
  98350 ?        SN     0:00 [z_vdev_file]
  98351 ?        S      0:05 [l2arc_feed]
 102345 ?        I      0:02 [kworker/181:1-events]
 105366 ?        I      0:22 [kworker/171:0-events]
 124844 ?        I      0:21 [kworker/64:2-events]
 124954 pts/1    S+     0:00 /bin/bash ./run.sh
 125070 ?        I      0:19 [kworker/90:0-events]
 129883 ?        I      0:22 [kworker/52:3-events]
 132162 ?        I      0:22 [kworker/150:3-events]
 136865 ?        I      0:22 [kworker/156:0-events]
 150991 ?        I      0:19 [kworker/39:3-events]
 153281 ?        I      0:00 [kworker/147:2-events]
 153393 ?        I      0:21 [kworker/162:2-events]
 169866 ?        I      0:20 [kworker/170:2-events]
 177093 ?        I      0:00 [kworker/8:0-events]
 181931 ?        I      0:13 [kworker/139:2-events]
 182336 ?        I      0:00 [kworker/1:2-cgroup_destroy]
 184240 ?        I      0:19 [kworker/157:0-events]
 186980 ?        I      0:17 [kworker/113:2-events]
 189229 ?        I      0:19 [kworker/181:2-events]
 189722 ?        I      0:19 [kworker/55:0-events]
 192086 ?        I      0:21 [kworker/16:0-events]
 194432 ?        I      0:14 [kworker/78:1-events]
 194448 ?        I      0:18 [kworker/164:2-events]
 194568 ?        I      0:17 [kworker/165:3-cgroup_destroy]
 199257 ?        I      0:17 [kworker/36:2-events]
 204199 ?        I      0:18 [kworker/8:1-events]
 204273 ?        I      0:10 [kworker/110:2-events]
 204485 ?        I      0:17 [kworker/107:2-events]
 205130 ?        Ss     0:00 /usr/sbin/smartd -n
 209178 ?        I      0:17 [kworker/40:1-cgroup_destroy]
 209264 ?        I      0:17 [kworker/129:3-events]
 214653 ?        I      0:17 [kworker/68:1-events]
 215777 ?        I      0:00 [kworker/45:0-events]
 217920 ?        I      0:15 [kworker/106:0-events]
 219854 ?        I      0:16 [kworker/127:2-events]
 220948 ?        I      0:12 [kworker/118:3-cgroup_destroy]
 220973 ?        I      0:17 [kworker/17:3-events]
 222272 ?        I      0:16 [kworker/72:2-events]
 223309 ?        I      0:16 [kworker/49:0-events]
 223955 ?        I      0:17 [kworker/3:0-events]
 224560 ?        I      0:16 [kworker/80:0-events]
 225377 ?        I      0:16 [kworker/47:1-events]
 227607 ?        I      0:13 [kworker/43:1-events]
 227608 ?        I      0:15 [kworker/151:2-events]
 227730 ?        I      0:00 [kworker/166:1-events]
 237421 ?        I      0:31 [kworker/0:1-events]
 247150 ?        I      0:06 [kworker/73:0-events]
 249805 ?        I      0:16 [kworker/144:0-events]
 251958 ?        I      0:16 [kworker/20:2-events]
 252109 ?        I      0:15 [kworker/104:2-events]
 259451 ?        I      0:03 [kworker/76:1-events]
 261804 ?        I      0:15 [kworker/28:1-events]
 261805 ?        I      0:15 [kworker/44:1-events]
 262086 ?        I      0:16 [kworker/23:0-events]
 267191 ?        I<     0:00 [kworker/133:2H-kblockd]
 269603 ?        I      0:15 [kworker/148:2-events]
 271886 ?        I      0:00 [kworker/77:0-events]
 272638 ?        I      0:00 [kworker/50:2-events]
 274074 ?        I      0:15 [kworker/58:1-events]
 274166 ?        I      0:15 [kworker/12:1-events]
 274673 ?        I      0:15 [kworker/15:0-mm_percpu_wq]
 279141 ?        I      0:15 [kworker/145:3-events]
 283975 ?        I      0:15 [kworker/153:3-events]
 291613 ?        I      0:00 [kworker/75:0-cgroup_destroy]
 293312 ?        I      0:00 [kworker/40:0-events]
 299098 ?        I      0:14 [kworker/178:0-events]
 299099 ?        I      0:14 [kworker/191:0-events]
 299187 ?        I      0:14 [kworker/177:3-events]
 299190 ?        I      0:14 [kworker/179:3-events]
 301057 ?        I      0:00 [kworker/164:1-events]
 302821 ?        I      0:14 [kworker/57:1-events]
 303117 ?        I      0:10 [kworker/136:2-events]
 310420 ?        I      0:14 [kworker/82:3-events]
 313776 ?        I      0:00 [kworker/116:0]
 318268 ?        I      0:14 [kworker/137:2-events]
 320459 ?        I      0:14 [kworker/74:2-events]
 325266 ?        I      0:00 [kworker/14:1-events]
 336464 ?        I      0:14 [kworker/135:1-events]
 341435 ?        I      0:14 [kworker/46:1-events]
 341552 ?        I      0:14 [kworker/13:3-events]
 343929 ?        I      0:13 [kworker/19:1-events]
 343930 ?        I      0:13 [kworker/108:1-events]
 344256 ?        I      0:00 [kworker/109:1-events]
 346962 ?        I      0:13 [kworker/124:2-events]
 356771 ?        I      0:00 [kworker/44:2-events]
 361756 ?        I      0:13 [kworker/121:1-events]
 364409 ?        I      0:13 [kworker/50:3-events]
 364985 ?        I      0:00 [kworker/168:2-events]
 366088 ?        I      0:13 [kworker/75:1-events]
 369389 ?        I      0:10 [kworker/111:0-events]
 374471 ?        I      0:13 [kworker/134:3-events]
 377017 ?        I      0:13 [kworker/142:0-events]
 391924 ?        I      0:06 [kworker/97:1-events]
 394619 ?        I      0:12 [kworker/114:1-events]
 397185 ?        I      0:13 [kworker/22:3-events]
 397701 ?        I      0:12 [kworker/11:2-events]
 402236 ?        I      0:12 [kworker/128:0-events]
 402559 ?        I      0:00 [kworker/104:1-events]
 404667 ?        I      0:12 [kworker/105:3-events]
 405374 ?        I      0:12 [kworker/37:1-events]
 407064 ?        I      0:12 [kworker/61:1-events]
 407309 ?        I      0:12 [kworker/76:0-events]
 419773 ?        I      0:00 [kworker/39:0-events]
 421068 ?        I      0:00 [kworker/64:1-events]
 422238 ?        I      0:00 [kworker/2:2-cgroup_destroy]
 422310 ?        I      0:10 [kworker/59:2-events]
 424727 ?        I      0:10 [kworker/60:0-events]
 425447 ?        I      0:00 [kworker/15:1-events]
 429786 ?        I      0:00 [kworker/134:2-cgroup_destroy]
 432248 ?        I      0:00 [kworker/81:1-events]
 432533 ?        I      0:07 [kworker/21:2-cgroup_destroy]
 442260 ?        I      0:08 [kworker/130:1-events]
 443040 ?        I      0:00 [kworker/23:2-events]
 449130 ?        I      0:00 [kworker/74:1-events]
 450000 ?        I      0:00 [kworker/58:0-events]
 452271 ?        I      0:00 [kworker/22:1-events]
 452347 ?        I      0:08 [kworker/126:3-events]
 461108 ?        I      0:00 [kworker/112:0-events]
 462336 ?        I      0:02 [kworker/125:0-events]
 466592 ?        I      0:00 [kworker/141:1-events]
 468454 ?        I      0:00 [kworker/124:1-events]
 470002 ?        I      0:05 [kworker/120:3-events]
 476288 ?        I      0:00 [kworker/149:1-cgroup_destroy]
 477465 ?        I      0:06 [kworker/139:1-events]
 477519 ?        I      0:06 [kworker/53:2-events]
 478525 ?        I      0:00 [kworker/179:0]
 485058 ?        I      0:06 [kworker/154:2-events]
 487586 ?        I      0:06 [kworker/110:1-events]
 490141 ?        I      0:06 [kworker/98:2-events]
 500078 ?        I      0:00 [kworker/61:0-events]
 500252 ?        I      0:03 [kworker/65:0-cgroup_destroy]
 507658 ?        I      0:06 [kworker/93:1-events]
 510268 ?        I      0:06 [kworker/42:1-events]
 512807 ?        I      0:00 [kworker/38:1-events]
 522056 ?        I      0:00 [kworker/122:2-events]
 524168 ?        I      0:00 [kworker/60:2-events]
 525293 ?        I      0:06 [kworker/56:2-events]
 525294 ?        I      0:05 [kworker/71:1-events]
 532839 ?        I      0:05 [kworker/92:2-events]
 535355 ?        I      0:00 [kworker/191:3-events]
 535480 ?        I      0:00 [kworker/89:1-events]
 536343 ?        I      0:00 [kworker/52:1-events]
 537848 ?        I      0:05 [kworker/185:1-events]
 545487 ?        I      0:00 [kworker/121:0-events]
 546023 ?        I      0:04 [kworker/54:0-cgroup_destroy]
 548149 ?        I      0:05 [kworker/122:1-events]
 548457 ?        I      0:05 [kworker/100:1-events]
 550569 ?        I      0:00 [kworker/127:3-events]
 553273 ?        I      0:05 [kworker/83:0-events]
 553848 ?        I      0:00 [kworker/94:1-events]
 553849 ?        I      0:00 [kworker/93:2-events]
 557439 ?        I      0:01 [kworker/66:1-events]
 563164 ?        I      0:00 [kworker/95:2-events]
 563226 ?        I      0:02 [kworker/27:2-cgwb_release]
 563957 ?        I      0:00 [kworker/29:1-events]
 565772 ?        I      0:05 [kworker/25:3-events]
 570952 ?        I      0:00 [kworker/189:2]
 574010 ?        I      0:00 [kworker/156:1-events]
 578487 ?        I      0:05 [kworker/81:0-events]
 578794 ?        I      0:04 [kworker/125:1-events]
 581890 ?        I      0:00 [kworker/174:1-events]
 583412 ?        I      0:00 [kworker/18:1-cgroup_destroy]
 583413 ?        I      0:00 [kworker/128:2-events]
 583471 ?        I      0:01 [kworker/34:3-events]
 588569 ?        I      0:04 [kworker/24:1-events]
 590995 ?        I      0:04 [kworker/167:2-events]
 595967 ?        I      0:00 [kworker/53:0-events]
 596030 ?        I      0:00 [kworker/146:3-events]
 598540 ?        I      0:04 [kworker/187:1-events]
 601056 ?        I      0:04 [kworker/31:3-events]
 603534 ?        I      0:00 [kworker/123:2-events]
 603604 ?        Ss     0:17 /home/tomas/builds/pg-5-fastpath/bin/postgres -D data
 603605 ?        Ss     0:00 postgres: checkpointer 
 603606 ?        Ss     1:58 postgres: background writer 
 603608 ?        Ss     0:00 postgres: walwriter 
 603609 ?        Ss     0:01 postgres: autovacuum launcher 
 603610 ?        Ss     0:00 postgres: logical replication launcher 
 604114 ?        I      0:00 [kworker/31:0-events]
 609547 ?        I      0:00 [kworker/96:0-events]
 611372 ?        I      0:04 [kworker/63:3-events]
 613900 ?        I      0:04 [kworker/152:2-events]
 615198 ?        I      0:00 [kworker/37:0-events]
 616292 ?        I      0:04 [kworker/172:1-events]
 616543 ?        I      0:00 [kworker/155:0]
 617312 ?        I      0:00 [kworker/57:2-events]
 618813 ?        I      0:00 [kworker/86:2-cgroup_destroy]
 618874 ?        I      0:04 [kworker/136:1-events]
 619029 ?        I      0:00 [kworker/26:1-events]
 619600 ?        I      0:00 [kworker/73:1-events]
 621426 ?        I      0:00 [kworker/150:0-events]
 625255 ?        I      0:03 [kworker/118:1-events]
 625256 ?        I      0:00 [kworker/117:0-events]
 626376 ?        I      0:00 [kworker/137:1-events]
 626596 ?        I      0:00 [kworker/102:0-events]
 626597 ?        I      0:00 [kworker/17:0-events]
 628833 ?        I      0:04 [kworker/18:0-events]
 628834 ?        I      0:04 [kworker/30:1-events]
 631532 ?        I      0:03 [kworker/123:3-events]
 634048 ?        I      0:00 [kworker/25:2-events]
 635042 ?        I      0:00 [kworker/85:0-events]
 635865 ?        I      0:03 [kworker/86:0-events]
 636636 ?        I      0:03 [kworker/78:2-events]
 637210 ?        I      0:00 [kworker/173:0-events]
 638310 ?        I      0:00 [kworker/80:3-events]
 639416 ?        I      0:00 [kworker/83:2-events]
 642838 ?        I      0:00 [kworker/152:0-cgroup_destroy]
 644013 ?        I      0:00 [kworker/170:1-events]
 644064 ?        I      0:03 [kworker/65:1-events]
 644296 ?        I      0:03 [kworker/34:1-events]
 646480 ?        I      0:00 [kworker/108:2-events]
 649159 ?        I      0:03 [kworker/131:2-events]
 649160 ?        I      0:01 [kworker/143:1-events]
 650877 ?        I      0:00 [kworker/107:0-events]
 654113 ?        I      0:00 [kworker/36:1-xfs-buf/nvme2n1p2]
 654114 ?        I      0:03 [kworker/21:0-events]
 654115 ?        I      0:00 [kworker/24:0-events]
 655159 ?        I      0:00 [kworker/130:2-events]
 655991 ?        I      0:00 [kworker/100:2-events]
 657335 ?        I      0:00 [kworker/154:0-events]
 659247 ?        I      0:01 [kworker/103:3-events]
 664191 ?        I      0:00 [kworker/72:1-events]
 666606 ?        I      0:02 [kworker/163:2-events]
 666607 ?        I      0:00 [kworker/30:2-events]
 667147 ?        I      0:00 [kworker/56:0-events]
 669261 ?        I      0:02 [kworker/111:2-events]
 679173 ?        I      0:00 [kworker/99:2-events]
 686627 ?        I      0:02 [kworker/26:2-events]
 686748 ?        I      0:02 [kworker/27:1-events]
 686749 ?        I      0:02 [kworker/43:0-events]
 688468 ?        I      0:00 [kworker/87:1-events]
 689284 ?        I      0:01 [kworker/183:0-events]
 691690 ?        I      0:00 [kworker/67:2-events]
 691691 ?        I      0:02 [kworker/175:0-events]
 692668 ?        I      0:00 [kworker/140:0-events]
 696771 ?        I      0:02 [kworker/67:3-events]
 697183 ?        I      0:02 [kworker/32:1-events]
 698484 ?        I      0:00 [kworker/92:0-events]
 700580 ?        I      0:00 [kworker/129:0-events]
 701702 ?        I      0:01 [kworker/186:1-events]
 701703 ?        I      0:00 [kworker/119:2-events]
 702409 ?        I      0:00 [kworker/153:0-events]
 704168 ?        I      0:00 [kworker/133:2-events]
 704169 ?        I      0:00 [kworker/142:1-events]
 704436 ?        I      0:01 [kworker/143:2-events]
 704741 ?        I      0:01 [kworker/103:1-events]
 705726 ?        I      0:01 [kworker/88:0-events]
 706852 ?        I      0:01 [kworker/90:3-events]
 707836 ?        I      0:01 [kworker/10:2-events]
 709408 ?        I      0:00 [kworker/10:3-events]
 709557 ?        I      0:00 [kworker/158:0-events]
 711955 ?        I      0:01 [kworker/14:2-events]
 711956 ?        I      0:00 [kworker/135:2-events]
 714396 ?        I      0:00 [kworker/105:1-events]
 714492 ?        I      0:01 [kworker/106:3-events]
 717139 ?        I      0:00 [kworker/162:1-events]
 720202 ?        I      0:00 [kworker/157:1-events]
 721898 ?        I      0:00 [kworker/101:1-events]
 722017 ?        I      0:01 [kworker/133:3-events]
 722436 ?        I      0:00 [kworker/9:1-events]
 722437 ?        I      0:00 [kworker/178:2-events]
 724562 ?        I      0:00 [kworker/182:3-events]
 725851 ?        I      0:00 [kworker/63:0-events]
 726976 ?        I      0:01 [kworker/158:3-events]
 727960 ?        I      0:00 [kworker/47:2]
 727961 ?        I      0:00 [kworker/41:0-events]
 729684 ?        I      0:00 [kworker/6:0-events]
 729685 ?        I      0:00 [kworker/68:0]
 731962 ?        I      0:00 [kworker/167:0-cgroup_destroy]
 732082 ?        I      0:02 [kworker/0:2-events]
 732503 ?        I      0:00 [kworker/161:2-events]
 733814 ?        I      0:00 [kworker/176:0-cgroup_destroy]
 734525 ?        I      0:00 [kworker/177:0-events]
 734526 ?        I      0:01 [kworker/120:0-events]
 734619 ?        I      0:01 [kworker/91:2-events]
 735572 ?        I      0:00 [kworker/55:2-events]
 737047 ?        I      0:01 [kworker/48:2-events]
 737048 ?        I      0:01 [kworker/159:1-events]
 739747 ?        I      0:01 [kworker/16:1-events]
 742143 ?        I      0:00 [kworker/163:0-events]
 743878 ?        I      0:00 [kworker/84:0-events]
 744588 ?        I      0:00 [kworker/51:2-events]
 744989 ?        I      0:00 [kworker/12:0]
 744990 ?        I      0:00 [kworker/11:1-events]
 745976 ?        I      0:00 [kworker/180:0-events]
 747101 ?        I      0:00 [kworker/140:2-events]
 747102 ?        I      0:00 [kworker/151:1-events]
 748087 ?        I      0:00 [kworker/145:1-events]
 749597 ?        I      0:00 [kworker/19:2-events]
 749598 ?        I      0:00 [kworker/71:2]
 749661 ?        I      0:00 [kworker/160:1-events]
 749768 ?        I      0:00 [kworker/160:3-events]
 750184 ?        I      0:00 [kworker/4:2-events]
 752182 ?        I      0:00 [kworker/49:3-events]
 753943 ?        I      0:00 [kworker/144:1-events]
 754653 ?        I      0:00 [kworker/79:1-events]
 754727 ?        I      0:00 [kworker/54:3-mm_percpu_wq]
 755057 ?        I      0:00 [kworker/20:0-events]
 755434 ?        I      0:00 [kworker/190:2-events]
 757178 ?        I      0:00 [kworker/69:2-events]
 757179 ?        I      0:00 [kworker/175:2-events]
 757397 ?        I      0:00 [kworker/66:0-events]
 759740 ?        I      0:00 [kworker/69:3-events]
 759849 ?        I      0:00 [kworker/70:1-events]
 759850 ?        I      0:00 [kworker/183:1-events]
 762570 ?        I      0:00 [kworker/62:2-events]
 764027 ?        I      0:00 [kworker/28:2]
 764028 ?        I      0:00 [kworker/126:0-events]
 764032 ?        I      0:00 [kworker/u384:0-writeback]
 764737 ?        I      0:00 [kworker/35:1]
 764738 ?        I      0:00 [kworker/59:1-events]
 764839 ?        I      0:00 [kworker/32:3-events]
 765142 ?        I      0:00 [kworker/33:0-events]
 765796 ?        I      0:00 [kworker/185:0-events]
 767238 ?        I      0:00 [kworker/186:3-events]
 767600 ?        I      0:00 [kworker/138:0-mm_percpu_wq]
 767970 ?        I      0:00 [kworker/159:0-events]
 769916 ?        I      0:00 [kworker/169:2-events]
 769917 ?        I      0:00 [kworker/165:0-events]
 770332 ?        I      0:00 [kworker/114:0-events]
 772238 ?        I      0:00 [kworker/7:3-events]
 772778 ?        I      0:00 [kworker/5:2]
 772779 ?        I      0:00 [kworker/98:0-events]
 774090 ?        I      0:00 [kworker/13:0-events]
 774800 ?        I      0:00 [kworker/91:1-events]
 774874 ?        I      0:00 [kworker/115:3-events]
 774944 ?        I      0:00 [kworker/u384:1-flush-259:4]
 775002 ?        I      0:00 [kworker/138:2-events]
 775205 ?        I      0:00 [kworker/112:1-cgroup_destroy]
 775206 ?        I      0:00 [kworker/112:3]
 775583 ?        I      0:00 [kworker/173:1-events]
 777310 ?        I      0:00 [kworker/40:2-events]
 777311 ?        I      0:00 [kworker/55:1-events]
 777466 ?        I      0:00 [kworker/40:3]
 778035 ?        I      0:00 [kworker/107:1-events]
 779730 ?        I      0:00 [kworker/167:1-events]
 779840 ?        I      0:00 [kworker/138:1]
 779870 pts/1    S+     0:00 /bin/bash ./run-index.sh epyc 5-fastpath 20240112-2220/5-fastpath/1000 1 15 1 2 4 8 16 32 48 64 96 128 160 224 288 0 1 10 100 1000
 779871 pts/1    R+     0:00 ps ax
1265596 ?        I<     0:00 [kworker/9:2H-kblockd]
1391341 ?        I<     0:00 [kworker/52:2H-kblockd]
1735846 ?        Ss     0:00 SCREEN
1735847 pts/2    Ss     0:00 /bin/bash
1735849 pts/2    S      0:00 su - tomas
1735850 pts/2    S      0:00 -bash
2637252 ?        I<     0:00 [kworker/0:2H-kblockd]
2642549 ?        I<     0:00 [kworker/99:2H-kblockd]
2642556 ?        I<     0:00 [kworker/100:2H-kblockd]
2770728 ?        I<     0:00 [kworker/49:2H]
2777668 ?        I<     0:00 [kworker/190:2H-kblockd]
2777688 ?        I<     0:00 [kworker/106:2H-kblockd]
2876155 ?        I<     0:00 [kworker/16:0H-kblockd]
2886975 ?        I      1:16 [kworker/99:1-events]
2904852 ?        I      1:17 [kworker/112:2-events]
2911710 ?        I<     0:00 [kworker/171:2H-kblockd]
2912801 ?        I      1:01 [kworker/148:0-events]
2925389 ?        I      1:13 [kworker/101:0-events]
2933379 ?        I<     0:00 [kworker/36:2H-kblockd]
2942962 ?        I      1:17 [kworker/2:0-mm_percpu_wq]
2949170 ?        I      1:15 [kworker/147:1-events]
2951642 ?        I<     0:00 [kworker/132:0H-kblockd]
2961543 ?        I      1:14 [kworker/169:0-events]
2968890 ?        I      1:10 [kworker/6:2-events]
2969877 ?        I      1:11 [kworker/131:0-events]
2976184 ?        I      1:14 [kworker/87:0-events]
2982941 ?        I      1:15 [kworker/117:2-events]
2986679 ?        I<     0:00 [kworker/122:2H-kblockd]
2986904 ?        I<     0:00 [kworker/53:2H-kblockd]
3037113 ?        I<     0:00 [kworker/u385:3-btrfs-worker-high]
3071657 ?        I      1:11 [kworker/141:2-events]
3170883 ?        I      1:08 [kworker/149:2-events]
3178973 ?        I      1:09 [kworker/1:0-events_power_efficient]
3227421 ?        I<     0:00 [kworker/u385:1-btrfs-worker-high]
3244817 ?        I      1:06 [kworker/7:1-events]
3246906 ?        I      1:03 [kworker/116:2-events]
3253538 ?        I      1:03 [kworker/77:2-events]
3280635 ?        I      1:00 [kworker/51:0-events]
3305634 ?        I      0:42 [kworker/42:2-events]
3405728 ?        I      0:56 [kworker/182:1-events]
3458877 ?        I      0:43 [kworker/41:1-events]
3602429 ?        I      0:48 [kworker/176:2-events]
3602431 ?        I      0:48 [kworker/173:2-events]
3602454 ?        I      0:50 [kworker/5:1-events]
3628939 ?        I      0:46 [kworker/94:2-events]
3700031 ?        I      0:40 [kworker/119:1-events]
3702889 ?        I      0:43 [kworker/38:0-events]
3708929 ?        I      0:43 [kworker/188:1-events]
3721326 ?        I      0:43 [kworker/180:1-events]
3724218 ?        I      0:24 [kworker/48:1-events]
3789679 ?        I      0:40 [kworker/89:2-events]
3789682 ?        I      0:41 [kworker/95:0-events]
3881546 ?        I      0:00 [kworker/3:2-events]
3964094 ?        I      0:00 [kworker/132:2-events]
3990485 ?        I      0:15 [kworker/88:1-events]
3990603 pts/2    S+     0:00 bash
3990604 ?        Ss     0:00 ssh-agent bash
3990635 ?        Ss     0:00 SCREEN
3990636 pts/1    Ss     0:00 /bin/bash
3990638 pts/1    S      0:00 su - tomas
3990639 pts/1    S      0:00 -bash
3990666 pts/1    S      0:00 bash
3990667 ?        Ss     0:01 ssh-agent bash
3990862 ?        I      0:34 [kworker/85:2-events]
4025273 ?        I      0:11 [kworker/184:0-events]
4029190 ?        I      0:32 [kworker/102:3-events]
4048017 ?        I      0:33 [kworker/146:1-events]
4049903 ?        I      0:16 [kworker/113:0-xfs-conv/nvme2n1p2]
4071627 ?        I      0:31 [kworker/166:0-events]
4074316 ?        I      0:17 [kworker/46:0-events]
4079007 ?        I      0:30 [kworker/84:2-events]
4082733 ?        I      0:30 [kworker/70:2-cgwb_release]
4093411 ?        I      0:08 [kworker/115:0-cgroup_destroy]
4113232 ?        I      0:31 [kworker/189:0-events]
4120412 ?        I      0:15 [kworker/82:2-events]
4123135 ?        I      0:26 [kworker/187:0-events]
4127492 ?        I      0:31 [kworker/9:4-events]
4144315 ?        I      0:28 [kworker/45:2-events]
4151941 ?        I      0:27 [kworker/132:1-events]
4173911 ?        I      0:26 [kworker/79:0-events]
4179834 ?        I      0:25 [kworker/190:1-events]
4187769 ?        I      0:24 [kworker/109:2-events]
4192606 ?        I      0:24 [kworker/35:3-events]
