2024-01-11 15:49:52.843 CET [26605] LOG:  starting PostgreSQL 17devel on x86_64-pc-linux-gnu, compiled by gcc (Gentoo 12.3.1_p20230526 p2) 12.3.1 20230526, 64-bit
2024-01-11 15:49:52.843 CET [26605] LOG:  listening on IPv4 address "127.0.0.1", port 5432
2024-01-11 15:49:52.844 CET [26605] LOG:  listening on Unix socket "/tmp/.s.PGSQL.5432"
2024-01-11 15:49:52.846 CET [26608] LOG:  database system was shut down at 2024-01-11 15:49:52 CET
2024-01-11 15:49:52.848 CET [26605] LOG:  database system is ready to accept connections
2024-01-11 15:49:53.058 CET [26606] LOG:  checkpoint starting: immediate force wait
2024-01-11 15:49:53.160 CET [26606] LOG:  checkpoint complete: wrote 962 buffers (0.0%); 0 WAL file(s) added, 0 removed, 0 recycled; write=0.101 s, sync=0.001 s, total=0.103 s; sync files=309, longest=0.001 s, average=0.001 s; distance=4603 kB, estimate=4603 kB; lsn=0/196FEC8, redo lsn=0/196FE70
2024-01-11 15:53:53.427 CET [26606] LOG:  checkpoint starting: immediate force wait
2024-01-11 15:53:53.493 CET [26606] LOG:  checkpoint complete: wrote 44 buffers (0.0%); 0 WAL file(s) added, 0 removed, 0 recycled; write=0.065 s, sync=0.001 s, total=0.066 s; sync files=12, longest=0.001 s, average=0.001 s; distance=352 kB, estimate=4178 kB; lsn=0/19C7F60, redo lsn=0/19C7F08
2024-01-11 15:53:53.629 CET [26606] LOG:  checkpoint starting: immediate force wait
2024-01-11 15:53:53.718 CET [26606] LOG:  checkpoint complete: wrote 965 buffers (0.0%); 1 WAL file(s) added, 0 removed, 0 recycled; write=0.075 s, sync=0.001 s, total=0.090 s; sync files=308, longest=0.001 s, average=0.001 s; distance=4632 kB, estimate=4632 kB; lsn=0/1E4DFC8, redo lsn=0/1E4DF70
2024-01-11 15:57:53.977 CET [26606] LOG:  checkpoint starting: immediate force wait
2024-01-11 15:57:54.036 CET [26606] LOG:  checkpoint complete: wrote 2 buffers (0.0%); 0 WAL file(s) added, 0 removed, 0 recycled; write=0.058 s, sync=0.001 s, total=0.059 s; sync files=2, longest=0.001 s, average=0.001 s; distance=145 kB, estimate=4183 kB; lsn=0/1E727A0, redo lsn=0/1E72748
2024-01-11 15:57:54.220 CET [26606] LOG:  checkpoint starting: immediate force wait
2024-01-11 15:57:54.290 CET [26606] LOG:  checkpoint complete: wrote 1008 buffers (0.0%); 0 WAL file(s) added, 0 removed, 1 recycled; write=0.068 s, sync=0.001 s, total=0.071 s; sync files=335, longest=0.001 s, average=0.001 s; distance=4765 kB, estimate=4765 kB; lsn=0/2319F70, redo lsn=0/2319F18
2024-01-11 16:01:54.567 CET [26606] LOG:  checkpoint starting: immediate force wait
2024-01-11 16:01:54.630 CET [26606] LOG:  checkpoint complete: wrote 2 buffers (0.0%); 0 WAL file(s) added, 0 removed, 0 recycled; write=0.063 s, sync=0.001 s, total=0.064 s; sync files=2, longest=0.001 s, average=0.001 s; distance=148 kB, estimate=4304 kB; lsn=0/233F0A0, redo lsn=0/233F048
2024-01-11 16:01:55.320 CET [26606] LOG:  checkpoint starting: immediate force wait
2024-01-11 16:01:55.396 CET [26606] LOG:  checkpoint complete: wrote 1518 buffers (0.0%); 0 WAL file(s) added, 0 removed, 0 recycled; write=0.074 s, sync=0.002 s, total=0.077 s; sync files=605, longest=0.001 s, average=0.001 s; distance=6056 kB, estimate=6056 kB; lsn=0/29291E0, redo lsn=0/2929188
2024-01-11 16:05:55.700 CET [26606] LOG:  checkpoint starting: immediate force wait
2024-01-11 16:05:55.758 CET [26606] LOG:  checkpoint complete: wrote 2 buffers (0.0%); 0 WAL file(s) added, 0 removed, 0 recycled; write=0.058 s, sync=0.001 s, total=0.059 s; sync files=2, longest=0.001 s, average=0.001 s; distance=162 kB, estimate=5466 kB; lsn=0/2951BF8, redo lsn=0/2951BA0
2024-01-11 16:06:03.283 CET [26606] LOG:  checkpoint starting: immediate force wait
2024-01-11 16:06:03.401 CET [26606] LOG:  checkpoint complete: wrote 4588 buffers (0.1%); 0 WAL file(s) added, 0 removed, 1 recycled; write=0.108 s, sync=0.009 s, total=0.118 s; sync files=2565, longest=0.001 s, average=0.001 s; distance=15616 kB, estimate=15616 kB; lsn=0/3891E38, redo lsn=0/3891DE0
