BINDIR = /var/lib/postgresql/builds/pg-5-fastpath/bin
DOCDIR = /var/lib/postgresql/builds/pg-5-fastpath/share/doc
HTMLDIR = /var/lib/postgresql/builds/pg-5-fastpath/share/doc
INCLUDEDIR = /var/lib/postgresql/builds/pg-5-fastpath/include
PKGINCLUDEDIR = /var/lib/postgresql/builds/pg-5-fastpath/include
INCLUDEDIR-SERVER = /var/lib/postgresql/builds/pg-5-fastpath/include/server
LIBDIR = /var/lib/postgresql/builds/pg-5-fastpath/lib
PKGLIBDIR = /var/lib/postgresql/builds/pg-5-fastpath/lib
LOCALEDIR = /var/lib/postgresql/builds/pg-5-fastpath/share/locale
MANDIR = /var/lib/postgresql/builds/pg-5-fastpath/share/man
SHAREDIR = /var/lib/postgresql/builds/pg-5-fastpath/share
SYSCONFDIR = /var/lib/postgresql/builds/pg-5-fastpath/etc
PGXS = /var/lib/postgresql/builds/pg-5-fastpath/lib/pgxs/src/makefiles/pgxs.mk
CONFIGURE =  '--enable-debug' '--enable-depend' '--prefix=/var/lib/postgresql/builds/pg-5-fastpath' 'CC=ccache gcc'
CC = ccache gcc
CPPFLAGS = -D_GNU_SOURCE
CFLAGS = -Wall -Wmissing-prototypes -Wpointer-arith -Wdeclaration-after-statement -Werror=vla -Wendif-labels -Wmissing-format-attribute -Wimplicit-fallthrough=3 -Wcast-function-type -Wshadow=compatible-local -Wformat-security -fno-strict-aliasing -fwrapv -fexcess-precision=standard -Wno-format-truncation -Wno-stringop-truncation -g -O2
CFLAGS_SL = -fPIC
LDFLAGS = -Wl,--as-needed -Wl,-rpath,'/var/lib/postgresql/builds/pg-5-fastpath/lib',--enable-new-dtags
LDFLAGS_EX = 
LDFLAGS_SL = 
LIBS = -lpgcommon -lpgport -lz -lreadline -lm 
VERSION = PostgreSQL 17devel
