                                         List of relations
 Schema |     Name     |   Type   | Owner  | Persistence | Access method |    Size    | Description 
--------+--------------+----------+--------+-------------+---------------+------------+-------------
 public | dim1         | table    | debian | permanent   | heap          | 392 kB     | 
 public | dim10        | table    | debian | permanent   | heap          | 392 kB     | 
 public | dim10_id_seq | sequence | debian | permanent   |               | 8192 bytes | 
 public | dim1_id_seq  | sequence | debian | permanent   |               | 8192 bytes | 
 public | dim2         | table    | debian | permanent   | heap          | 392 kB     | 
 public | dim2_id_seq  | sequence | debian | permanent   |               | 8192 bytes | 
 public | dim3         | table    | debian | permanent   | heap          | 392 kB     | 
 public | dim3_id_seq  | sequence | debian | permanent   |               | 8192 bytes | 
 public | dim4         | table    | debian | permanent   | heap          | 392 kB     | 
 public | dim4_id_seq  | sequence | debian | permanent   |               | 8192 bytes | 
 public | dim5         | table    | debian | permanent   | heap          | 392 kB     | 
 public | dim5_id_seq  | sequence | debian | permanent   |               | 8192 bytes | 
 public | dim6         | table    | debian | permanent   | heap          | 392 kB     | 
 public | dim6_id_seq  | sequence | debian | permanent   |               | 8192 bytes | 
 public | dim7         | table    | debian | permanent   | heap          | 392 kB     | 
 public | dim7_id_seq  | sequence | debian | permanent   |               | 8192 bytes | 
 public | dim8         | table    | debian | permanent   | heap          | 392 kB     | 
 public | dim8_id_seq  | sequence | debian | permanent   |               | 8192 bytes | 
 public | dim9         | table    | debian | permanent   | heap          | 392 kB     | 
 public | dim9_id_seq  | sequence | debian | permanent   |               | 8192 bytes | 
 public | t            | table    | debian | permanent   | heap          | 730 MB     | 
 public | t_id_seq     | sequence | debian | permanent   |               | 8192 bytes | 
(22 rows)

                                         List of relations
 Schema |    Name    | Type  | Owner  | Table | Persistence | Access method |  Size  | Description 
--------+------------+-------+--------+-------+-------------+---------------+--------+-------------
 public | dim10_pkey | index | debian | dim10 | permanent   | btree         | 240 kB | 
 public | dim1_pkey  | index | debian | dim1  | permanent   | btree         | 240 kB | 
 public | dim2_pkey  | index | debian | dim2  | permanent   | btree         | 240 kB | 
 public | dim3_pkey  | index | debian | dim3  | permanent   | btree         | 240 kB | 
 public | dim4_pkey  | index | debian | dim4  | permanent   | btree         | 240 kB | 
 public | dim5_pkey  | index | debian | dim5  | permanent   | btree         | 240 kB | 
 public | dim6_pkey  | index | debian | dim6  | permanent   | btree         | 240 kB | 
 public | dim7_pkey  | index | debian | dim7  | permanent   | btree         | 240 kB | 
 public | dim8_pkey  | index | debian | dim8  | permanent   | btree         | 240 kB | 
 public | dim9_pkey  | index | debian | dim9  | permanent   | btree         | 240 kB | 
 public | t_d10_idx  | index | debian | t     | permanent   | btree         | 70 MB  | 
 public | t_d1_idx   | index | debian | t     | permanent   | btree         | 70 MB  | 
 public | t_d2_idx   | index | debian | t     | permanent   | btree         | 70 MB  | 
 public | t_d3_idx   | index | debian | t     | permanent   | btree         | 70 MB  | 
 public | t_d4_idx   | index | debian | t     | permanent   | btree         | 70 MB  | 
 public | t_d5_idx   | index | debian | t     | permanent   | btree         | 70 MB  | 
 public | t_d6_idx   | index | debian | t     | permanent   | btree         | 70 MB  | 
 public | t_d7_idx   | index | debian | t     | permanent   | btree         | 70 MB  | 
 public | t_d8_idx   | index | debian | t     | permanent   | btree         | 70 MB  | 
 public | t_d9_idx   | index | debian | t     | permanent   | btree         | 70 MB  | 
 public | t_pkey     | index | debian | t     | permanent   | btree         | 214 MB | 
(21 rows)

