2024-01-12 15:12:43.978 CET [4082645] LOG:  starting PostgreSQL 17devel on x86_64-pc-linux-gnu, compiled by gcc (Debian 12.2.0-14) 12.2.0, 64-bit
2024-01-12 15:12:43.978 CET [4082645] LOG:  listening on IPv6 address "::1", port 5432
2024-01-12 15:12:43.978 CET [4082645] LOG:  listening on IPv4 address "127.0.0.1", port 5432
2024-01-12 15:12:43.978 CET [4082645] LOG:  listening on Unix socket "/tmp/.s.PGSQL.5432"
2024-01-12 15:12:43.980 CET [4082648] LOG:  database system was shut down at 2024-01-12 15:12:42 CET
2024-01-12 15:12:43.982 CET [4082645] LOG:  database system is ready to accept connections
2024-01-12 15:12:44.156 CET [4082646] LOG:  checkpoint starting: immediate force wait
2024-01-12 15:12:44.180 CET [4082646] LOG:  checkpoint complete: wrote 932 buffers (0.1%); 0 WAL file(s) added, 0 removed, 0 recycled; write=0.023 s, sync=0.001 s, total=0.025 s; sync files=309, longest=0.001 s, average=0.001 s; distance=4376 kB, estimate=4376 kB; lsn=0/18CDCA0, redo lsn=0/18CDC48
2024-01-12 15:17:44.279 CET [4082646] LOG:  checkpoint starting: time
2024-01-12 15:17:52.404 CET [4082646] LOG:  checkpoint complete: wrote 82 buffers (0.0%); 0 WAL file(s) added, 0 removed, 0 recycled; write=8.124 s, sync=0.001 s, total=8.126 s; sync files=15, longest=0.001 s, average=0.001 s; distance=345 kB, estimate=3973 kB; lsn=0/1924478, redo lsn=0/19243E8
2024-01-12 15:20:14.727 CET [4082646] LOG:  checkpoint starting: immediate force wait
2024-01-12 15:20:14.762 CET [4082646] LOG:  checkpoint complete: wrote 938 buffers (0.1%); 1 WAL file(s) added, 0 removed, 0 recycled; write=0.020 s, sync=0.001 s, total=0.035 s; sync files=309, longest=0.001 s, average=0.001 s; distance=4401 kB, estimate=4401 kB; lsn=0/1D70B40, redo lsn=0/1D70AE8
2024-01-12 15:25:14.862 CET [4082646] LOG:  checkpoint starting: time
2024-01-12 15:25:18.883 CET [4082646] LOG:  checkpoint complete: wrote 40 buffers (0.0%); 0 WAL file(s) added, 0 removed, 0 recycled; write=4.019 s, sync=0.001 s, total=4.021 s; sync files=5, longest=0.001 s, average=0.001 s; distance=142 kB, estimate=3975 kB; lsn=0/1D94648, redo lsn=0/1D945F0
2024-01-12 15:27:45.378 CET [4082646] LOG:  checkpoint starting: immediate force wait
2024-01-12 15:27:45.397 CET [4082646] LOG:  checkpoint complete: wrote 981 buffers (0.1%); 0 WAL file(s) added, 0 removed, 1 recycled; write=0.018 s, sync=0.001 s, total=0.020 s; sync files=336, longest=0.001 s, average=0.001 s; distance=4532 kB, estimate=4532 kB; lsn=0/2201778, redo lsn=0/2201720
2024-01-12 15:32:45.498 CET [4082646] LOG:  checkpoint starting: time
2024-01-12 15:32:49.517 CET [4082646] LOG:  checkpoint complete: wrote 40 buffers (0.0%); 0 WAL file(s) added, 0 removed, 0 recycled; write=4.018 s, sync=0.001 s, total=4.020 s; sync files=5, longest=0.001 s, average=0.001 s; distance=149 kB, estimate=4094 kB; lsn=0/2226D18, redo lsn=0/2226CC0
2024-01-12 15:35:16.700 CET [4082646] LOG:  checkpoint starting: immediate force wait
2024-01-12 15:35:16.729 CET [4082646] LOG:  checkpoint complete: wrote 1492 buffers (0.1%); 0 WAL file(s) added, 0 removed, 0 recycled; write=0.027 s, sync=0.002 s, total=0.030 s; sync files=606, longest=0.001 s, average=0.001 s; distance=5825 kB, estimate=5825 kB; lsn=0/27D73F8, redo lsn=0/27D73A0
2024-01-12 15:40:16.830 CET [4082646] LOG:  checkpoint starting: time
2024-01-12 15:40:21.052 CET [4082646] LOG:  checkpoint complete: wrote 42 buffers (0.0%); 0 WAL file(s) added, 0 removed, 0 recycled; write=4.220 s, sync=0.001 s, total=4.222 s; sync files=5, longest=0.001 s, average=0.001 s; distance=151 kB, estimate=5258 kB; lsn=0/27FD3B0, redo lsn=0/27FD358
2024-01-12 15:42:57.586 CET [4082646] LOG:  checkpoint starting: immediate force wait
2024-01-12 15:42:57.641 CET [4082646] LOG:  checkpoint complete: wrote 4561 buffers (0.4%); 0 WAL file(s) added, 0 removed, 1 recycled; write=0.044 s, sync=0.009 s, total=0.055 s; sync files=2566, longest=0.003 s, average=0.001 s; distance=15447 kB, estimate=15447 kB; lsn=0/3713238, redo lsn=0/37131E0
2024-01-12 15:47:57.741 CET [4082646] LOG:  checkpoint starting: time
2024-01-12 15:48:02.566 CET [4082646] LOG:  checkpoint complete: wrote 48 buffers (0.0%); 0 WAL file(s) added, 0 removed, 0 recycled; write=4.821 s, sync=0.001 s, total=4.825 s; sync files=5, longest=0.001 s, average=0.001 s; distance=170 kB, estimate=13919 kB; lsn=0/373DAA8, redo lsn=0/373DA50
