                                        List of relations
 Schema |   Name   |   Type   |  Owner   | Persistence | Access method |    Size    | Description 
--------+----------+----------+----------+-------------+---------------+------------+-------------
 public | t        | table    | postgres | permanent   | heap          | 13 GB      | 
 public | t_id_seq | sequence | postgres | permanent   |               | 8192 bytes | 
(2 rows)

                                         List of relations
 Schema |   Name    | Type  |  Owner   | Table | Persistence | Access method |  Size  | Description 
--------+-----------+-------+----------+-------+-------------+---------------+--------+-------------
 public | t_c10_idx | index | postgres | t     | permanent   | btree         | 643 MB | 
 public | t_c11_idx | index | postgres | t     | permanent   | btree         | 643 MB | 
 public | t_c2_idx  | index | postgres | t     | permanent   | btree         | 643 MB | 
 public | t_c3_idx  | index | postgres | t     | permanent   | btree         | 643 MB | 
 public | t_c4_idx  | index | postgres | t     | permanent   | btree         | 643 MB | 
 public | t_c5_idx  | index | postgres | t     | permanent   | btree         | 643 MB | 
 public | t_c6_idx  | index | postgres | t     | permanent   | btree         | 643 MB | 
 public | t_c7_idx  | index | postgres | t     | permanent   | btree         | 643 MB | 
 public | t_c8_idx  | index | postgres | t     | permanent   | btree         | 643 MB | 
 public | t_c9_idx  | index | postgres | t     | permanent   | btree         | 643 MB | 
 public | t_pkey    | index | postgres | t     | permanent   | btree         | 643 MB | 
(11 rows)

