  PID TTY      STAT   TIME COMMAND
    1 ?        Ss     0:09 init [3]
    2 ?        S      0:00 [kthreadd]
    3 ?        S      0:00 [pool_workqueue_release]
    4 ?        I<     0:00 [kworker/R-rcu_g]
    5 ?        I<     0:00 [kworker/R-rcu_p]
    6 ?        I<     0:00 [kworker/R-slub_]
    7 ?        I<     0:00 [kworker/R-netns]
    9 ?        I<     0:00 [kworker/0:0H-kblockd]
   12 ?        I<     0:00 [kworker/R-mm_pe]
   13 ?        I      0:00 [rcu_tasks_kthread]
   14 ?        S      0:39 [ksoftirqd/0]
   15 ?        I      5:15 [rcu_preempt]
   16 ?        S      0:00 [migration/0]
   17 ?        S      0:00 [cpuhp/0]
   18 ?        S      0:00 [cpuhp/1]
   19 ?        S      0:00 [migration/1]
   20 ?        S      0:36 [ksoftirqd/1]
   22 ?        I<     0:00 [kworker/1:0H-kblockd]
   23 ?        S      0:00 [cpuhp/2]
   24 ?        S      0:00 [migration/2]
   25 ?        S      0:34 [ksoftirqd/2]
   27 ?        I<     0:00 [kworker/2:0H-kblockd]
   28 ?        S      0:00 [cpuhp/3]
   29 ?        S      0:00 [migration/3]
   30 ?        S      0:32 [ksoftirqd/3]
   32 ?        I<     0:00 [kworker/3:0H-kblockd]
   33 ?        S      0:00 [cpuhp/4]
   34 ?        S      0:00 [migration/4]
   35 ?        S      0:31 [ksoftirqd/4]
   37 ?        I<     0:00 [kworker/4:0H-kblockd]
   38 ?        S      0:00 [cpuhp/5]
   39 ?        S      0:00 [migration/5]
   40 ?        S      0:31 [ksoftirqd/5]
   42 ?        I<     0:00 [kworker/5:0H-kblockd]
   43 ?        S      0:00 [cpuhp/6]
   44 ?        S      0:00 [migration/6]
   45 ?        S      0:31 [ksoftirqd/6]
   47 ?        I<     0:00 [kworker/6:0H-kblockd]
   48 ?        S      0:00 [cpuhp/7]
   49 ?        S      0:00 [migration/7]
   50 ?        S      0:31 [ksoftirqd/7]
   52 ?        I<     0:00 [kworker/7:0H-kblockd]
   53 ?        S      0:00 [cpuhp/8]
   54 ?        S      0:00 [migration/8]
   55 ?        S      0:32 [ksoftirqd/8]
   57 ?        I<     0:00 [kworker/8:0H-events_highpri]
   58 ?        S      0:00 [cpuhp/9]
   59 ?        S      0:00 [migration/9]
   60 ?        S      0:32 [ksoftirqd/9]
   62 ?        I<     0:00 [kworker/9:0H-events_highpri]
   63 ?        S      0:00 [cpuhp/10]
   64 ?        S      0:00 [migration/10]
   65 ?        S      0:32 [ksoftirqd/10]
   67 ?        I<     0:00 [kworker/10:0H-events_highpri]
   68 ?        S      0:00 [cpuhp/11]
   69 ?        S      0:00 [migration/11]
   70 ?        S      0:33 [ksoftirqd/11]
   72 ?        I<     0:00 [kworker/11:0H-events_highpri]
   73 ?        S      0:00 [cpuhp/12]
   74 ?        S      0:00 [migration/12]
   75 ?        S      0:33 [ksoftirqd/12]
   77 ?        I<     0:00 [kworker/12:0H-events_highpri]
   78 ?        S      0:00 [cpuhp/13]
   79 ?        S      0:00 [migration/13]
   80 ?        S      0:33 [ksoftirqd/13]
   82 ?        I<     0:00 [kworker/13:0H-events_highpri]
   83 ?        S      0:00 [cpuhp/14]
   84 ?        S      0:00 [migration/14]
   85 ?        S      0:33 [ksoftirqd/14]
   87 ?        I<     0:00 [kworker/14:0H-events_highpri]
   88 ?        S      0:00 [cpuhp/15]
   89 ?        S      0:00 [migration/15]
   90 ?        S      0:33 [ksoftirqd/15]
   92 ?        I<     0:00 [kworker/15:0H-events_highpri]
   93 ?        S      0:00 [cpuhp/16]
   94 ?        S      0:00 [migration/16]
   95 ?        S      0:29 [ksoftirqd/16]
   97 ?        I<     0:00 [kworker/16:0H-kblockd]
   98 ?        S      0:00 [cpuhp/17]
   99 ?        S      0:00 [migration/17]
  100 ?        S      0:31 [ksoftirqd/17]
  102 ?        I<     0:00 [kworker/17:0H-events_highpri]
  103 ?        S      0:00 [cpuhp/18]
  104 ?        S      0:00 [migration/18]
  105 ?        S      0:32 [ksoftirqd/18]
  107 ?        I<     0:00 [kworker/18:0H-events_highpri]
  108 ?        S      0:00 [cpuhp/19]
  109 ?        S      0:00 [migration/19]
  110 ?        S      0:33 [ksoftirqd/19]
  112 ?        I<     0:00 [kworker/19:0H-events_highpri]
  113 ?        S      0:00 [cpuhp/20]
  114 ?        S      0:00 [migration/20]
  115 ?        S      0:33 [ksoftirqd/20]
  117 ?        I<     0:00 [kworker/20:0H-events_highpri]
  118 ?        S      0:00 [cpuhp/21]
  119 ?        S      0:00 [migration/21]
  120 ?        S      0:33 [ksoftirqd/21]
  122 ?        I<     0:00 [kworker/21:0H-events_highpri]
  123 ?        S      0:00 [cpuhp/22]
  124 ?        S      0:00 [migration/22]
  125 ?        S      0:33 [ksoftirqd/22]
  127 ?        I<     0:00 [kworker/22:0H-events_highpri]
  128 ?        S      0:00 [cpuhp/23]
  129 ?        S      0:00 [migration/23]
  130 ?        S      0:33 [ksoftirqd/23]
  132 ?        I<     0:00 [kworker/23:0H-events_highpri]
  133 ?        S      0:00 [cpuhp/24]
  134 ?        S      0:00 [migration/24]
  135 ?        S      0:34 [ksoftirqd/24]
  137 ?        I<     0:00 [kworker/24:0H-events_highpri]
  138 ?        S      0:00 [cpuhp/25]
  139 ?        S      0:00 [migration/25]
  140 ?        S      0:34 [ksoftirqd/25]
  142 ?        I<     0:00 [kworker/25:0H-events_highpri]
  143 ?        S      0:00 [cpuhp/26]
  144 ?        S      0:00 [migration/26]
  145 ?        S      0:33 [ksoftirqd/26]
  147 ?        I<     0:00 [kworker/26:0H-kblockd]
  148 ?        S      0:00 [cpuhp/27]
  149 ?        S      0:00 [migration/27]
  150 ?        S      0:34 [ksoftirqd/27]
  152 ?        I<     0:00 [kworker/27:0H-events_highpri]
  153 ?        S      0:00 [cpuhp/28]
  154 ?        S      0:00 [migration/28]
  155 ?        S      0:33 [ksoftirqd/28]
  157 ?        I<     0:00 [kworker/28:0H-events_highpri]
  158 ?        S      0:00 [cpuhp/29]
  159 ?        S      0:00 [migration/29]
  160 ?        S      0:34 [ksoftirqd/29]
  162 ?        I<     0:00 [kworker/29:0H-events_highpri]
  163 ?        S      0:00 [cpuhp/30]
  164 ?        S      0:00 [migration/30]
  165 ?        S      0:33 [ksoftirqd/30]
  167 ?        I<     0:00 [kworker/30:0H-events_highpri]
  168 ?        S      0:00 [cpuhp/31]
  169 ?        S      0:00 [migration/31]
  170 ?        S      0:33 [ksoftirqd/31]
  172 ?        I<     0:00 [kworker/31:0H-events_highpri]
  175 ?        S      0:00 [kdevtmpfs]
  176 ?        I<     0:00 [kworker/R-inet_]
  177 ?        S      0:00 [kauditd]
  179 ?        S      0:00 [oom_reaper]
  181 ?        I<     0:00 [kworker/R-write]
  182 ?        S      1:38 [kcompactd0]
  183 ?        S      1:42 [kcompactd1]
  184 ?        I<     0:00 [kworker/R-pencr]
  185 ?        I<     0:00 [kworker/R-pdecr]
  186 ?        I<     0:00 [kworker/R-crypt]
  187 ?        I<     0:00 [kworker/R-kinte]
  188 ?        I<     0:00 [kworker/R-kbloc]
  189 ?        I<     0:00 [kworker/R-blkcg]
  191 ?        I<     0:00 [kworker/R-ata_s]
  192 ?        I<     0:00 [kworker/R-md]
  193 ?        I<     0:00 [kworker/R-md_bi]
  194 ?        I<     0:00 [kworker/R-edac-]
  195 ?        S      0:00 [watchdogd]
  198 ?        I<     0:00 [kworker/17:1H-kblockd]
  199 ?        I<     0:00 [kworker/R-rpcio]
  200 ?        I<     0:00 [kworker/R-xprti]
  372 ?        S      1:50 [kswapd0]
  373 ?        S      2:22 [kswapd1]
  375 ?        I<     0:00 [kworker/R-nfsio]
  377 ?        I<     0:00 [kworker/R-xfsal]
  380 ?        I<     0:00 [kworker/R-xfs_m]
  510 ?        I<     0:00 [kworker/R-acpi_]
  573 ?        I<     0:00 [kworker/R-nvme-]
  575 ?        I<     0:00 [kworker/R-nvme-]
  577 ?        I<     0:00 [kworker/R-nvme-]
  587 ?        I<     0:00 [kworker/R-nvme_]
  615 ?        S      0:00 [scsi_eh_0]
  616 ?        I<     0:00 [kworker/R-scsi_]
  620 ?        S      0:00 [scsi_eh_1]
  621 ?        I<     0:00 [kworker/R-scsi_]
  625 ?        S      0:00 [scsi_eh_2]
  626 ?        I<     0:00 [kworker/R-scsi_]
  630 ?        S      0:00 [scsi_eh_3]
  631 ?        I<     0:00 [kworker/R-scsi_]
  656 ?        S      0:00 [scsi_eh_4]
  657 ?        I<     0:00 [kworker/R-scsi_]
  661 ?        S      0:00 [scsi_eh_5]
  662 ?        I<     0:00 [kworker/R-scsi_]
  666 ?        S      0:00 [scsi_eh_6]
  667 ?        I<     0:00 [kworker/R-scsi_]
  671 ?        S      0:00 [scsi_eh_7]
  672 ?        I<     0:00 [kworker/R-scsi_]
  676 ?        S      0:00 [scsi_eh_8]
  677 ?        I<     0:00 [kworker/R-scsi_]
  681 ?        S      0:00 [scsi_eh_9]
  682 ?        I<     0:00 [kworker/R-scsi_]
  779 ?        I<     0:00 [kworker/R-raid5]
  781 ?        I<     0:00 [kworker/R-bch_b]
  782 ?        I<     0:00 [kworker/R-bcach]
  783 ?        I<     0:00 [kworker/R-bch_j]
  786 ?        I<     0:00 [kworker/R-dm_bu]
  787 ?        I<     0:00 [kworker/R-kmpat]
  788 ?        I<     0:00 [kworker/R-kmpat]
  821 ?        I<     0:00 [kworker/31:1H-kblockd]
  831 ?        I<     0:00 [kworker/R-mld]
  832 ?        I<     0:00 [kworker/R-ipv6_]
  833 ?        I<     0:00 [kworker/15:1H-kblockd]
 1106 ?        I      0:00 [kworker/19:2-mm_percpu_wq]
 1110 ?        I      0:00 [kworker/29:0-events]
 1221 ?        I      0:00 [kworker/26:0-mm_percpu_wq]
 1395 ?        I<     0:00 [kworker/u67:0]
 1396 ?        I<     0:00 [kworker/u68:0]
 1397 ?        I<     0:00 [kworker/u69:0]
 1407 ?        I<     0:00 [kworker/2:1H-kblockd]
 1420 ?        I<     0:00 [kworker/5:1H-kblockd]
 1437 ?        S      0:10 [jbd2/sda2-8]
 1438 ?        I<     0:00 [kworker/R-ext4-]
 1441 ?        I<     0:00 [kworker/6:1H-kblockd]
 1446 ?        I<     0:00 [kworker/7:1H-kblockd]
 1453 ?        I<     0:00 [kworker/16:1H-kblockd]
 1457 ?        I<     0:00 [kworker/4:1H-kblockd]
 1468 ?        I<     0:00 [kworker/3:1H-kblockd]
 1554 ?        I<     0:00 [kworker/0:1H-kblockd]
 1579 ?        I<     0:00 [kworker/1:1H-kblockd]
 1787 ?        I<     0:00 [kworker/8:1H-kblockd]
 1842 ?        I<     0:00 [kworker/18:1H-kblockd]
 1857 ?        I      0:03 [kworker/29:2-mm_percpu_wq]
 1938 ?        I      0:00 [kworker/15:2-mm_percpu_wq]
 2012 ?        Ss     0:00 /lib/systemd/systemd-udevd
 2032 ?        I<     0:00 [kworker/12:1H-kblockd]
 2047 ?        I<     0:00 [kworker/30:1H-kblockd]
 2057 ?        I<     0:00 [kworker/10:1H-kblockd]
 2058 ?        I<     0:00 [kworker/13:1H-kblockd]
 2121 ?        I<     0:04 [kworker/19:1H-kblockd]
 2122 ?        I<     0:00 [kworker/21:1H-kblockd]
 2123 ?        I<     0:00 [kworker/20:1H-kblockd]
 2124 ?        I<     0:00 [kworker/22:1H-kblockd]
 2127 ?        I<     0:00 [kworker/23:1H-kblockd]
 2129 ?        I<     0:00 [kworker/11:1H-kblockd]
 2144 ?        I<     0:00 [kworker/9:1H-kblockd]
 2145 ?        I<     0:00 [kworker/R-ipmi-]
 2154 ?        I<     0:00 [kworker/24:1H-kblockd]
 2155 ?        I<     0:00 [kworker/28:1H-kblockd]
 2156 ?        I<     0:00 [kworker/25:1H-kblockd]
 2157 ?        I<     0:00 [kworker/27:1H-kblockd]
 2159 ?        I      0:00 [kworker/7:1-mm_percpu_wq]
 2163 ?        I<     0:00 [kworker/14:1H-kblockd]
 2166 ?        I<     0:00 [kworker/26:1H-kblockd]
 2176 ?        I<     0:00 [kworker/29:1H-kblockd]
 2235 ?        SN     0:00 [kipmi0]
 2814 ?        Ss     0:00 /usr/sbin/rngd --pid-file /run/rngd.pid --background
 2945 ?        S      0:00 supervising syslog-ng
 2946 ?        Ssl    0:32 /usr/sbin/syslog-ng --cfgfile /etc/syslog-ng/syslog-ng.conf --control /run/syslog-ng.ctl --persist-file /var/lib/syslog-ng/syslog-ng.persist --pidfile /run/syslog-ng.pid
 2977 ?        Ss     0:09 /usr/sbin/crond
 3040 ?        S      0:02 dhcpcd: [manager] [ip4] [ip6]
 3138 ?        Ss     0:00 sshd: /usr/sbin/sshd -o PidFile=/run/sshd.pid -f /etc/ssh/sshd_config [listener] 0 of 10-100 startups
 3175 ?        I<     0:00 [kworker/R-wg-cr]
 3267 tty1     Ss+    0:00 /sbin/agetty --noclear 38400 tty1 linux
 3268 tty2     Ss+    0:00 /sbin/agetty 38400 tty2 linux
 3269 tty3     Ss+    0:00 /sbin/agetty 38400 tty3 linux
 3270 tty4     Ss+    0:00 /sbin/agetty 38400 tty4 linux
 3271 tty5     Ss+    0:00 /sbin/agetty 38400 tty5 linux
 3272 tty6     Ss+    0:00 /sbin/agetty 38400 tty6 linux
 3710 ?        I      0:00 [kworker/14:0-wg-crypt-wg0]
 3928 ?        I      0:00 [kworker/17:1-events]
 4242 ?        I      0:00 [kworker/19:1-mm_percpu_wq]
 5137 ?        I      0:00 [kworker/u64:2]
 5273 ?        I      0:00 [kworker/1:0-mm_percpu_wq]
 5785 ?        I      0:00 [kworker/6:2-mm_percpu_wq]
 5940 ?        I      0:00 [kworker/22:1-mm_percpu_wq]
 6320 ?        S      0:59 [jbd2/nvme0n1p1-8]
 6321 ?        I<     0:00 [kworker/R-ext4-]
 6507 ?        I      0:00 [kworker/10:2-mm_percpu_wq]
 6519 ?        I      0:00 [kworker/12:2-mm_percpu_wq]
 6630 ?        I      0:00 [kworker/26:1-mm_percpu_wq]
 6634 ?        I      0:00 [kworker/10:0-mm_percpu_wq]
 6811 ?        I      0:00 [kworker/27:1-wg-crypt-wg0]
 7465 ?        I      0:00 [kworker/15:0-events]
 7754 ?        I      0:00 [kworker/4:0-events]
 8166 ?        I      0:15 [kworker/u66:0-flush-8:0]
 8348 ?        I      0:16 [kworker/u65:1-flush-8:0]
 8894 ?        I      0:00 [kworker/13:1-events]
 8999 ?        I      0:00 [kworker/6:1-wg-kex-wg0]
 9731 ?        I      0:01 [kworker/3:0-mm_percpu_wq]
 9870 ?        I      0:00 [kworker/2:2-mm_percpu_wq]
10266 ?        I      0:58 [kworker/u64:0-ext4-rsv-conversion]
10413 ?        I      0:00 [kworker/24:2-mm_percpu_wq]
10887 ?        I      0:00 [kworker/25:1-events]
10936 ?        I      0:00 [kworker/17:2-events_power_efficient]
11244 ?        I      0:00 [kworker/1:1-wg-crypt-wg0]
11463 ?        I      0:00 [kworker/11:0-mm_percpu_wq]
11692 ?        I      0:48 [kworker/u65:3-writeback]
12320 pts/1    S      0:00 bash
12321 ?        Ss     0:00 ssh-agent bash
12357 ?        I      0:00 [kworker/0:0-events_freezable]
12482 ?        I      0:00 [kworker/25:0-mm_percpu_wq]
12650 ?        I      0:00 [kworker/21:2-mm_percpu_wq]
12906 ?        I      0:00 [kworker/16:0-mm_percpu_wq]
12908 ?        I      0:00 [kworker/9:0-mm_percpu_wq]
13764 ?        I      0:00 [kworker/26:2-mm_percpu_wq]
13821 pts/1    S+     0:00 /bin/bash ./run-index.sh xeon 0-master 20240112-1203/0-master/1000 1 15 1 2 4 8 16 32 64 96 0 1 10 100 1000
13822 pts/1    R+     0:00 ps ax
13956 ?        I      0:16 [kworker/u66:3-events_unbound]
14076 ?        I      0:00 [kworker/14:1-events]
14406 ?        I      0:00 [kworker/22:0-wg-crypt-wg0]
15712 ?        I      0:00 [kworker/23:0-mm_percpu_wq]
16504 ?        I      0:00 [kworker/30:1-mm_percpu_wq]
17063 ?        I      0:03 [kworker/5:0-events_power_efficient]
17097 ?        I      0:00 [kworker/2:0-mm_percpu_wq]
17154 ?        I      0:00 [kworker/31:2-mm_percpu_wq]
17189 ?        I      0:00 [kworker/4:2-mm_percpu_wq]
17195 ?        I      0:00 [kworker/7:2-wg-crypt-wg0]
17226 ?        I      0:00 [kworker/30:2-mm_percpu_wq]
17538 ?        I      0:00 [kworker/18:1-mm_percpu_wq]
17723 ?        I      0:00 [kworker/5:2]
17891 ?        I      0:00 [kworker/16:2-mm_percpu_wq]
17968 ?        I      0:00 [kworker/20:1-mm_percpu_wq]
18436 ?        S      0:00 [jbd2/sdb1-8]
18437 ?        I<     0:00 [kworker/R-ext4-]
19936 ?        I      0:05 [kworker/u65:0-events_unbound]
19975 pts/1    S+     0:00 /bin/bash ./run.sh
19997 ?        Ss     0:09 /var/lib/postgresql/builds/pg-0-master/bin/postgres -D data
19998 ?        Ss     4:35 postgres: checkpointer 
19999 ?        Ss     0:30 postgres: background writer 
20001 ?        Ss     2:33 postgres: walwriter 
20002 ?        Ss     0:00 postgres: autovacuum launcher 
20003 ?        Ss     0:00 postgres: logical replication launcher 
20094 ?        I      0:01 [kworker/3:2-events]
21088 ?        I      0:00 [kworker/24:0-events]
21602 ?        Ss     0:00 SCREEN
21603 pts/1    Ss     0:00 -/bin/bash
21605 pts/1    S      0:00 su - postgres
21608 pts/1    S      0:00 -sh
22470 ?        I      0:00 [kworker/13:0-mm_percpu_wq]
23597 ?        I      0:00 [kworker/8:1-events]
23605 ?        I      0:00 [kworker/21:1-mm_percpu_wq]
23653 ?        I      0:00 [kworker/8:0-mm_percpu_wq]
25300 ?        I      0:00 [kworker/27:0-mm_percpu_wq]
25982 ?        I      0:00 [kworker/0:2-mm_percpu_wq]
26357 ?        I      0:00 [kworker/23:1-mm_percpu_wq]
27311 ?        I      0:00 [kworker/18:0-wg-crypt-wg0]
28356 ?        I      0:00 [kworker/28:2-mm_percpu_wq]
28992 ?        I      0:00 [kworker/20:0-wg-crypt-wg0]
29332 ?        I      1:25 [kworker/u66:2-writeback]
30048 ?        I      0:00 [kworker/9:1-mm_percpu_wq]
30450 ?        I      0:00 [kworker/12:0-mm_percpu_wq]
32452 ?        I      0:00 [kworker/28:1-wg-crypt-wg0]
32535 ?        I      0:00 [kworker/11:1]
32624 ?        I      0:00 [kworker/31:1-events]
