2024-01-12 12:03:19.318 CET [19997] LOG:  starting PostgreSQL 17devel on x86_64-pc-linux-gnu, compiled by gcc (Gentoo 12.3.1_p20230526 p2) 12.3.1 20230526, 64-bit
2024-01-12 12:03:19.318 CET [19997] LOG:  listening on IPv4 address "127.0.0.1", port 5432
2024-01-12 12:03:19.319 CET [19997] LOG:  listening on Unix socket "/tmp/.s.PGSQL.5432"
2024-01-12 12:03:19.321 CET [20000] LOG:  database system was shut down at 2024-01-12 12:03:18 CET
2024-01-12 12:03:19.322 CET [19997] LOG:  database system is ready to accept connections
2024-01-12 12:03:19.484 CET [19998] LOG:  checkpoint starting: immediate force wait
2024-01-12 12:03:19.520 CET [19998] LOG:  checkpoint complete: wrote 962 buffers (0.1%); 0 WAL file(s) added, 0 removed, 0 recycled; write=0.034 s, sync=0.001 s, total=0.036 s; sync files=309, longest=0.001 s, average=0.001 s; distance=4603 kB, estimate=4603 kB; lsn=0/196FEC8, redo lsn=0/196FE70
2024-01-12 12:08:19.619 CET [19998] LOG:  checkpoint starting: time
2024-01-12 12:08:19.911 CET [19998] LOG:  checkpoint complete: wrote 82 buffers (0.0%); 1 WAL file(s) added, 0 removed, 0 recycled; write=0.257 s, sync=0.020 s, total=0.292 s; sync files=318, longest=0.001 s, average=0.001 s; distance=351 kB, estimate=4178 kB; lsn=0/1E4DA18, redo lsn=0/19C7B50
2024-01-12 12:08:19.911 CET [19998] LOG:  checkpoint starting: immediate force wait
2024-01-12 12:08:19.939 CET [19998] LOG:  checkpoint complete: wrote 968 buffers (0.1%); 0 WAL file(s) added, 0 removed, 0 recycled; write=0.026 s, sync=0.002 s, total=0.028 s; sync files=260, longest=0.001 s, average=0.001 s; distance=4631 kB, estimate=4631 kB; lsn=0/1E4DAE8, redo lsn=0/1E4DA90
2024-01-12 12:13:20.039 CET [19998] LOG:  checkpoint starting: time
2024-01-12 12:13:20.362 CET [19998] LOG:  checkpoint complete: wrote 40 buffers (0.0%); 0 WAL file(s) added, 0 removed, 0 recycled; write=0.300 s, sync=0.022 s, total=0.324 s; sync files=335, longest=0.001 s, average=0.001 s; distance=145 kB, estimate=4183 kB; lsn=0/2319738, redo lsn=0/1E71FE8
2024-01-12 12:13:20.362 CET [19998] LOG:  checkpoint starting: immediate force wait
2024-01-12 12:13:20.396 CET [19998] LOG:  checkpoint complete: wrote 1011 buffers (0.1%); 0 WAL file(s) added, 0 removed, 1 recycled; write=0.027 s, sync=0.008 s, total=0.035 s; sync files=287, longest=0.007 s, average=0.001 s; distance=4765 kB, estimate=4765 kB; lsn=0/2319808, redo lsn=0/23197B0
2024-01-12 12:18:20.497 CET [19998] LOG:  checkpoint starting: time
2024-01-12 12:18:21.339 CET [19998] LOG:  checkpoint complete: wrote 40 buffers (0.0%); 0 WAL file(s) added, 0 removed, 0 recycled; write=0.798 s, sync=0.044 s, total=0.843 s; sync files=605, longest=0.001 s, average=0.001 s; distance=147 kB, estimate=4304 kB; lsn=0/29287F8, redo lsn=0/233E628
2024-01-12 12:18:21.340 CET [19998] LOG:  checkpoint starting: immediate force wait
2024-01-12 12:18:21.371 CET [19998] LOG:  checkpoint complete: wrote 1522 buffers (0.1%); 0 WAL file(s) added, 0 removed, 0 recycled; write=0.030 s, sync=0.001 s, total=0.032 s; sync files=557, longest=0.001 s, average=0.000 s; distance=6056 kB, estimate=6056 kB; lsn=0/29288C8, redo lsn=0/2928870
2024-01-12 12:23:21.471 CET [19998] LOG:  checkpoint starting: time
2024-01-12 12:23:25.732 CET [19998] LOG:  checkpoint complete: wrote 42 buffers (0.0%); 0 WAL file(s) added, 0 removed, 0 recycled; write=4.231 s, sync=0.029 s, total=4.262 s; sync files=946, longest=0.001 s, average=0.001 s; distance=153 kB, estimate=5466 kB; lsn=0/30EFF40, redo lsn=0/294EF90
2024-01-12 12:23:28.944 CET [19998] LOG:  checkpoint starting: immediate force wait
2024-01-12 12:23:29.021 CET [19998] LOG:  checkpoint complete: wrote 4573 buffers (0.4%); 0 WAL file(s) added, 0 removed, 1 recycled; write=0.067 s, sync=0.009 s, total=0.078 s; sync files=2276, longest=0.001 s, average=0.001 s; distance=15688 kB, estimate=15688 kB; lsn=0/38A1050, redo lsn=0/38A0FF8
2024-01-12 12:28:28.125 CET [19998] LOG:  checkpoint starting: time
