2024-01-12 03:14:09.331 CET [13940] LOG:  starting PostgreSQL 17devel on x86_64-pc-linux-gnu, compiled by gcc (Gentoo 12.3.1_p20230526 p2) 12.3.1 20230526, 64-bit
2024-01-12 03:14:09.331 CET [13940] LOG:  listening on IPv4 address "127.0.0.1", port 5432
2024-01-12 03:14:09.332 CET [13940] LOG:  listening on Unix socket "/tmp/.s.PGSQL.5432"
2024-01-12 03:14:09.333 CET [13943] LOG:  database system was shut down at 2024-01-12 03:14:08 CET
2024-01-12 03:14:09.335 CET [13940] LOG:  database system is ready to accept connections
2024-01-12 03:14:09.544 CET [13941] LOG:  checkpoint starting: immediate force wait
2024-01-12 03:14:09.650 CET [13941] LOG:  checkpoint complete: wrote 962 buffers (0.0%); 0 WAL file(s) added, 0 removed, 0 recycled; write=0.105 s, sync=0.001 s, total=0.107 s; sync files=309, longest=0.001 s, average=0.001 s; distance=4603 kB, estimate=4603 kB; lsn=0/196FEC8, redo lsn=0/196FE70
2024-01-12 03:18:09.916 CET [13941] LOG:  checkpoint starting: immediate force wait
2024-01-12 03:18:09.982 CET [13941] LOG:  checkpoint complete: wrote 44 buffers (0.0%); 0 WAL file(s) added, 0 removed, 0 recycled; write=0.065 s, sync=0.001 s, total=0.066 s; sync files=12, longest=0.001 s, average=0.001 s; distance=352 kB, estimate=4178 kB; lsn=0/19C7F60, redo lsn=0/19C7F08
2024-01-12 03:18:10.116 CET [13941] LOG:  checkpoint starting: immediate force wait
2024-01-12 03:18:10.200 CET [13941] LOG:  checkpoint complete: wrote 965 buffers (0.0%); 1 WAL file(s) added, 0 removed, 0 recycled; write=0.068 s, sync=0.002 s, total=0.084 s; sync files=308, longest=0.001 s, average=0.001 s; distance=4632 kB, estimate=4632 kB; lsn=0/1E4DFC8, redo lsn=0/1E4DF70
2024-01-12 03:22:10.474 CET [13941] LOG:  checkpoint starting: immediate force wait
2024-01-12 03:22:10.545 CET [13941] LOG:  checkpoint complete: wrote 2 buffers (0.0%); 0 WAL file(s) added, 0 removed, 0 recycled; write=0.070 s, sync=0.001 s, total=0.072 s; sync files=2, longest=0.001 s, average=0.001 s; distance=145 kB, estimate=4183 kB; lsn=0/1E727A0, redo lsn=0/1E72748
2024-01-12 03:22:10.729 CET [13941] LOG:  checkpoint starting: immediate force wait
2024-01-12 03:22:10.805 CET [13941] LOG:  checkpoint complete: wrote 1008 buffers (0.0%); 0 WAL file(s) added, 0 removed, 1 recycled; write=0.074 s, sync=0.001 s, total=0.076 s; sync files=335, longest=0.001 s, average=0.001 s; distance=4765 kB, estimate=4765 kB; lsn=0/2319F70, redo lsn=0/2319F18
2024-01-12 03:26:11.070 CET [13941] LOG:  checkpoint starting: immediate force wait
2024-01-12 03:26:11.135 CET [13941] LOG:  checkpoint complete: wrote 2 buffers (0.0%); 0 WAL file(s) added, 0 removed, 0 recycled; write=0.064 s, sync=0.001 s, total=0.066 s; sync files=2, longest=0.001 s, average=0.001 s; distance=148 kB, estimate=4304 kB; lsn=0/233F0A0, redo lsn=0/233F048
2024-01-12 03:26:11.826 CET [13941] LOG:  checkpoint starting: immediate force wait
2024-01-12 03:26:11.909 CET [13941] LOG:  checkpoint complete: wrote 1518 buffers (0.0%); 0 WAL file(s) added, 0 removed, 0 recycled; write=0.081 s, sync=0.002 s, total=0.084 s; sync files=605, longest=0.001 s, average=0.001 s; distance=6056 kB, estimate=6056 kB; lsn=0/29291E0, redo lsn=0/2929188
2024-01-12 03:30:12.225 CET [13941] LOG:  checkpoint starting: immediate force wait
2024-01-12 03:30:12.297 CET [13941] LOG:  checkpoint complete: wrote 2 buffers (0.0%); 0 WAL file(s) added, 0 removed, 0 recycled; write=0.071 s, sync=0.001 s, total=0.072 s; sync files=2, longest=0.001 s, average=0.001 s; distance=162 kB, estimate=5466 kB; lsn=0/2951BF8, redo lsn=0/2951BA0
2024-01-12 03:30:19.794 CET [13941] LOG:  checkpoint starting: immediate force wait
2024-01-12 03:30:19.914 CET [13941] LOG:  checkpoint complete: wrote 4588 buffers (0.1%); 0 WAL file(s) added, 0 removed, 1 recycled; write=0.114 s, sync=0.006 s, total=0.120 s; sync files=2565, longest=0.001 s, average=0.001 s; distance=15616 kB, estimate=15616 kB; lsn=0/3891E38, redo lsn=0/3891DE0
