2024-01-19 02:10:51.922 CET [1325199] LOG:  starting PostgreSQL 17devel on x86_64-pc-linux-gnu, compiled by gcc (Debian 12.2.0-14) 12.2.0, 64-bit
2024-01-19 02:10:51.922 CET [1325199] LOG:  listening on IPv6 address "::1", port 5432
2024-01-19 02:10:51.923 CET [1325199] LOG:  listening on IPv4 address "127.0.0.1", port 5432
2024-01-19 02:10:51.923 CET [1325199] LOG:  listening on Unix socket "/tmp/.s.PGSQL.5432"
2024-01-19 02:10:51.924 CET [1325202] LOG:  database system was shut down at 2024-01-19 02:10:50 CET
2024-01-19 02:10:51.926 CET [1325199] LOG:  database system is ready to accept connections
2024-01-19 02:10:52.103 CET [1325200] LOG:  checkpoint starting: immediate force wait
2024-01-19 02:10:52.130 CET [1325200] LOG:  checkpoint complete: wrote 932 buffers (0.1%); 0 WAL file(s) added, 0 removed, 0 recycled; write=0.025 s, sync=0.001 s, total=0.027 s; sync files=309, longest=0.001 s, average=0.001 s; distance=4376 kB, estimate=4376 kB; lsn=0/18CDCA0, redo lsn=0/18CDC48
2024-01-19 02:15:52.227 CET [1325200] LOG:  checkpoint starting: time
2024-01-19 02:15:52.532 CET [1325200] LOG:  checkpoint complete: wrote 82 buffers (0.0%); 1 WAL file(s) added, 0 removed, 0 recycled; write=0.276 s, sync=0.016 s, total=0.306 s; sync files=318, longest=0.001 s, average=0.001 s; distance=345 kB, estimate=3973 kB; lsn=0/1D70A00, redo lsn=0/19243E8
2024-01-19 02:15:52.532 CET [1325200] LOG:  checkpoint starting: immediate force wait
2024-01-19 02:15:52.557 CET [1325200] LOG:  checkpoint complete: wrote 938 buffers (0.1%); 0 WAL file(s) added, 0 removed, 0 recycled; write=0.024 s, sync=0.001 s, total=0.025 s; sync files=260, longest=0.001 s, average=0.001 s; distance=4401 kB, estimate=4401 kB; lsn=0/1D70AD0, redo lsn=0/1D70A78
2024-01-19 02:20:52.655 CET [1325200] LOG:  checkpoint starting: time
2024-01-19 02:20:52.992 CET [1325200] LOG:  checkpoint complete: wrote 40 buffers (0.0%); 0 WAL file(s) added, 0 removed, 0 recycled; write=0.320 s, sync=0.017 s, total=0.338 s; sync files=335, longest=0.001 s, average=0.001 s; distance=142 kB, estimate=3975 kB; lsn=0/2201600, redo lsn=0/1D94580
2024-01-19 02:20:52.992 CET [1325200] LOG:  checkpoint starting: immediate force wait
2024-01-19 02:20:53.005 CET [1325200] LOG:  checkpoint complete: wrote 981 buffers (0.1%); 0 WAL file(s) added, 0 removed, 1 recycled; write=0.013 s, sync=0.001 s, total=0.014 s; sync files=287, longest=0.001 s, average=0.000 s; distance=4532 kB, estimate=4532 kB; lsn=0/22016D0, redo lsn=0/2201678
2024-01-19 02:25:52.103 CET [1325200] LOG:  checkpoint starting: time
2024-01-19 02:25:54.152 CET [1325200] LOG:  checkpoint complete: wrote 40 buffers (0.0%); 0 WAL file(s) added, 0 removed, 0 recycled; write=2.010 s, sync=0.039 s, total=2.050 s; sync files=605, longest=0.002 s, average=0.001 s; distance=149 kB, estimate=4093 kB; lsn=0/27D7248, redo lsn=0/2226C18
2024-01-19 02:25:54.152 CET [1325200] LOG:  checkpoint starting: immediate force wait
2024-01-19 02:25:54.170 CET [1325200] LOG:  checkpoint complete: wrote 1492 buffers (0.1%); 0 WAL file(s) added, 0 removed, 0 recycled; write=0.016 s, sync=0.001 s, total=0.018 s; sync files=557, longest=0.001 s, average=0.001 s; distance=5825 kB, estimate=5825 kB; lsn=0/27D7318, redo lsn=0/27D72C0
2024-01-19 02:30:54.267 CET [1325200] LOG:  checkpoint starting: time
2024-01-19 02:30:58.506 CET [1325200] LOG:  checkpoint complete: wrote 42 buffers (0.0%); 0 WAL file(s) added, 0 removed, 0 recycled; write=4.218 s, sync=0.021 s, total=4.240 s; sync files=760, longest=0.001 s, average=0.001 s; distance=151 kB, estimate=5258 kB; lsn=0/2E709C0, redo lsn=0/27FD278
2024-01-19 02:31:04.825 CET [1325200] LOG:  checkpoint starting: immediate force wait
2024-01-19 02:31:04.891 CET [1325200] LOG:  checkpoint complete: wrote 4536 buffers (0.4%); 0 WAL file(s) added, 0 removed, 1 recycled; write=0.056 s, sync=0.008 s, total=0.067 s; sync files=2347, longest=0.003 s, average=0.001 s; distance=15453 kB, estimate=15453 kB; lsn=0/3714A88, redo lsn=0/3714A30
2024-01-19 02:36:04.991 CET [1325200] LOG:  checkpoint starting: time
