2024-01-12 09:13:06.546 CET [22984] LOG:  starting PostgreSQL 17devel on x86_64-pc-linux-gnu, compiled by gcc (Gentoo 12.3.1_p20230526 p2) 12.3.1 20230526, 64-bit
2024-01-12 09:13:06.546 CET [22984] LOG:  listening on IPv4 address "127.0.0.1", port 5432
2024-01-12 09:13:06.547 CET [22984] LOG:  listening on Unix socket "/tmp/.s.PGSQL.5432"
2024-01-12 09:13:06.549 CET [22987] LOG:  database system was interrupted; last known up at 2024-01-12 09:08:39 CET
2024-01-12 09:13:06.559 CET [22987] LOG:  database system was not properly shut down; automatic recovery in progress
2024-01-12 09:13:06.560 CET [22987] LOG:  redo starts at 0/1E4DA90
2024-01-12 09:13:06.562 CET [22987] LOG:  invalid record length at 0/1E71FE8: expected at least 24, got 0
2024-01-12 09:13:06.562 CET [22987] LOG:  redo done at 0/1E71FB0 system usage: CPU: user: 0.00 s, system: 0.00 s, elapsed: 0.00 s
2024-01-12 09:13:06.563 CET [22985] LOG:  checkpoint starting: end-of-recovery immediate wait
2024-01-12 09:13:06.650 CET [22985] LOG:  checkpoint complete: wrote 41 buffers (0.0%); 0 WAL file(s) added, 0 removed, 0 recycled; write=0.087 s, sync=0.001 s, total=0.088 s; sync files=7, longest=0.001 s, average=0.001 s; distance=145 kB, estimate=145 kB; lsn=0/1E71FE8, redo lsn=0/1E71FE8
2024-01-12 09:13:06.652 CET [22984] LOG:  database system is ready to accept connections
2024-01-12 09:23:07.385 CET [22985] LOG:  checkpoint starting: immediate force wait
2024-01-12 09:23:07.457 CET [22985] LOG:  checkpoint complete: wrote 1011 buffers (0.0%); 0 WAL file(s) added, 0 removed, 1 recycled; write=0.070 s, sync=0.001 s, total=0.072 s; sync files=336, longest=0.001 s, average=0.001 s; distance=4765 kB, estimate=4765 kB; lsn=0/2319808, redo lsn=0/2319778
2024-01-12 09:28:07.556 CET [22985] LOG:  checkpoint starting: time
2024-01-12 09:28:08.424 CET [22985] LOG:  checkpoint complete: wrote 40 buffers (0.0%); 0 WAL file(s) added, 0 removed, 0 recycled; write=0.819 s, sync=0.045 s, total=0.868 s; sync files=605, longest=0.001 s, average=0.001 s; distance=147 kB, estimate=4304 kB; lsn=0/29287F8, redo lsn=0/233E628
2024-01-12 09:28:08.424 CET [22985] LOG:  checkpoint starting: immediate force wait
2024-01-12 09:28:08.498 CET [22985] LOG:  checkpoint complete: wrote 1522 buffers (0.0%); 0 WAL file(s) added, 0 removed, 0 recycled; write=0.073 s, sync=0.001 s, total=0.075 s; sync files=557, longest=0.001 s, average=0.000 s; distance=6056 kB, estimate=6056 kB; lsn=0/29288C8, redo lsn=0/2928870
2024-01-12 09:33:08.598 CET [22985] LOG:  checkpoint starting: time
2024-01-12 09:33:12.923 CET [22985] LOG:  checkpoint complete: wrote 42 buffers (0.0%); 0 WAL file(s) added, 0 removed, 0 recycled; write=4.299 s, sync=0.027 s, total=4.326 s; sync files=933, longest=0.001 s, average=0.001 s; distance=153 kB, estimate=5466 kB; lsn=0/30CBDA0, redo lsn=0/294EF90
2024-01-12 09:33:16.357 CET [22985] LOG:  checkpoint starting: immediate force wait
2024-01-12 09:33:16.472 CET [22985] LOG:  checkpoint complete: wrote 4591 buffers (0.1%); 0 WAL file(s) added, 0 removed, 1 recycled; write=0.106 s, sync=0.008 s, total=0.116 s; sync files=2280, longest=0.001 s, average=0.001 s; distance=15617 kB, estimate=15617 kB; lsn=0/388F438, redo lsn=0/388F3E0
2024-01-12 09:38:16.574 CET [22985] LOG:  checkpoint starting: time
