BINDIR = /home/debian/builds/pg-0-master/bin
DOCDIR = /home/debian/builds/pg-0-master/share/doc/postgresql
HTMLDIR = /home/debian/builds/pg-0-master/share/doc/postgresql
INCLUDEDIR = /home/debian/builds/pg-0-master/include
PKGINCLUDEDIR = /home/debian/builds/pg-0-master/include/postgresql
INCLUDEDIR-SERVER = /home/debian/builds/pg-0-master/include/postgresql/server
LIBDIR = /home/debian/builds/pg-0-master/lib
PKGLIBDIR = /home/debian/builds/pg-0-master/lib/postgresql
LOCALEDIR = /home/debian/builds/pg-0-master/share/locale
MANDIR = /home/debian/builds/pg-0-master/share/man
SHAREDIR = /home/debian/builds/pg-0-master/share/postgresql
SYSCONFDIR = /home/debian/builds/pg-0-master/etc/postgresql
PGXS = /home/debian/builds/pg-0-master/lib/postgresql/pgxs/src/makefiles/pgxs.mk
CONFIGURE =  '--prefix=/home/debian/builds/pg-0-master' '--enable-debug' '--enable-depend' 'CC=ccache gcc'
CC = ccache gcc
CPPFLAGS = -D_GNU_SOURCE
CFLAGS = -Wall -Wmissing-prototypes -Wpointer-arith -Wdeclaration-after-statement -Werror=vla -Wendif-labels -Wmissing-format-attribute -Wimplicit-fallthrough=3 -Wcast-function-type -Wshadow=compatible-local -Wformat-security -fno-strict-aliasing -fwrapv -fexcess-precision=standard -Wno-format-truncation -Wno-stringop-truncation -g -O2
CFLAGS_SL = -fPIC
LDFLAGS = -Wl,--as-needed -Wl,-rpath,'/home/debian/builds/pg-0-master/lib',--enable-new-dtags
LDFLAGS_EX = 
LDFLAGS_SL = 
LIBS = -lpgcommon -lpgport -lz -lreadline -lm 
VERSION = PostgreSQL 17devel
CREATE TABLE
CREATE TABLE
INSERT 0 1000
INSERT 0 1000000
CREATE INDEX
VACUUM
VACUUM
CHECKPOINT
CREATE TABLE
CREATE TABLE
INSERT 0 1000
CREATE TABLE
INSERT 0 1000
CREATE TABLE
INSERT 0 1000
CREATE TABLE
INSERT 0 1000
CREATE TABLE
INSERT 0 1000
CREATE TABLE
INSERT 0 1000
CREATE TABLE
INSERT 0 1000
CREATE TABLE
INSERT 0 1000
CREATE TABLE
INSERT 0 1000
CREATE TABLE
INSERT 0 1000
INSERT 0 1000000
CREATE INDEX
CREATE INDEX
CREATE INDEX
CREATE INDEX
CREATE INDEX
CREATE INDEX
CREATE INDEX
CREATE INDEX
CREATE INDEX
CREATE INDEX
VACUUM
VACUUM
CHECKPOINT
CREATE TABLE
CREATE TABLE
INSERT 0 1000
CREATE TABLE
INSERT 0 1000
CREATE TABLE
INSERT 0 1000
CREATE TABLE
INSERT 0 1000
CREATE TABLE
INSERT 0 1000
CREATE TABLE
INSERT 0 1000
CREATE TABLE
INSERT 0 1000
CREATE TABLE
INSERT 0 1000
CREATE TABLE
INSERT 0 1000
CREATE TABLE
INSERT 0 1000
CREATE TABLE
INSERT 0 1000
CREATE TABLE
INSERT 0 1000
CREATE TABLE
INSERT 0 1000
CREATE TABLE
INSERT 0 1000
CREATE TABLE
INSERT 0 1000
CREATE TABLE
INSERT 0 1000
CREATE TABLE
INSERT 0 1000
CREATE TABLE
INSERT 0 1000
CREATE TABLE
INSERT 0 1000
CREATE TABLE
INSERT 0 1000
CREATE TABLE
INSERT 0 1000
CREATE TABLE
INSERT 0 1000
CREATE TABLE
INSERT 0 1000
CREATE TABLE
INSERT 0 1000
CREATE TABLE
INSERT 0 1000
CREATE TABLE
INSERT 0 1000
CREATE TABLE
INSERT 0 1000
CREATE TABLE
INSERT 0 1000
CREATE TABLE
INSERT 0 1000
CREATE TABLE
INSERT 0 1000
CREATE TABLE
INSERT 0 1000
CREATE TABLE
INSERT 0 1000
CREATE TABLE
INSERT 0 1000
CREATE TABLE
INSERT 0 1000
CREATE TABLE
INSERT 0 1000
CREATE TABLE
INSERT 0 1000
CREATE TABLE
INSERT 0 1000
CREATE TABLE
INSERT 0 1000
CREATE TABLE
INSERT 0 1000
CREATE TABLE
INSERT 0 1000
CREATE TABLE
INSERT 0 1000
CREATE TABLE
INSERT 0 1000
CREATE TABLE
INSERT 0 1000
CREATE TABLE
INSERT 0 1000
CREATE TABLE
INSERT 0 1000
CREATE TABLE
INSERT 0 1000
CREATE TABLE
INSERT 0 1000
CREATE TABLE
INSERT 0 1000
CREATE TABLE
INSERT 0 1000
CREATE TABLE
INSERT 0 1000
CREATE TABLE
INSERT 0 1000
CREATE TABLE
INSERT 0 1000
CREATE TABLE
INSERT 0 1000
CREATE TABLE
INSERT 0 1000
CREATE TABLE
INSERT 0 1000
CREATE TABLE
INSERT 0 1000
CREATE TABLE
INSERT 0 1000
CREATE TABLE
INSERT 0 1000
CREATE TABLE
INSERT 0 1000
CREATE TABLE
INSERT 0 1000
CREATE TABLE
INSERT 0 1000
CREATE TABLE
INSERT 0 1000
CREATE TABLE
INSERT 0 1000
CREATE TABLE
INSERT 0 1000
CREATE TABLE
INSERT 0 1000
CREATE TABLE
INSERT 0 1000
CREATE TABLE
INSERT 0 1000
CREATE TABLE
INSERT 0 1000
CREATE TABLE
INSERT 0 1000
CREATE TABLE
INSERT 0 1000
CREATE TABLE
INSERT 0 1000
CREATE TABLE
INSERT 0 1000
CREATE TABLE
INSERT 0 1000
CREATE TABLE
INSERT 0 1000
CREATE TABLE
INSERT 0 1000
CREATE TABLE
INSERT 0 1000
CREATE TABLE
INSERT 0 1000
CREATE TABLE
INSERT 0 1000
CREATE TABLE
INSERT 0 1000
CREATE TABLE
INSERT 0 1000
CREATE TABLE
INSERT 0 1000
CREATE TABLE
INSERT 0 1000
CREATE TABLE
INSERT 0 1000
CREATE TABLE
INSERT 0 1000
CREATE TABLE
INSERT 0 1000
CREATE TABLE
INSERT 0 1000
CREATE TABLE
INSERT 0 1000
CREATE TABLE
INSERT 0 1000
CREATE TABLE
INSERT 0 1000
CREATE TABLE
INSERT 0 1000
CREATE TABLE
INSERT 0 1000
CREATE TABLE
INSERT 0 1000
CREATE TABLE
INSERT 0 1000
CREATE TABLE
INSERT 0 1000
CREATE TABLE
INSERT 0 1000
CREATE TABLE
INSERT 0 1000
CREATE TABLE
INSERT 0 1000
CREATE TABLE
INSERT 0 1000
CREATE TABLE
INSERT 0 1000
CREATE TABLE
INSERT 0 1000
INSERT 0 1000000
CREATE INDEX
CREATE INDEX
CREATE INDEX
CREATE INDEX
CREATE INDEX
CREATE INDEX
CREATE INDEX
CREATE INDEX
CREATE INDEX
CREATE INDEX
CREATE INDEX
CREATE INDEX
CREATE INDEX
CREATE INDEX
CREATE INDEX
CREATE INDEX
CREATE INDEX
CREATE INDEX
CREATE INDEX
CREATE INDEX
CREATE INDEX
CREATE INDEX
CREATE INDEX
CREATE INDEX
CREATE INDEX
CREATE INDEX
CREATE INDEX
CREATE INDEX
CREATE INDEX
CREATE INDEX
CREATE INDEX
CREATE INDEX
CREATE INDEX
CREATE INDEX
CREATE INDEX
CREATE INDEX
CREATE INDEX
CREATE INDEX
CREATE INDEX
CREATE INDEX
CREATE INDEX
CREATE INDEX
CREATE INDEX
CREATE INDEX
CREATE INDEX
CREATE INDEX
CREATE INDEX
CREATE INDEX
CREATE INDEX
CREATE INDEX
CREATE INDEX
CREATE INDEX
CREATE INDEX
CREATE INDEX
CREATE INDEX
CREATE INDEX
CREATE INDEX
CREATE INDEX
CREATE INDEX
CREATE INDEX
CREATE INDEX
CREATE INDEX
CREATE INDEX
CREATE INDEX
CREATE INDEX
CREATE INDEX
CREATE INDEX
CREATE INDEX
CREATE INDEX
CREATE INDEX
CREATE INDEX
CREATE INDEX
CREATE INDEX
CREATE INDEX
CREATE INDEX
CREATE INDEX
CREATE INDEX
CREATE INDEX
CREATE INDEX
CREATE INDEX
CREATE INDEX
CREATE INDEX
CREATE INDEX
CREATE INDEX
CREATE INDEX
CREATE INDEX
CREATE INDEX
CREATE INDEX
CREATE INDEX
CREATE INDEX
CREATE INDEX
CREATE INDEX
CREATE INDEX
CREATE INDEX
CREATE INDEX
CREATE INDEX
CREATE INDEX
CREATE INDEX
CREATE INDEX
CREATE INDEX
VACUUM
VACUUM
CHECKPOINT
CREATE TABLE
CREATE TABLE
INSERT 0 10000
INSERT 0 10000000
CREATE INDEX
VACUUM
VACUUM
CHECKPOINT
CREATE TABLE
CREATE TABLE
INSERT 0 10000
CREATE TABLE
INSERT 0 10000
CREATE TABLE
INSERT 0 10000
CREATE TABLE
INSERT 0 10000
CREATE TABLE
INSERT 0 10000
CREATE TABLE
INSERT 0 10000
CREATE TABLE
INSERT 0 10000
CREATE TABLE
INSERT 0 10000
CREATE TABLE
INSERT 0 10000
CREATE TABLE
INSERT 0 10000
INSERT 0 10000000
CREATE INDEX
CREATE INDEX
CREATE INDEX
CREATE INDEX
CREATE INDEX
CREATE INDEX
CREATE INDEX
CREATE INDEX
CREATE INDEX
CREATE INDEX
VACUUM
VACUUM
CHECKPOINT
CREATE TABLE
CREATE TABLE
INSERT 0 10000
CREATE TABLE
INSERT 0 10000
CREATE TABLE
INSERT 0 10000
CREATE TABLE
INSERT 0 10000
CREATE TABLE
INSERT 0 10000
CREATE TABLE
INSERT 0 10000
CREATE TABLE
INSERT 0 10000
CREATE TABLE
INSERT 0 10000
CREATE TABLE
INSERT 0 10000
CREATE TABLE
INSERT 0 10000
CREATE TABLE
INSERT 0 10000
CREATE TABLE
INSERT 0 10000
CREATE TABLE
INSERT 0 10000
CREATE TABLE
INSERT 0 10000
CREATE TABLE
INSERT 0 10000
CREATE TABLE
INSERT 0 10000
CREATE TABLE
INSERT 0 10000
CREATE TABLE
INSERT 0 10000
CREATE TABLE
INSERT 0 10000
CREATE TABLE
INSERT 0 10000
CREATE TABLE
INSERT 0 10000
CREATE TABLE
INSERT 0 10000
CREATE TABLE
INSERT 0 10000
CREATE TABLE
INSERT 0 10000
CREATE TABLE
INSERT 0 10000
CREATE TABLE
INSERT 0 10000
CREATE TABLE
INSERT 0 10000
CREATE TABLE
INSERT 0 10000
CREATE TABLE
INSERT 0 10000
CREATE TABLE
INSERT 0 10000
CREATE TABLE
INSERT 0 10000
CREATE TABLE
INSERT 0 10000
CREATE TABLE
INSERT 0 10000
CREATE TABLE
INSERT 0 10000
CREATE TABLE
INSERT 0 10000
CREATE TABLE
INSERT 0 10000
CREATE TABLE
INSERT 0 10000
CREATE TABLE
INSERT 0 10000
CREATE TABLE
INSERT 0 10000
CREATE TABLE
INSERT 0 10000
CREATE TABLE
INSERT 0 10000
CREATE TABLE
INSERT 0 10000
CREATE TABLE
INSERT 0 10000
CREATE TABLE
INSERT 0 10000
CREATE TABLE
INSERT 0 10000
CREATE TABLE
INSERT 0 10000
CREATE TABLE
INSERT 0 10000
CREATE TABLE
INSERT 0 10000
CREATE TABLE
INSERT 0 10000
CREATE TABLE
INSERT 0 10000
CREATE TABLE
INSERT 0 10000
CREATE TABLE
INSERT 0 10000
CREATE TABLE
INSERT 0 10000
CREATE TABLE
INSERT 0 10000
CREATE TABLE
INSERT 0 10000
CREATE TABLE
INSERT 0 10000
CREATE TABLE
INSERT 0 10000
CREATE TABLE
INSERT 0 10000
CREATE TABLE
INSERT 0 10000
CREATE TABLE
INSERT 0 10000
CREATE TABLE
INSERT 0 10000
CREATE TABLE
INSERT 0 10000
CREATE TABLE
INSERT 0 10000
CREATE TABLE
INSERT 0 10000
CREATE TABLE
INSERT 0 10000
CREATE TABLE
INSERT 0 10000
CREATE TABLE
INSERT 0 10000
CREATE TABLE
INSERT 0 10000
CREATE TABLE
INSERT 0 10000
CREATE TABLE
INSERT 0 10000
CREATE TABLE
INSERT 0 10000
CREATE TABLE
INSERT 0 10000
CREATE TABLE
INSERT 0 10000
CREATE TABLE
INSERT 0 10000
CREATE TABLE
INSERT 0 10000
CREATE TABLE
INSERT 0 10000
CREATE TABLE
INSERT 0 10000
CREATE TABLE
INSERT 0 10000
CREATE TABLE
INSERT 0 10000
CREATE TABLE
INSERT 0 10000
CREATE TABLE
INSERT 0 10000
CREATE TABLE
INSERT 0 10000
CREATE TABLE
INSERT 0 10000
CREATE TABLE
INSERT 0 10000
CREATE TABLE
INSERT 0 10000
CREATE TABLE
INSERT 0 10000
CREATE TABLE
INSERT 0 10000
CREATE TABLE
INSERT 0 10000
CREATE TABLE
INSERT 0 10000
CREATE TABLE
INSERT 0 10000
CREATE TABLE
INSERT 0 10000
CREATE TABLE
INSERT 0 10000
CREATE TABLE
INSERT 0 10000
CREATE TABLE
INSERT 0 10000
CREATE TABLE
INSERT 0 10000
CREATE TABLE
INSERT 0 10000
CREATE TABLE
INSERT 0 10000
CREATE TABLE
INSERT 0 10000
CREATE TABLE
INSERT 0 10000
CREATE TABLE
INSERT 0 10000
ERROR:  could not extend file "base/98989/98991.1": No space left on device
HINT:  Check free disk space.
CREATE INDEX
CREATE INDEX
CREATE INDEX
CREATE INDEX
CREATE INDEX
CREATE INDEX
CREATE INDEX
CREATE INDEX
CREATE INDEX
CREATE INDEX
CREATE INDEX
CREATE INDEX
CREATE INDEX
CREATE INDEX
CREATE INDEX
CREATE INDEX
CREATE INDEX
CREATE INDEX
CREATE INDEX
CREATE INDEX
CREATE INDEX
CREATE INDEX
CREATE INDEX
CREATE INDEX
CREATE INDEX
CREATE INDEX
CREATE INDEX
CREATE INDEX
CREATE INDEX
CREATE INDEX
CREATE INDEX
CREATE INDEX
CREATE INDEX
CREATE INDEX
CREATE INDEX
CREATE INDEX
CREATE INDEX
CREATE INDEX
CREATE INDEX
CREATE INDEX
CREATE INDEX
CREATE INDEX
CREATE INDEX
CREATE INDEX
CREATE INDEX
CREATE INDEX
CREATE INDEX
CREATE INDEX
CREATE INDEX
CREATE INDEX
CREATE INDEX
CREATE INDEX
CREATE INDEX
CREATE INDEX
CREATE INDEX
CREATE INDEX
CREATE INDEX
CREATE INDEX
CREATE INDEX
CREATE INDEX
CREATE INDEX
CREATE INDEX
CREATE INDEX
CREATE INDEX
CREATE INDEX
CREATE INDEX
CREATE INDEX
CREATE INDEX
CREATE INDEX
CREATE INDEX
CREATE INDEX
CREATE INDEX
CREATE INDEX
CREATE INDEX
CREATE INDEX
CREATE INDEX
CREATE INDEX
CREATE INDEX
CREATE INDEX
CREATE INDEX
CREATE INDEX
CREATE INDEX
CREATE INDEX
CREATE INDEX
CREATE INDEX
CREATE INDEX
CREATE INDEX
CREATE INDEX
CREATE INDEX
CREATE INDEX
CREATE INDEX
CREATE INDEX
CREATE INDEX
CREATE INDEX
CREATE INDEX
CREATE INDEX
CREATE INDEX
CREATE INDEX
CREATE INDEX
CREATE INDEX
VACUUM
VACUUM
CHECKPOINT
CREATE TABLE
CREATE TABLE
INSERT 0 100000
ERROR:  could not extend file "base/100819/100826": No space left on device
HINT:  Check free disk space.
CREATE INDEX
VACUUM
VACUUM
CHECKPOINT
CREATE TABLE
CREATE TABLE
INSERT 0 100000
CREATE TABLE
INSERT 0 100000
CREATE TABLE
INSERT 0 100000
CREATE TABLE
INSERT 0 100000
CREATE TABLE
INSERT 0 100000
CREATE TABLE
INSERT 0 100000
CREATE TABLE
INSERT 0 100000
CREATE TABLE
INSERT 0 100000
CREATE TABLE
INSERT 0 100000
CREATE TABLE
INSERT 0 100000
ERROR:  could not extend file "base/101262/101264": No space left on device
HINT:  Check free disk space.
CREATE INDEX
CREATE INDEX
CREATE INDEX
CREATE INDEX
CREATE INDEX
CREATE INDEX
CREATE INDEX
CREATE INDEX
CREATE INDEX
CREATE INDEX
VACUUM
VACUUM
CHECKPOINT
CREATE TABLE
CREATE TABLE
INSERT 0 100000
CREATE TABLE
INSERT 0 100000
CREATE TABLE
INSERT 0 100000
CREATE TABLE
INSERT 0 100000
CREATE TABLE
INSERT 0 100000
CREATE TABLE
INSERT 0 100000
CREATE TABLE
INSERT 0 100000
CREATE TABLE
INSERT 0 100000
CREATE TABLE
INSERT 0 100000
CREATE TABLE
INSERT 0 100000
CREATE TABLE
INSERT 0 100000
CREATE TABLE
INSERT 0 100000
CREATE TABLE
INSERT 0 100000
CREATE TABLE
INSERT 0 100000
CREATE TABLE
INSERT 0 100000
CREATE TABLE
INSERT 0 100000
CREATE TABLE
INSERT 0 100000
CREATE TABLE
INSERT 0 100000
CREATE TABLE
INSERT 0 100000
CREATE TABLE
INSERT 0 100000
CREATE TABLE
INSERT 0 100000
CREATE TABLE
INSERT 0 100000
CREATE TABLE
INSERT 0 100000
CREATE TABLE
INSERT 0 100000
CREATE TABLE
INSERT 0 100000
CREATE TABLE
INSERT 0 100000
CREATE TABLE
INSERT 0 100000
CREATE TABLE
INSERT 0 100000
CREATE TABLE
INSERT 0 100000
CREATE TABLE
INSERT 0 100000
CREATE TABLE
INSERT 0 100000
CREATE TABLE
INSERT 0 100000
CREATE TABLE
INSERT 0 100000
CREATE TABLE
INSERT 0 100000
CREATE TABLE
INSERT 0 100000
CREATE TABLE
INSERT 0 100000
CREATE TABLE
INSERT 0 100000
CREATE TABLE
INSERT 0 100000
CREATE TABLE
INSERT 0 100000
CREATE TABLE
INSERT 0 100000
CREATE TABLE
INSERT 0 100000
CREATE TABLE
INSERT 0 100000
CREATE TABLE
INSERT 0 100000
CREATE TABLE
INSERT 0 100000
CREATE TABLE
INSERT 0 100000
CREATE TABLE
INSERT 0 100000
CREATE TABLE
INSERT 0 100000
CREATE TABLE
INSERT 0 100000
CREATE TABLE
INSERT 0 100000
CREATE TABLE
INSERT 0 100000
CREATE TABLE
INSERT 0 100000
CREATE TABLE
INSERT 0 100000
CREATE TABLE
INSERT 0 100000
CREATE TABLE
INSERT 0 100000
CREATE TABLE
INSERT 0 100000
CREATE TABLE
INSERT 0 100000
CREATE TABLE
INSERT 0 100000
CREATE TABLE
INSERT 0 100000
CREATE TABLE
INSERT 0 100000
CREATE TABLE
INSERT 0 100000
CREATE TABLE
INSERT 0 100000
CREATE TABLE
INSERT 0 100000
CREATE TABLE
INSERT 0 100000
CREATE TABLE
INSERT 0 100000
CREATE TABLE
INSERT 0 100000
CREATE TABLE
INSERT 0 100000
CREATE TABLE
INSERT 0 100000
CREATE TABLE
INSERT 0 100000
CREATE TABLE
INSERT 0 100000
CREATE TABLE
INSERT 0 100000
CREATE TABLE
INSERT 0 100000
CREATE TABLE
INSERT 0 100000
CREATE TABLE
INSERT 0 100000
CREATE TABLE
INSERT 0 100000
CREATE TABLE
INSERT 0 100000
CREATE TABLE
INSERT 0 100000
CREATE TABLE
INSERT 0 100000
CREATE TABLE
INSERT 0 100000
CREATE TABLE
INSERT 0 100000
CREATE TABLE
INSERT 0 100000
CREATE TABLE
INSERT 0 100000
CREATE TABLE
INSERT 0 100000
CREATE TABLE
INSERT 0 100000
CREATE TABLE
INSERT 0 100000
CREATE TABLE
INSERT 0 100000
CREATE TABLE
INSERT 0 100000
CREATE TABLE
INSERT 0 100000
CREATE TABLE
INSERT 0 100000
CREATE TABLE
INSERT 0 100000
CREATE TABLE
INSERT 0 100000
CREATE TABLE
INSERT 0 100000
CREATE TABLE
INSERT 0 100000
CREATE TABLE
INSERT 0 100000
CREATE TABLE
INSERT 0 100000
CREATE TABLE
INSERT 0 100000
CREATE TABLE
INSERT 0 100000
CREATE TABLE
INSERT 0 100000
CREATE TABLE
INSERT 0 100000
CREATE TABLE
INSERT 0 100000
CREATE TABLE
INSERT 0 100000
ERROR:  could not write to file "base/pgsql_tmp/pgsql_tmp190491.100": No space left on device
CREATE INDEX
CREATE INDEX
CREATE INDEX
CREATE INDEX
CREATE INDEX
CREATE INDEX
CREATE INDEX
CREATE INDEX
CREATE INDEX
CREATE INDEX
CREATE INDEX
CREATE INDEX
CREATE INDEX
CREATE INDEX
CREATE INDEX
CREATE INDEX
CREATE INDEX
CREATE INDEX
CREATE INDEX
CREATE INDEX
CREATE INDEX
CREATE INDEX
CREATE INDEX
CREATE INDEX
CREATE INDEX
CREATE INDEX
CREATE INDEX
CREATE INDEX
CREATE INDEX
CREATE INDEX
CREATE INDEX
CREATE INDEX
CREATE INDEX
CREATE INDEX
CREATE INDEX
CREATE INDEX
CREATE INDEX
CREATE INDEX
CREATE INDEX
CREATE INDEX
CREATE INDEX
CREATE INDEX
CREATE INDEX
CREATE INDEX
CREATE INDEX
CREATE INDEX
CREATE INDEX
CREATE INDEX
CREATE INDEX
CREATE INDEX
CREATE INDEX
CREATE INDEX
CREATE INDEX
CREATE INDEX
CREATE INDEX
CREATE INDEX
CREATE INDEX
CREATE INDEX
CREATE INDEX
CREATE INDEX
CREATE INDEX
CREATE INDEX
CREATE INDEX
CREATE INDEX
CREATE INDEX
CREATE INDEX
CREATE INDEX
CREATE INDEX
CREATE INDEX
CREATE INDEX
CREATE INDEX
CREATE INDEX
CREATE INDEX
CREATE INDEX
CREATE INDEX
CREATE INDEX
CREATE INDEX
CREATE INDEX
CREATE INDEX
CREATE INDEX
CREATE INDEX
CREATE INDEX
CREATE INDEX
CREATE INDEX
CREATE INDEX
CREATE INDEX
CREATE INDEX
CREATE INDEX
CREATE INDEX
CREATE INDEX
CREATE INDEX
CREATE INDEX
CREATE INDEX
CREATE INDEX
CREATE INDEX
CREATE INDEX
CREATE INDEX
CREATE INDEX
CREATE INDEX
CREATE INDEX
VACUUM
VACUUM
CHECKPOINT
