    PID TTY      STAT   TIME COMMAND
      1 ?        Ss     0:59 /sbin/init
      2 ?        S      0:03 [kthreadd]
      3 ?        I<     0:00 [rcu_gp]
      4 ?        I<     0:00 [rcu_par_gp]
      5 ?        I<     0:00 [slub_flushwq]
      6 ?        I<     0:00 [netns]
     10 ?        I<     0:00 [mm_percpu_wq]
     11 ?        I      0:00 [rcu_tasks_kthread]
     12 ?        I      0:00 [rcu_tasks_rude_kthread]
     13 ?        I      0:00 [rcu_tasks_trace_kthread]
     14 ?        S      4:14 [ksoftirqd/0]
     15 ?        I     12:38 [rcu_preempt]
     16 ?        S      0:03 [migration/0]
     18 ?        S      0:00 [cpuhp/0]
     19 ?        S      0:00 [cpuhp/1]
     20 ?        S      0:03 [migration/1]
     21 ?        S      2:42 [ksoftirqd/1]
     23 ?        I<     0:00 [kworker/1:0H-events_highpri]
     24 ?        S      0:00 [cpuhp/2]
     25 ?        S      0:03 [migration/2]
     26 ?        S      2:14 [ksoftirqd/2]
     28 ?        I<     0:00 [kworker/2:0H-events_highpri]
     29 ?        S      0:00 [cpuhp/3]
     30 ?        S      0:03 [migration/3]
     31 ?        S      2:03 [ksoftirqd/3]
     33 ?        I<     0:00 [kworker/3:0H-events_highpri]
     34 ?        S      0:00 [cpuhp/4]
     35 ?        S      0:03 [migration/4]
     36 ?        S      1:53 [ksoftirqd/4]
     38 ?        I<     0:00 [kworker/4:0H-events_highpri]
     39 ?        S      0:00 [cpuhp/5]
     40 ?        S      0:03 [migration/5]
     41 ?        S      1:48 [ksoftirqd/5]
     43 ?        I<     0:00 [kworker/5:0H-events_highpri]
     44 ?        S      0:00 [cpuhp/6]
     45 ?        S      0:03 [migration/6]
     46 ?        S      1:43 [ksoftirqd/6]
     48 ?        I<     0:00 [kworker/6:0H-events_highpri]
     49 ?        S      0:00 [cpuhp/7]
     50 ?        S      0:03 [migration/7]
     51 ?        S      1:40 [ksoftirqd/7]
     53 ?        I<     0:00 [kworker/7:0H-events_highpri]
     54 ?        S      0:00 [cpuhp/8]
     55 ?        S      0:03 [migration/8]
     56 ?        S      1:45 [ksoftirqd/8]
     58 ?        I<     0:00 [kworker/8:0H-events_highpri]
     59 ?        S      0:00 [cpuhp/9]
     60 ?        S      0:03 [migration/9]
     61 ?        S      1:42 [ksoftirqd/9]
     64 ?        S      0:00 [cpuhp/10]
     65 ?        S      0:03 [migration/10]
     66 ?        S      1:38 [ksoftirqd/10]
     68 ?        I<     0:00 [kworker/10:0H-events_highpri]
     69 ?        S      0:00 [cpuhp/11]
     70 ?        S      0:03 [migration/11]
     71 ?        S      1:38 [ksoftirqd/11]
     73 ?        I<     0:00 [kworker/11:0H-events_highpri]
     74 ?        S      0:00 [cpuhp/12]
     75 ?        S      0:03 [migration/12]
     76 ?        S      1:36 [ksoftirqd/12]
     78 ?        I<     0:00 [kworker/12:0H-events_highpri]
     79 ?        S      0:00 [cpuhp/13]
     80 ?        S      0:03 [migration/13]
     81 ?        S      1:36 [ksoftirqd/13]
     83 ?        I<     0:00 [kworker/13:0H-events_highpri]
     84 ?        S      0:00 [cpuhp/14]
     85 ?        S      0:03 [migration/14]
     86 ?        S      1:35 [ksoftirqd/14]
     88 ?        I<     0:00 [kworker/14:0H-events_highpri]
     89 ?        S      0:00 [cpuhp/15]
     90 ?        S      0:03 [migration/15]
     91 ?        S      1:34 [ksoftirqd/15]
     93 ?        I<     0:00 [kworker/15:0H-events_highpri]
     94 ?        S      0:00 [cpuhp/16]
     95 ?        S      0:03 [migration/16]
     96 ?        S      1:41 [ksoftirqd/16]
     99 ?        S      0:00 [cpuhp/17]
    100 ?        S      0:03 [migration/17]
    101 ?        S      1:39 [ksoftirqd/17]
    103 ?        I<     0:00 [kworker/17:0H-events_highpri]
    104 ?        S      0:00 [cpuhp/18]
    105 ?        S      0:03 [migration/18]
    106 ?        S      1:36 [ksoftirqd/18]
    108 ?        I<     0:00 [kworker/18:0H-events_highpri]
    109 ?        S      0:00 [cpuhp/19]
    110 ?        S      0:03 [migration/19]
    111 ?        S      1:38 [ksoftirqd/19]
    113 ?        I<     0:00 [kworker/19:0H-events_highpri]
    114 ?        S      0:00 [cpuhp/20]
    115 ?        S      0:03 [migration/20]
    116 ?        S      1:35 [ksoftirqd/20]
    118 ?        I<     0:00 [kworker/20:0H-events_highpri]
    119 ?        S      0:00 [cpuhp/21]
    120 ?        S      0:03 [migration/21]
    121 ?        S      1:36 [ksoftirqd/21]
    123 ?        I<     0:00 [kworker/21:0H-events_highpri]
    124 ?        S      0:00 [cpuhp/22]
    125 ?        S      0:03 [migration/22]
    126 ?        S      1:35 [ksoftirqd/22]
    128 ?        I<     0:00 [kworker/22:0H-events_highpri]
    129 ?        S      0:00 [cpuhp/23]
    130 ?        S      0:03 [migration/23]
    131 ?        S      1:34 [ksoftirqd/23]
    133 ?        I<     0:00 [kworker/23:0H-events_highpri]
    134 ?        S      0:00 [cpuhp/24]
    135 ?        S      0:03 [migration/24]
    136 ?        S      1:40 [ksoftirqd/24]
    138 ?        I<     0:00 [kworker/24:0H-events_highpri]
    139 ?        S      0:00 [cpuhp/25]
    140 ?        S      0:03 [migration/25]
    141 ?        S      1:39 [ksoftirqd/25]
    143 ?        I<     0:00 [kworker/25:0H-events_highpri]
    144 ?        S      0:00 [cpuhp/26]
    145 ?        S      0:03 [migration/26]
    146 ?        S      1:37 [ksoftirqd/26]
    148 ?        I<     0:00 [kworker/26:0H-events_highpri]
    149 ?        S      0:00 [cpuhp/27]
    150 ?        S      0:03 [migration/27]
    151 ?        S      1:38 [ksoftirqd/27]
    153 ?        I<     0:00 [kworker/27:0H-events_highpri]
    154 ?        S      0:00 [cpuhp/28]
    155 ?        S      0:03 [migration/28]
    156 ?        S      1:36 [ksoftirqd/28]
    158 ?        I<     0:00 [kworker/28:0H-events_highpri]
    159 ?        S      0:00 [cpuhp/29]
    160 ?        S      0:03 [migration/29]
    161 ?        S      1:37 [ksoftirqd/29]
    163 ?        I<     0:00 [kworker/29:0H-events_highpri]
    164 ?        S      0:00 [cpuhp/30]
    165 ?        S      0:03 [migration/30]
    166 ?        S      1:35 [ksoftirqd/30]
    168 ?        I<     0:00 [kworker/30:0H-events_highpri]
    169 ?        S      0:00 [cpuhp/31]
    170 ?        S      0:03 [migration/31]
    171 ?        S      1:35 [ksoftirqd/31]
    173 ?        I<     0:00 [kworker/31:0H-events_highpri]
    174 ?        S      0:00 [cpuhp/32]
    175 ?        S      0:03 [migration/32]
    176 ?        S      1:42 [ksoftirqd/32]
    178 ?        I<     0:00 [kworker/32:0H-events_highpri]
    179 ?        S      0:00 [cpuhp/33]
    180 ?        S      0:03 [migration/33]
    181 ?        S      1:41 [ksoftirqd/33]
    183 ?        I<     0:00 [kworker/33:0H-events_highpri]
    184 ?        S      0:00 [cpuhp/34]
    185 ?        S      0:03 [migration/34]
    186 ?        S      1:37 [ksoftirqd/34]
    188 ?        I<     0:00 [kworker/34:0H-events_highpri]
    189 ?        S      0:00 [cpuhp/35]
    190 ?        S      0:03 [migration/35]
    191 ?        S      1:38 [ksoftirqd/35]
    193 ?        I<     0:00 [kworker/35:0H-events_highpri]
    194 ?        S      0:00 [cpuhp/36]
    195 ?        S      0:03 [migration/36]
    196 ?        S      1:36 [ksoftirqd/36]
    199 ?        S      0:00 [cpuhp/37]
    200 ?        S      0:03 [migration/37]
    201 ?        S      1:36 [ksoftirqd/37]
    203 ?        I<     0:00 [kworker/37:0H-events_highpri]
    204 ?        S      0:00 [cpuhp/38]
    205 ?        S      0:03 [migration/38]
    206 ?        S      1:36 [ksoftirqd/38]
    208 ?        I<     0:00 [kworker/38:0H-events_highpri]
    209 ?        S      0:00 [cpuhp/39]
    210 ?        S      0:03 [migration/39]
    211 ?        S      1:36 [ksoftirqd/39]
    213 ?        I<     0:00 [kworker/39:0H-events_highpri]
    214 ?        S      0:00 [cpuhp/40]
    215 ?        S      0:03 [migration/40]
    216 ?        S      1:43 [ksoftirqd/40]
    218 ?        I<     0:00 [kworker/40:0H-events_highpri]
    219 ?        S      0:00 [cpuhp/41]
    220 ?        S      0:03 [migration/41]
    221 ?        S      1:41 [ksoftirqd/41]
    223 ?        I<     0:00 [kworker/41:0H-events_highpri]
    224 ?        S      0:00 [cpuhp/42]
    225 ?        S      0:03 [migration/42]
    226 ?        S      1:38 [ksoftirqd/42]
    228 ?        I<     0:00 [kworker/42:0H-events_highpri]
    229 ?        S      0:00 [cpuhp/43]
    230 ?        S      0:03 [migration/43]
    231 ?        S      1:39 [ksoftirqd/43]
    233 ?        I<     0:00 [kworker/43:0H-events_highpri]
    234 ?        S      0:00 [cpuhp/44]
    235 ?        S      0:03 [migration/44]
    236 ?        S      1:38 [ksoftirqd/44]
    238 ?        I<     0:00 [kworker/44:0H-events_highpri]
    239 ?        S      0:00 [cpuhp/45]
    240 ?        S      0:03 [migration/45]
    241 ?        S      1:38 [ksoftirqd/45]
    243 ?        I<     0:00 [kworker/45:0H-events_highpri]
    244 ?        S      0:00 [cpuhp/46]
    245 ?        S      0:03 [migration/46]
    246 ?        S      1:36 [ksoftirqd/46]
    248 ?        I<     0:00 [kworker/46:0H-events_highpri]
    249 ?        S      0:00 [cpuhp/47]
    250 ?        S      0:03 [migration/47]
    251 ?        S      1:37 [ksoftirqd/47]
    253 ?        I<     0:00 [kworker/47:0H-events_highpri]
    254 ?        S      0:00 [cpuhp/48]
    255 ?        S      0:03 [migration/48]
    256 ?        S      1:41 [ksoftirqd/48]
    258 ?        I<     0:00 [kworker/48:0H-events_highpri]
    259 ?        S      0:00 [cpuhp/49]
    260 ?        S      0:03 [migration/49]
    261 ?        S      1:41 [ksoftirqd/49]
    264 ?        S      0:00 [cpuhp/50]
    265 ?        S      0:03 [migration/50]
    266 ?        S      1:40 [ksoftirqd/50]
    268 ?        I<     0:00 [kworker/50:0H-events_highpri]
    269 ?        S      0:00 [cpuhp/51]
    270 ?        S      0:03 [migration/51]
    271 ?        S      1:39 [ksoftirqd/51]
    273 ?        I<     0:00 [kworker/51:0H-events_highpri]
    274 ?        S      0:00 [cpuhp/52]
    275 ?        S      0:03 [migration/52]
    276 ?        S      1:38 [ksoftirqd/52]
    279 ?        S      0:00 [cpuhp/53]
    280 ?        S      0:03 [migration/53]
    281 ?        S      1:37 [ksoftirqd/53]
    284 ?        S      0:00 [cpuhp/54]
    285 ?        S      0:03 [migration/54]
    286 ?        S      1:37 [ksoftirqd/54]
    288 ?        I<     0:00 [kworker/54:0H-events_highpri]
    289 ?        S      0:00 [cpuhp/55]
    290 ?        S      0:03 [migration/55]
    291 ?        S      1:37 [ksoftirqd/55]
    293 ?        I<     0:00 [kworker/55:0H-events_highpri]
    294 ?        S      0:00 [cpuhp/56]
    295 ?        S      0:03 [migration/56]
    296 ?        S      1:43 [ksoftirqd/56]
    298 ?        I<     0:00 [kworker/56:0H-events_highpri]
    299 ?        S      0:00 [cpuhp/57]
    300 ?        S      0:03 [migration/57]
    301 ?        S      1:42 [ksoftirqd/57]
    303 ?        I<     0:00 [kworker/57:0H-events_highpri]
    304 ?        S      0:00 [cpuhp/58]
    305 ?        S      0:03 [migration/58]
    306 ?        S      1:38 [ksoftirqd/58]
    308 ?        I<     0:00 [kworker/58:0H-events_highpri]
    309 ?        S      0:00 [cpuhp/59]
    310 ?        S      0:03 [migration/59]
    311 ?        S      1:39 [ksoftirqd/59]
    313 ?        I<     0:00 [kworker/59:0H-events_highpri]
    314 ?        S      0:00 [cpuhp/60]
    315 ?        S      0:03 [migration/60]
    316 ?        S      1:37 [ksoftirqd/60]
    318 ?        I<     0:00 [kworker/60:0H-events_highpri]
    319 ?        S      0:00 [cpuhp/61]
    320 ?        S      0:03 [migration/61]
    321 ?        S      1:38 [ksoftirqd/61]
    323 ?        I<     0:00 [kworker/61:0H-events_highpri]
    324 ?        S      0:00 [cpuhp/62]
    325 ?        S      0:03 [migration/62]
    326 ?        S      1:37 [ksoftirqd/62]
    328 ?        I<     0:00 [kworker/62:0H-events_highpri]
    329 ?        S      0:00 [cpuhp/63]
    330 ?        S      0:03 [migration/63]
    331 ?        S      1:38 [ksoftirqd/63]
    333 ?        I<     0:00 [kworker/63:0H-events_highpri]
    334 ?        S      0:00 [cpuhp/64]
    335 ?        S      0:03 [migration/64]
    336 ?        S      1:42 [ksoftirqd/64]
    338 ?        I<     0:00 [kworker/64:0H-events_highpri]
    339 ?        S      0:00 [cpuhp/65]
    340 ?        S      0:03 [migration/65]
    341 ?        S      1:42 [ksoftirqd/65]
    343 ?        I<     0:00 [kworker/65:0H-events_highpri]
    344 ?        S      0:00 [cpuhp/66]
    345 ?        S      0:03 [migration/66]
    346 ?        S      1:39 [ksoftirqd/66]
    348 ?        I<     0:00 [kworker/66:0H-events_highpri]
    349 ?        S      0:00 [cpuhp/67]
    350 ?        S      0:03 [migration/67]
    351 ?        S      1:40 [ksoftirqd/67]
    353 ?        I<     0:00 [kworker/67:0H-events_highpri]
    354 ?        S      0:00 [cpuhp/68]
    355 ?        S      0:03 [migration/68]
    356 ?        S      1:39 [ksoftirqd/68]
    358 ?        I<     0:00 [kworker/68:0H-events_highpri]
    359 ?        S      0:00 [cpuhp/69]
    360 ?        S      0:03 [migration/69]
    361 ?        S      1:39 [ksoftirqd/69]
    363 ?        I<     0:00 [kworker/69:0H-events_highpri]
    364 ?        S      0:00 [cpuhp/70]
    365 ?        S      0:03 [migration/70]
    366 ?        S      1:37 [ksoftirqd/70]
    368 ?        I<     0:00 [kworker/70:0H-events_highpri]
    369 ?        S      0:00 [cpuhp/71]
    370 ?        S      0:03 [migration/71]
    371 ?        S      1:37 [ksoftirqd/71]
    373 ?        I<     0:00 [kworker/71:0H-events_highpri]
    374 ?        S      0:00 [cpuhp/72]
    375 ?        S      0:03 [migration/72]
    376 ?        S      1:43 [ksoftirqd/72]
    378 ?        I<     0:00 [kworker/72:0H-events_highpri]
    379 ?        S      0:00 [cpuhp/73]
    380 ?        S      0:03 [migration/73]
    381 ?        S      1:42 [ksoftirqd/73]
    383 ?        I<     0:00 [kworker/73:0H-events_highpri]
    384 ?        S      0:00 [cpuhp/74]
    385 ?        S      0:03 [migration/74]
    386 ?        S      1:38 [ksoftirqd/74]
    388 ?        I<     0:00 [kworker/74:0H-events_highpri]
    389 ?        S      0:00 [cpuhp/75]
    390 ?        S      0:03 [migration/75]
    391 ?        S      1:41 [ksoftirqd/75]
    393 ?        I<     0:00 [kworker/75:0H-events_highpri]
    394 ?        S      0:00 [cpuhp/76]
    395 ?        S      0:03 [migration/76]
    396 ?        S      1:39 [ksoftirqd/76]
    398 ?        I<     0:00 [kworker/76:0H-events_highpri]
    399 ?        S      0:00 [cpuhp/77]
    400 ?        S      0:03 [migration/77]
    401 ?        S      1:39 [ksoftirqd/77]
    403 ?        I<     0:00 [kworker/77:0H-events_highpri]
    404 ?        S      0:00 [cpuhp/78]
    405 ?        S      0:03 [migration/78]
    406 ?        S      1:37 [ksoftirqd/78]
    408 ?        I<     0:00 [kworker/78:0H-events_highpri]
    409 ?        S      0:00 [cpuhp/79]
    410 ?        S      0:03 [migration/79]
    411 ?        S      1:38 [ksoftirqd/79]
    413 ?        I<     0:00 [kworker/79:0H-events_highpri]
    414 ?        S      0:00 [cpuhp/80]
    415 ?        S      0:03 [migration/80]
    416 ?        S      1:44 [ksoftirqd/80]
    418 ?        I<     0:00 [kworker/80:0H-events_highpri]
    419 ?        S      0:00 [cpuhp/81]
    420 ?        S      0:03 [migration/81]
    421 ?        S      1:42 [ksoftirqd/81]
    423 ?        I<     0:00 [kworker/81:0H-events_highpri]
    424 ?        S      0:00 [cpuhp/82]
    425 ?        S      0:03 [migration/82]
    426 ?        S      1:39 [ksoftirqd/82]
    428 ?        I<     0:00 [kworker/82:0H-events_highpri]
    429 ?        S      0:00 [cpuhp/83]
    430 ?        S      0:03 [migration/83]
    431 ?        S      1:39 [ksoftirqd/83]
    433 ?        I<     0:00 [kworker/83:0H-events_highpri]
    434 ?        S      0:00 [cpuhp/84]
    435 ?        S      0:03 [migration/84]
    436 ?        S      1:38 [ksoftirqd/84]
    438 ?        I<     0:00 [kworker/84:0H-events_highpri]
    439 ?        S      0:00 [cpuhp/85]
    440 ?        S      0:03 [migration/85]
    441 ?        S      1:39 [ksoftirqd/85]
    443 ?        I<     0:00 [kworker/85:0H-events_highpri]
    444 ?        S      0:00 [cpuhp/86]
    445 ?        S      0:03 [migration/86]
    446 ?        S      1:37 [ksoftirqd/86]
    448 ?        I<     0:00 [kworker/86:0H-events_highpri]
    449 ?        S      0:00 [cpuhp/87]
    450 ?        S      0:03 [migration/87]
    451 ?        S      1:37 [ksoftirqd/87]
    453 ?        I<     0:00 [kworker/87:0H-events_highpri]
    454 ?        S      0:00 [cpuhp/88]
    455 ?        S      0:03 [migration/88]
    456 ?        S      1:43 [ksoftirqd/88]
    458 ?        I<     0:00 [kworker/88:0H-events_highpri]
    459 ?        S      0:00 [cpuhp/89]
    460 ?        S      0:03 [migration/89]
    461 ?        S      1:40 [ksoftirqd/89]
    463 ?        I<     0:00 [kworker/89:0H-events_highpri]
    464 ?        S      0:00 [cpuhp/90]
    465 ?        S      0:03 [migration/90]
    466 ?        S      1:40 [ksoftirqd/90]
    468 ?        I<     0:00 [kworker/90:0H-events_highpri]
    469 ?        S      0:00 [cpuhp/91]
    470 ?        S      0:03 [migration/91]
    471 ?        S      1:40 [ksoftirqd/91]
    473 ?        I<     0:00 [kworker/91:0H-events_highpri]
    474 ?        S      0:00 [cpuhp/92]
    475 ?        S      0:03 [migration/92]
    476 ?        S      1:36 [ksoftirqd/92]
    478 ?        I<     0:00 [kworker/92:0H-events_highpri]
    479 ?        S      0:00 [cpuhp/93]
    480 ?        S      0:03 [migration/93]
    481 ?        S      1:38 [ksoftirqd/93]
    483 ?        I<     0:00 [kworker/93:0H-events_highpri]
    484 ?        S      0:00 [cpuhp/94]
    485 ?        S      0:03 [migration/94]
    486 ?        S      1:38 [ksoftirqd/94]
    488 ?        I<     0:00 [kworker/94:0H-events_highpri]
    489 ?        S      0:00 [cpuhp/95]
    490 ?        S      0:03 [migration/95]
    491 ?        S      1:38 [ksoftirqd/95]
    493 ?        I<     0:00 [kworker/95:0H-events_highpri]
    494 ?        S      0:00 [cpuhp/96]
    495 ?        S      0:02 [migration/96]
    496 ?        S      1:40 [ksoftirqd/96]
    498 ?        I<     0:00 [kworker/96:0H-events_highpri]
    499 ?        S      0:00 [cpuhp/97]
    500 ?        S      0:02 [migration/97]
    501 ?        S      1:38 [ksoftirqd/97]
    503 ?        I<     0:00 [kworker/97:0H-events_highpri]
    504 ?        S      0:00 [cpuhp/98]
    505 ?        S      0:02 [migration/98]
    506 ?        S      1:35 [ksoftirqd/98]
    508 ?        I<     0:00 [kworker/98:0H-events_highpri]
    509 ?        S      0:00 [cpuhp/99]
    510 ?        S      0:02 [migration/99]
    511 ?        S      1:36 [ksoftirqd/99]
    514 ?        S      0:00 [cpuhp/100]
    515 ?        S      0:02 [migration/100]
    516 ?        S      1:35 [ksoftirqd/100]
    519 ?        S      0:00 [cpuhp/101]
    520 ?        S      0:02 [migration/101]
    521 ?        S      1:35 [ksoftirqd/101]
    523 ?        I<     0:00 [kworker/101:0H-events_highpri]
    524 ?        S      0:00 [cpuhp/102]
    525 ?        S      0:02 [migration/102]
    526 ?        S      1:35 [ksoftirqd/102]
    528 ?        I<     0:00 [kworker/102:0H-events_highpri]
    529 ?        S      0:00 [cpuhp/103]
    530 ?        S      0:02 [migration/103]
    531 ?        S      1:35 [ksoftirqd/103]
    533 ?        I<     0:00 [kworker/103:0H-events_highpri]
    534 ?        S      0:00 [cpuhp/104]
    535 ?        S      0:03 [migration/104]
    536 ?        S      1:40 [ksoftirqd/104]
    538 ?        I<     0:00 [kworker/104:0H-events_highpri]
    539 ?        S      0:00 [cpuhp/105]
    540 ?        S      0:02 [migration/105]
    541 ?        S      1:39 [ksoftirqd/105]
    543 ?        I<     0:00 [kworker/105:0H-events_highpri]
    544 ?        S      0:00 [cpuhp/106]
    545 ?        S      0:02 [migration/106]
    546 ?        S      1:36 [ksoftirqd/106]
    549 ?        S      0:00 [cpuhp/107]
    550 ?        S      0:02 [migration/107]
    551 ?        S      1:38 [ksoftirqd/107]
    553 ?        I<     0:00 [kworker/107:0H-events_highpri]
    554 ?        S      0:00 [cpuhp/108]
    555 ?        S      0:02 [migration/108]
    556 ?        S      1:36 [ksoftirqd/108]
    558 ?        I<     0:00 [kworker/108:0H-events_highpri]
    559 ?        S      0:00 [cpuhp/109]
    560 ?        S      0:02 [migration/109]
    561 ?        S      1:36 [ksoftirqd/109]
    563 ?        I<     0:00 [kworker/109:0H-events_highpri]
    564 ?        S      0:00 [cpuhp/110]
    565 ?        S      0:02 [migration/110]
    566 ?        S      1:36 [ksoftirqd/110]
    568 ?        I<     0:00 [kworker/110:0H-events_highpri]
    569 ?        S      0:00 [cpuhp/111]
    570 ?        S      0:02 [migration/111]
    571 ?        S      1:36 [ksoftirqd/111]
    573 ?        I<     0:00 [kworker/111:0H-events_highpri]
    574 ?        S      0:00 [cpuhp/112]
    575 ?        S      0:03 [migration/112]
    576 ?        S      1:39 [ksoftirqd/112]
    578 ?        I<     0:00 [kworker/112:0H-events_highpri]
    579 ?        S      0:00 [cpuhp/113]
    580 ?        S      0:03 [migration/113]
    581 ?        S      1:40 [ksoftirqd/113]
    583 ?        I<     0:00 [kworker/113:0H-events_highpri]
    584 ?        S      0:00 [cpuhp/114]
    585 ?        S      0:02 [migration/114]
    586 ?        S      1:36 [ksoftirqd/114]
    588 ?        I<     0:00 [kworker/114:0H-events_highpri]
    589 ?        S      0:00 [cpuhp/115]
    590 ?        S      0:02 [migration/115]
    591 ?        S      1:38 [ksoftirqd/115]
    593 ?        I<     0:00 [kworker/115:0H-events_highpri]
    594 ?        S      0:00 [cpuhp/116]
    595 ?        S      0:02 [migration/116]
    596 ?        S      1:36 [ksoftirqd/116]
    598 ?        I<     0:00 [kworker/116:0H-events_highpri]
    599 ?        S      0:00 [cpuhp/117]
    600 ?        S      0:02 [migration/117]
    601 ?        S      1:36 [ksoftirqd/117]
    603 ?        I<     0:00 [kworker/117:0H-events_highpri]
    604 ?        S      0:00 [cpuhp/118]
    605 ?        S      0:02 [migration/118]
    606 ?        S      1:35 [ksoftirqd/118]
    608 ?        I<     0:00 [kworker/118:0H-events_highpri]
    609 ?        S      0:00 [cpuhp/119]
    610 ?        S      0:02 [migration/119]
    611 ?        S      1:35 [ksoftirqd/119]
    613 ?        I<     0:00 [kworker/119:0H-events_highpri]
    614 ?        S      0:00 [cpuhp/120]
    615 ?        S      0:03 [migration/120]
    616 ?        S      1:39 [ksoftirqd/120]
    618 ?        I<     0:00 [kworker/120:0H-events_highpri]
    619 ?        S      0:00 [cpuhp/121]
    620 ?        S      0:03 [migration/121]
    621 ?        S      1:38 [ksoftirqd/121]
    623 ?        I<     0:00 [kworker/121:0H-events_highpri]
    624 ?        S      0:00 [cpuhp/122]
    625 ?        S      0:02 [migration/122]
    626 ?        S      1:37 [ksoftirqd/122]
    629 ?        S      0:00 [cpuhp/123]
    630 ?        S      0:02 [migration/123]
    631 ?        S      1:38 [ksoftirqd/123]
    633 ?        I<     0:00 [kworker/123:0H-events_highpri]
    634 ?        S      0:00 [cpuhp/124]
    635 ?        S      0:02 [migration/124]
    636 ?        S      1:36 [ksoftirqd/124]
    638 ?        I<     0:00 [kworker/124:0H-events_highpri]
    639 ?        S      0:00 [cpuhp/125]
    640 ?        S      0:02 [migration/125]
    641 ?        S      1:36 [ksoftirqd/125]
    643 ?        I<     0:00 [kworker/125:0H-events_highpri]
    644 ?        S      0:00 [cpuhp/126]
    645 ?        S      0:02 [migration/126]
    646 ?        S      1:35 [ksoftirqd/126]
    648 ?        I<     0:00 [kworker/126:0H-events_highpri]
    649 ?        S      0:00 [cpuhp/127]
    650 ?        S      0:02 [migration/127]
    651 ?        S      1:35 [ksoftirqd/127]
    653 ?        I<     0:00 [kworker/127:0H-events_highpri]
    654 ?        S      0:00 [cpuhp/128]
    655 ?        S      0:03 [migration/128]
    656 ?        S      1:39 [ksoftirqd/128]
    658 ?        I<     0:00 [kworker/128:0H-events_highpri]
    659 ?        S      0:00 [cpuhp/129]
    660 ?        S      0:02 [migration/129]
    661 ?        S      1:40 [ksoftirqd/129]
    663 ?        I<     0:00 [kworker/129:0H-events_highpri]
    664 ?        S      0:00 [cpuhp/130]
    665 ?        S      0:02 [migration/130]
    666 ?        S      1:35 [ksoftirqd/130]
    668 ?        I<     0:00 [kworker/130:0H-events_highpri]
    669 ?        S      0:00 [cpuhp/131]
    670 ?        S      0:02 [migration/131]
    671 ?        S      1:36 [ksoftirqd/131]
    673 ?        I<     0:00 [kworker/131:0H-events_highpri]
    674 ?        S      0:00 [cpuhp/132]
    675 ?        S      0:02 [migration/132]
    676 ?        S      1:35 [ksoftirqd/132]
    679 ?        S      0:00 [cpuhp/133]
    680 ?        S      0:02 [migration/133]
    681 ?        S      1:35 [ksoftirqd/133]
    684 ?        S      0:00 [cpuhp/134]
    685 ?        S      0:02 [migration/134]
    686 ?        S      1:34 [ksoftirqd/134]
    688 ?        I<     0:00 [kworker/134:0H-events_highpri]
    689 ?        S      0:00 [cpuhp/135]
    690 ?        S      0:02 [migration/135]
    691 ?        S      1:34 [ksoftirqd/135]
    693 ?        I<     0:00 [kworker/135:0H-events_highpri]
    694 ?        S      0:00 [cpuhp/136]
    695 ?        S      0:03 [migration/136]
    696 ?        S      1:38 [ksoftirqd/136]
    698 ?        I<     0:00 [kworker/136:0H-events_highpri]
    699 ?        S      0:00 [cpuhp/137]
    700 ?        S      0:02 [migration/137]
    701 ?        S      1:37 [ksoftirqd/137]
    703 ?        I<     0:00 [kworker/137:0H-events_highpri]
    704 ?        S      0:00 [cpuhp/138]
    705 ?        S      0:02 [migration/138]
    706 ?        S      1:35 [ksoftirqd/138]
    708 ?        I<     0:00 [kworker/138:0H-events_highpri]
    709 ?        S      0:00 [cpuhp/139]
    710 ?        S      0:03 [migration/139]
    711 ?        S      1:36 [ksoftirqd/139]
    713 ?        I<     0:00 [kworker/139:0H-events_highpri]
    714 ?        S      0:00 [cpuhp/140]
    715 ?        S      0:02 [migration/140]
    716 ?        S      1:35 [ksoftirqd/140]
    718 ?        I<     0:00 [kworker/140:0H-events_highpri]
    719 ?        S      0:00 [cpuhp/141]
    720 ?        S      0:03 [migration/141]
    721 ?        S      1:35 [ksoftirqd/141]
    723 ?        I<     0:00 [kworker/141:0H-events_highpri]
    724 ?        S      0:00 [cpuhp/142]
    725 ?        S      0:03 [migration/142]
    726 ?        S      1:34 [ksoftirqd/142]
    728 ?        I<     0:00 [kworker/142:0H-events_highpri]
    729 ?        S      0:00 [cpuhp/143]
    730 ?        S      0:02 [migration/143]
    731 ?        S      1:35 [ksoftirqd/143]
    733 ?        I<     0:00 [kworker/143:0H-events_highpri]
    734 ?        S      0:00 [cpuhp/144]
    735 ?        S      0:03 [migration/144]
    736 ?        S      1:36 [ksoftirqd/144]
    738 ?        I<     0:00 [kworker/144:0H-events_highpri]
    739 ?        S      0:00 [cpuhp/145]
    740 ?        S      0:02 [migration/145]
    741 ?        S      1:37 [ksoftirqd/145]
    743 ?        I<     0:00 [kworker/145:0H-events_highpri]
    744 ?        S      0:00 [cpuhp/146]
    745 ?        S      0:02 [migration/146]
    746 ?        S      1:34 [ksoftirqd/146]
    748 ?        I<     0:00 [kworker/146:0H-events_highpri]
    749 ?        S      0:00 [cpuhp/147]
    750 ?        S      0:02 [migration/147]
    751 ?        S      1:36 [ksoftirqd/147]
    753 ?        I<     0:00 [kworker/147:0H-events_highpri]
    754 ?        S      0:00 [cpuhp/148]
    755 ?        S      0:03 [migration/148]
    756 ?        S      1:34 [ksoftirqd/148]
    758 ?        I<     0:00 [kworker/148:0H-events_highpri]
    759 ?        S      0:00 [cpuhp/149]
    760 ?        S      0:02 [migration/149]
    761 ?        S      1:34 [ksoftirqd/149]
    763 ?        I<     0:00 [kworker/149:0H-events_highpri]
    764 ?        S      0:00 [cpuhp/150]
    765 ?        S      0:02 [migration/150]
    766 ?        S      1:34 [ksoftirqd/150]
    768 ?        I<     0:00 [kworker/150:0H-events_highpri]
    769 ?        S      0:00 [cpuhp/151]
    770 ?        S      0:02 [migration/151]
    771 ?        S      1:33 [ksoftirqd/151]
    773 ?        I<     0:00 [kworker/151:0H-events_highpri]
    774 ?        S      0:00 [cpuhp/152]
    775 ?        S      0:03 [migration/152]
    776 ?        S      1:37 [ksoftirqd/152]
    778 ?        I<     0:00 [kworker/152:0H-events_highpri]
    779 ?        S      0:00 [cpuhp/153]
    780 ?        S      0:03 [migration/153]
    781 ?        S      1:37 [ksoftirqd/153]
    783 ?        I<     0:00 [kworker/153:0H-events_highpri]
    784 ?        S      0:00 [cpuhp/154]
    785 ?        S      0:02 [migration/154]
    786 ?        S      1:34 [ksoftirqd/154]
    788 ?        I<     0:00 [kworker/154:0H-events_highpri]
    789 ?        S      0:00 [cpuhp/155]
    790 ?        S      0:02 [migration/155]
    791 ?        S      1:35 [ksoftirqd/155]
    793 ?        I<     0:00 [kworker/155:0H-events_highpri]
    794 ?        S      0:00 [cpuhp/156]
    795 ?        S      0:02 [migration/156]
    796 ?        S      1:33 [ksoftirqd/156]
    798 ?        I<     0:00 [kworker/156:0H-events_highpri]
    799 ?        S      0:00 [cpuhp/157]
    800 ?        S      0:03 [migration/157]
    801 ?        S      1:33 [ksoftirqd/157]
    803 ?        I<     0:00 [kworker/157:0H-events_highpri]
    804 ?        S      0:00 [cpuhp/158]
    805 ?        S      0:03 [migration/158]
    806 ?        S      1:32 [ksoftirqd/158]
    808 ?        I<     0:00 [kworker/158:0H-events_highpri]
    809 ?        S      0:00 [cpuhp/159]
    810 ?        S      0:03 [migration/159]
    811 ?        S      1:33 [ksoftirqd/159]
    813 ?        I<     0:00 [kworker/159:0H-events_highpri]
    814 ?        S      0:00 [cpuhp/160]
    815 ?        S      0:03 [migration/160]
    816 ?        S      1:35 [ksoftirqd/160]
    818 ?        I<     0:00 [kworker/160:0H-events_highpri]
    819 ?        S      0:00 [cpuhp/161]
    820 ?        S      0:03 [migration/161]
    821 ?        S      1:36 [ksoftirqd/161]
    823 ?        I<     0:00 [kworker/161:0H-events_highpri]
    824 ?        S      0:00 [cpuhp/162]
    825 ?        S      0:03 [migration/162]
    826 ?        S      1:34 [ksoftirqd/162]
    828 ?        I<     0:00 [kworker/162:0H-events_highpri]
    829 ?        S      0:00 [cpuhp/163]
    830 ?        S      0:03 [migration/163]
    831 ?        S      1:35 [ksoftirqd/163]
    833 ?        I<     0:00 [kworker/163:0H-events_highpri]
    834 ?        S      0:00 [cpuhp/164]
    835 ?        S      0:03 [migration/164]
    836 ?        S      1:33 [ksoftirqd/164]
    838 ?        I<     0:00 [kworker/164:0H-events_highpri]
    839 ?        S      0:00 [cpuhp/165]
    840 ?        S      0:03 [migration/165]
    841 ?        S      1:33 [ksoftirqd/165]
    843 ?        I<     0:00 [kworker/165:0H-events_highpri]
    844 ?        S      0:00 [cpuhp/166]
    845 ?        S      0:03 [migration/166]
    846 ?        S      1:33 [ksoftirqd/166]
    848 ?        I<     0:00 [kworker/166:0H-events_highpri]
    849 ?        S      0:00 [cpuhp/167]
    850 ?        S      0:03 [migration/167]
    851 ?        S      1:32 [ksoftirqd/167]
    853 ?        I<     0:00 [kworker/167:0H-events_highpri]
    854 ?        S      0:00 [cpuhp/168]
    855 ?        S      0:03 [migration/168]
    856 ?        S      1:35 [ksoftirqd/168]
    858 ?        I<     0:00 [kworker/168:0H-events_highpri]
    859 ?        S      0:00 [cpuhp/169]
    860 ?        S      0:03 [migration/169]
    861 ?        S      1:35 [ksoftirqd/169]
    863 ?        I<     0:00 [kworker/169:0H-events_highpri]
    864 ?        S      0:00 [cpuhp/170]
    865 ?        S      0:03 [migration/170]
    866 ?        S      1:32 [ksoftirqd/170]
    868 ?        I<     0:00 [kworker/170:0H-events_highpri]
    869 ?        S      0:00 [cpuhp/171]
    870 ?        S      0:02 [migration/171]
    871 ?        S      1:34 [ksoftirqd/171]
    874 ?        S      0:00 [cpuhp/172]
    875 ?        S      0:03 [migration/172]
    876 ?        S      1:32 [ksoftirqd/172]
    878 ?        I<     0:00 [kworker/172:0H-events_highpri]
    879 ?        S      0:00 [cpuhp/173]
    880 ?        S      0:03 [migration/173]
    881 ?        S      1:33 [ksoftirqd/173]
    883 ?        I<     0:00 [kworker/173:0H-events_highpri]
    884 ?        S      0:00 [cpuhp/174]
    885 ?        S      0:03 [migration/174]
    886 ?        S      1:32 [ksoftirqd/174]
    888 ?        I<     0:00 [kworker/174:0H-events_highpri]
    889 ?        S      0:00 [cpuhp/175]
    890 ?        S      0:03 [migration/175]
    891 ?        S      1:33 [ksoftirqd/175]
    893 ?        I<     0:00 [kworker/175:0H-events_highpri]
    894 ?        S      0:00 [cpuhp/176]
    895 ?        S      0:03 [migration/176]
    896 ?        S      1:35 [ksoftirqd/176]
    898 ?        I<     0:00 [kworker/176:0H-events_highpri]
    899 ?        S      0:00 [cpuhp/177]
    900 ?        S      0:03 [migration/177]
    901 ?        S      1:36 [ksoftirqd/177]
    903 ?        I<     0:00 [kworker/177:0H-events_highpri]
    904 ?        S      0:00 [cpuhp/178]
    905 ?        S      0:02 [migration/178]
    906 ?        S      1:31 [ksoftirqd/178]
    908 ?        I<     0:00 [kworker/178:0H-events_highpri]
    909 ?        S      0:00 [cpuhp/179]
    910 ?        S      0:03 [migration/179]
    911 ?        S      1:34 [ksoftirqd/179]
    913 ?        I<     0:00 [kworker/179:0H-events_highpri]
    914 ?        S      0:00 [cpuhp/180]
    915 ?        S      0:03 [migration/180]
    916 ?        S      1:31 [ksoftirqd/180]
    918 ?        I<     0:00 [kworker/180:0H-events_highpri]
    919 ?        S      0:00 [cpuhp/181]
    920 ?        S      0:03 [migration/181]
    921 ?        S      1:32 [ksoftirqd/181]
    923 ?        I<     0:00 [kworker/181:0H-events_highpri]
    924 ?        S      0:00 [cpuhp/182]
    925 ?        S      0:03 [migration/182]
    926 ?        S      1:32 [ksoftirqd/182]
    928 ?        I<     0:00 [kworker/182:0H-events_highpri]
    929 ?        S      0:00 [cpuhp/183]
    930 ?        S      0:03 [migration/183]
    931 ?        S      1:32 [ksoftirqd/183]
    933 ?        I<     0:00 [kworker/183:0H-events_highpri]
    934 ?        S      0:00 [cpuhp/184]
    935 ?        S      0:03 [migration/184]
    936 ?        S      1:36 [ksoftirqd/184]
    938 ?        I<     0:00 [kworker/184:0H-events_highpri]
    939 ?        S      0:00 [cpuhp/185]
    940 ?        S      0:03 [migration/185]
    941 ?        S      1:35 [ksoftirqd/185]
    943 ?        I<     0:00 [kworker/185:0H-events_highpri]
    944 ?        S      0:00 [cpuhp/186]
    945 ?        S      0:03 [migration/186]
    946 ?        S      1:32 [ksoftirqd/186]
    948 ?        I<     0:00 [kworker/186:0H-events_highpri]
    949 ?        S      0:00 [cpuhp/187]
    950 ?        S      0:03 [migration/187]
    951 ?        S      1:33 [ksoftirqd/187]
    953 ?        I<     0:00 [kworker/187:0H-events_highpri]
    954 ?        S      0:00 [cpuhp/188]
    955 ?        S      0:03 [migration/188]
    956 ?        S      1:31 [ksoftirqd/188]
    958 ?        I<     0:00 [kworker/188:0H-events_highpri]
    959 ?        S      0:00 [cpuhp/189]
    960 ?        S      0:03 [migration/189]
    961 ?        S      1:32 [ksoftirqd/189]
    963 ?        I<     0:00 [kworker/189:0H-events_highpri]
    964 ?        S      0:00 [cpuhp/190]
    965 ?        S      0:03 [migration/190]
    966 ?        S      1:32 [ksoftirqd/190]
    969 ?        S      0:00 [cpuhp/191]
    970 ?        S      0:03 [migration/191]
    971 ?        S      1:31 [ksoftirqd/191]
    973 ?        I<     0:00 [kworker/191:0H-events_highpri]
   1076 ?        S      0:00 [kdevtmpfs]
   1077 ?        I<     0:00 [inet_frag_wq]
   1078 ?        S      0:00 [kauditd]
   1082 ?        S      0:02 [khungtaskd]
   1083 ?        S      0:00 [oom_reaper]
   1084 ?        I<     0:00 [writeback]
   1085 ?        S    387:26 [kcompactd0]
   1086 ?        SN     0:00 [ksmd]
   1087 ?        SN     3:06 [khugepaged]
   1088 ?        I<     0:00 [kintegrityd]
   1089 ?        I<     0:00 [kblockd]
   1090 ?        I<     0:00 [blkcg_punt_bio]
   1091 ?        I<     0:00 [tpm_dev_wq]
   1092 ?        I<     0:00 [edac-poller]
   1093 ?        I<     0:00 [devfreq_wq]
   1094 ?        I<     0:16 [kworker/1:1H-kblockd]
   1097 ?        S      0:00 [irq/26-AMD-Vi]
   1098 ?        S      0:00 [irq/27-AMD-Vi]
   1099 ?        S      0:00 [irq/28-AMD-Vi]
   1100 ?        S      0:00 [irq/29-AMD-Vi]
   1101 ?        S    686:59 [kswapd0]
   1108 ?        I<     0:00 [kthrotld]
   1110 ?        S      0:00 [irq/35-pciehp]
   1111 ?        S      0:00 [irq/36-pciehp]
   1112 ?        S      0:00 [irq/37-pciehp]
   1113 ?        S      0:00 [irq/38-pciehp]
   1114 ?        S      0:00 [irq/43-pciehp]
   1115 ?        S      0:00 [irq/44-pciehp]
   1116 ?        S      0:00 [irq/45-pciehp]
   1117 ?        S      0:00 [irq/46-pciehp]
   1305 ?        I<     0:00 [acpi_thermal_pm]
   1306 ?        S      0:15 [hwrng]
   1307 ?        I<     0:00 [amd_iommu_v2]
   1308 ?        I<     0:00 [mld]
   1309 ?        I<     0:00 [ipv6_addrconf]
   1312 ?        I<     0:16 [kworker/97:1H-kblockd]
   1315 ?        I<     0:00 [kstrp]
   1320 ?        I<     0:00 [zswap-shrink]
   1365 ?        I<     0:17 [kworker/143:1H-kblockd]
   1376 ?        I<     0:16 [kworker/191:1H-kblockd]
   1377 ?        I<     0:16 [kworker/175:1H-kblockd]
   1378 ?        I<     0:16 [kworker/72:1H-xfs-log/nvme2n1p2]
   1379 ?        I<     0:17 [kworker/116:1H-kblockd]
   1380 ?        I<     0:16 [kworker/149:1H-kblockd]
   1381 ?        I<     0:17 [kworker/159:1H-kblockd]
   1382 ?        I<     0:16 [kworker/104:1H-kblockd]
   1384 ?        I<     0:17 [kworker/135:1H-kblockd]
   1385 ?        I<     0:17 [kworker/96:1H-kblockd]
   1386 ?        I<     0:17 [kworker/127:1H-kblockd]
   1389 ?        I<     0:16 [kworker/184:1H-kblockd]
   1394 ?        I<     0:17 [kworker/115:1H-kblockd]
   1397 ?        I<     0:17 [kworker/70:1H-kblockd]
   1440 ?        I<     0:16 [kworker/182:1H-kblockd]
   1441 ?        I<     0:16 [kworker/183:1H-kblockd]
   1442 ?        I<     0:16 [kworker/80:1H-kblockd]
   1443 ?        I<     0:16 [kworker/81:1H-kblockd]
   1444 ?        I<     0:16 [kworker/82:1H-kblockd]
   1445 ?        I<     0:16 [kworker/83:1H-kblockd]
   1446 ?        I<     0:17 [kworker/84:1H-xfs-log/nvme2n1p2]
   1447 ?        I<     0:16 [kworker/86:1H-kblockd]
   1448 ?        I<     0:16 [kworker/71:1H-kblockd]
   1449 ?        I<     0:16 [kworker/160:1H-kblockd]
   1453 ?        I<     0:16 [kworker/85:1H-kblockd]
   1454 ?        I<     0:17 [kworker/151:1H-kblockd]
   1459 ?        I<     0:15 [kworker/0:1H-kblockd]
   1460 ?        I<     0:00 [nvme-wq]
   1461 ?        I<     0:00 [nvme-reset-wq]
   1462 ?        I<     0:00 [nvme-delete-wq]
   1463 ?        I<     0:16 [kworker/87:1H-kblockd]
   1464 ?        I<     0:17 [kworker/176:1H-kblockd]
   1465 ?        I<     0:16 [kworker/177:1H-kblockd]
   1466 ?        I<     0:16 [kworker/178:1H-kblockd]
   1467 ?        I<     0:16 [kworker/179:1H-kblockd]
   1468 ?        I<     0:16 [kworker/181:1H-kblockd]
   1469 ?        I<     0:17 [kworker/98:1H-kblockd]
   1470 ?        I<     0:15 [kworker/56:1H-kblockd]
   1471 ?        I<     0:17 [kworker/105:1H-xfs-log/nvme2n1p2]
   1472 ?        I<     0:16 [kworker/57:1H-kblockd]
   1473 ?        I<     0:17 [kworker/99:1H-kblockd]
   1474 ?        I<     0:15 [kworker/32:1H-kblockd]
   1475 ?        I<     0:16 [kworker/180:1H-kblockd]
   1476 ?        I<     0:16 [kworker/24:1H-kblockd]
   1477 ?        I<     0:17 [kworker/58:1H-kblockd]
   1478 ?        I<     0:17 [kworker/100:1H-kblockd]
   1479 ?        I<     0:15 [kworker/106:1H-kblockd]
   1480 ?        I<     0:17 [kworker/59:1H-kblockd]
   1481 ?        I<     0:16 [kworker/101:1H-kblockd]
   1510 ?        I<     0:16 [kworker/33:1H-xfs-log/nvme2n1p2]
   1519 ?        I<     0:18 [kworker/18:1H-kblockd]
   1520 ?        I<     0:00 [ata_sff]
   1523 ?        I<     0:16 [kworker/161:1H-xfs-log/nvme2n1p2]
   1527 ?        I<     0:16 [kworker/142:1H-xfs-log/nvme2n1p2]
   1529 ?        I<     0:17 [kworker/29:1H-kblockd]
   1530 ?        I<     0:16 [kworker/134:1H-kblockd]
   1531 ?        I<     0:16 [kworker/74:1H-kblockd]
   1532 ?        I<     0:17 [kworker/2:1H-kblockd]
   1533 ?        I<     0:17 [kworker/34:1H-kblockd]
   1534 ?        I<     0:16 [kworker/73:1H-kblockd]
   1535 ?        I<     0:16 [kworker/108:1H-xfs-log/nvme2n1p2]
   1536 ?        I<     0:16 [kworker/102:1H-kblockd]
   1537 ?        I<     0:17 [kworker/43:1H-kblockd]
   1538 ?        I<     0:17 [kworker/190:1H-kblockd]
   1539 ?        I<     0:16 [kworker/103:1H-xfs-log/nvme2n1p2]
   1540 ?        I<     0:17 [kworker/118:1H-kblockd]
   1541 ?        I<     0:17 [kworker/150:1H-kblockd]
   1544 ?        S      0:00 [scsi_eh_0]
   1545 ?        I<     0:00 [scsi_tmf_0]
   1546 ?        S      0:00 [scsi_eh_1]
   1547 ?        I<     0:00 [scsi_tmf_1]
   1548 ?        S      0:00 [scsi_eh_2]
   1549 ?        I<     0:00 [scsi_tmf_2]
   1550 ?        S      0:00 [scsi_eh_3]
   1551 ?        I<     0:00 [scsi_tmf_3]
   1552 ?        I<     0:00 [bnxt_pf_wq]
   1554 ?        I<     0:17 [kworker/28:1H-kblockd]
   1555 ?        I<     0:16 [kworker/50:1H-kblockd]
   1556 ?        I<     0:17 [kworker/16:1H-kblockd]
   1557 ?        I<     0:17 [kworker/5:1H-kblockd]
   1558 ?        I<     0:16 [kworker/48:1H-kblockd]
   1559 ?        I<     0:17 [kworker/107:1H-kblockd]
   1560 ?        I<     0:16 [kworker/41:1H-kblockd]
   1561 ?        I<     0:17 [kworker/49:1H-kblockd]
   1615 ?        I<     0:00 [md]
   1619 ?        I<     0:20 [kworker/138:1H-kblockd]
   1622 ?        I<     0:17 [kworker/162:1H-kblockd]
   1628 ?        I<     0:00 [raid5wq]
   1635 ?        I<     0:16 [kworker/89:1H-kblockd]
   1642 ?        I<     0:16 [kworker/139:1H-kblockd]
   1656 ?        I<     0:00 [xfsalloc]
   1657 ?        I<     0:00 [xfs_mru_cache]
   1658 ?        I<     0:00 [xfs-buf/nvme2n1]
   1659 ?        I<     0:00 [xfs-conv/nvme2n]
   1660 ?        I<     0:00 [xfs-reclaim/nvm]
   1661 ?        I<     0:00 [xfs-blockgc/nvm]
   1662 ?        I<     0:00 [xfs-inodegc/nvm]
   1663 ?        I<     0:00 [xfs-log/nvme2n1]
   1664 ?        I<     0:00 [xfs-cil/nvme2n1]
   1665 ?        S      2:05 [xfsaild/nvme2n1p2]
   1678 ?        I<     0:17 [kworker/10:1H-kblockd]
   1700 ?        I<     0:15 [kworker/88:1H-kblockd]
   1705 ?        I<     0:16 [kworker/117:1H-kblockd]
   1718 ?        Ss     0:40 /lib/systemd/systemd-journald
   1742 ?        Ss     0:01 /lib/systemd/systemd-udevd
   1749 ?        I<     0:17 [kworker/67:1H-kblockd]
   1751 ?        I<     0:16 [kworker/140:1H-kblockd]
   1767 ?        I<     0:16 [kworker/4:1H-kblockd]
   1768 ?        I<     0:15 [kworker/90:1H-kblockd]
   1770 ?        I<     0:17 [kworker/119:1H-xfs-log/nvme2n1p2]
   1789 ?        I<     0:17 [kworker/61:1H-kblockd]
   1790 ?        I<     0:16 [kworker/60:1H-kblockd]
   1791 ?        I<     0:16 [kworker/62:1H-kblockd]
   1793 ?        I<     0:17 [kworker/141:1H-kblockd]
   1795 ?        I<     0:17 [kworker/30:1H-kblockd]
   1796 ?        I<     0:17 [kworker/31:1H-kblockd]
   1799 ?        I<     0:17 [kworker/63:1H-kblockd]
   1802 ?        I<     0:16 [kworker/153:1H-kblockd]
   1803 ?        I<     0:17 [kworker/154:1H-xfs-log/nvme2n1p2]
   1805 ?        I<     0:17 [kworker/17:1H-kblockd]
   1806 ?        I<     0:16 [kworker/164:1H-xfs-log/nvme2n1p2]
   1821 ?        I<     0:16 [kworker/158:1H-kblockd]
   1848 ?        I<     0:17 [kworker/68:1H-kblockd]
   1850 ?        I<     0:16 [kworker/109:1H-xfs-log/nvme2n1p2]
   1866 ?        I<     0:17 [kworker/95:1H-kblockd]
   1889 ?        I<     0:17 [kworker/128:1H-kblockd]
   1897 ?        I<     0:16 [kworker/123:1H-kblockd]
   1901 ?        I<     0:16 [kworker/14:1H-kblockd]
   1907 ?        I<     0:17 [kworker/20:1H-kblockd]
   1912 ?        I<     0:17 [kworker/69:1H-kblockd]
   1956 ?        I<     0:18 [kworker/36:1H-kblockd]
   1958 ?        I<     0:17 [kworker/79:1H-kblockd]
   1964 ?        I<     0:17 [kworker/114:1H-kblockd]
   1972 ?        I<     0:16 [kworker/40:1H-kblockd]
   1989 ?        I<     0:16 [kworker/78:1H-kblockd]
   1993 ?        I<     0:17 [kworker/166:1H-kblockd]
   1994 ?        I<     0:17 [kworker/137:1H-kblockd]
   1995 ?        I<     0:16 [kworker/76:1H-kblockd]
   1997 ?        I<     0:17 [kworker/19:1H-kblockd]
   1998 ?        I<     0:16 [kworker/144:1H-kblockd]
   1999 ?        I<     0:16 [kworker/92:1H-kblockd]
   2000 ?        I<     0:17 [kworker/148:1H-kblockd]
   2001 ?        I<     0:16 [kworker/44:1H-kblockd]
   2002 ?        I<     0:17 [kworker/124:1H-kblockd]
   2003 ?        I<     0:16 [kworker/8:1H-kblockd]
   2004 ?        I<     0:17 [kworker/147:1H-kblockd]
   2005 ?        I<     0:16 [kworker/35:1H-kblockd]
   2006 ?        I<     0:16 [kworker/47:1H-kblockd]
   2007 ?        I<     0:17 [kworker/110:1H-kblockd]
   2008 ?        I<     0:15 [kworker/168:1H-xfs-log/nvme2n1p2]
   2009 ?        I<     0:16 [kworker/6:1H-kblockd]
   2010 ?        I<     0:16 [kworker/152:1H-xfs-log/nvme2n1p2]
   2011 ?        I<     0:16 [kworker/155:1H-kblockd]
   2013 ?        I<     0:17 [kworker/167:1H-kblockd]
   2014 ?        I<     0:15 [kworker/126:1H-kblockd]
   2015 ?        I<     0:00 [ipmi-msghandler]
   2016 ?        I<     0:16 [kworker/37:1H-kblockd]
   2018 ?        S      0:00 [watchdogd]
   2019 ?        I<     0:16 [kworker/121:1H-kblockd]
   2020 ?        I<     0:18 [kworker/55:1H-kblockd]
   2021 ?        I<     0:17 [kworker/52:1H-kblockd]
   2022 ?        I<     0:17 [kworker/93:1H-kblockd]
   2023 ?        I<     0:17 [kworker/38:1H-xfs-log/nvme2n1p2]
   2025 ?        I<     0:17 [kworker/122:1H-kblockd]
   2026 ?        I<     0:17 [kworker/54:1H-kblockd]
   2027 ?        I<     0:17 [kworker/169:1H-kblockd]
   2028 ?        I<     0:17 [kworker/111:1H-kblockd]
   2029 ?        I<     0:17 [kworker/120:1H-kblockd]
   2030 ?        I<     0:16 [kworker/129:1H-kblockd]
   2031 ?        I<     0:17 [kworker/146:1H-kblockd]
   2032 ?        I<     0:17 [kworker/25:1H-kblockd]
   2033 ?        I<     0:16 [kworker/75:1H-kblockd]
   2034 ?        I<     0:16 [kworker/3:1H-kblockd]
   2035 ?        I<     0:16 [kworker/13:1H-kblockd]
   2036 ?        I<     0:17 [kworker/77:1H-kblockd]
   2037 ?        I<     0:16 [kworker/91:1H-kblockd]
   2038 ?        I<     0:17 [kworker/145:1H-kblockd]
   2039 ?        I<     0:17 [kworker/53:1H-kblockd]
   2040 ?        I<     0:17 [kworker/51:1H-kblockd]
   2041 ?        I<     0:16 [kworker/136:1H-kblockd]
   2042 ?        I<     0:17 [kworker/125:1H-kblockd]
   2043 ?        I<     0:16 [kworker/94:1H-kblockd]
   2045 ?        I<     0:16 [kworker/42:1H-kblockd]
   2047 ?        I<     0:17 [kworker/7:1H-kblockd]
   2049 ?        I<     0:17 [kworker/157:1H-kblockd]
   2051 ?        I<     0:17 [kworker/9:1H-kblockd]
   2053 ?        I<     0:17 [kworker/11:1H-kblockd]
   2055 ?        I<     0:17 [kworker/156:1H-kblockd]
   2056 ?        I<     0:17 [kworker/172:1H-kblockd]
   2057 ?        I<     0:17 [kworker/163:1H-kblockd]
   2063 ?        I<     0:16 [kworker/26:1H-kblockd]
   2066 ?        I<     0:17 [kworker/171:1H-kblockd]
   2068 ?        I<     0:16 [kworker/170:1H-kblockd]
   2069 ?        I<     0:16 [kworker/15:1H-xfs-log/nvme2n1p2]
   2079 ?        I<     0:17 [kworker/22:1H-kblockd]
   2080 ?        I<     0:17 [kworker/12:1H-kblockd]
   2081 ?        I<     0:16 [kworker/27:1H-kblockd]
   2082 ?        I<     0:16 [kworker/173:1H-kblockd]
   2089 ?        I<     0:17 [kworker/23:1H-kblockd]
   2099 ?        I<     0:17 [kworker/45:1H-kblockd]
   2100 ?        I<     0:16 [kworker/46:1H-kblockd]
   2101 ?        I<     0:17 [kworker/113:1H-xfs-log/nvme2n1p2]
   2134 ?        I<     0:00 [cryptd]
   2135 ?        I<     0:16 [kworker/66:1H-kblockd]
   2138 ?        I<     0:16 [kworker/186:1H-kblockd]
   2139 ?        I<     0:18 [kworker/112:1H-kblockd]
   2170 ?        I<     0:17 [kworker/133:1H-kblockd]
   2226 ?        I<     0:16 [kworker/64:1H-xfs-log/nvme2n1p2]
   2228 ?        I<     0:17 [kworker/39:1H-kblockd]
   2236 ?        I<     0:16 [kworker/174:1H-kblockd]
   2239 ?        I<     0:16 [kworker/187:1H-kblockd]
   2240 ?        I<     0:17 [kworker/189:1H-kblockd]
   2247 ?        I<     0:16 [kworker/132:1H-kblockd]
   2248 ?        I<     0:16 [kworker/130:1H-kblockd]
   2261 ?        I<     0:17 [kworker/65:1H-kblockd]
   2262 ?        I<     0:17 [kworker/131:1H-kblockd]
   2263 ?        I<     0:17 [kworker/21:1H-kblockd]
   2264 ?        I<     0:17 [kworker/188:1H-kblockd]
   2265 ?        I<     0:17 [kworker/165:1H-kblockd]
   2266 ?        I<     0:16 [kworker/185:1H-kblockd]
   2305 ?        SN     0:00 [kipmi0]
   2339 ?        Ss     0:01 /usr/sbin/cron -f
   2414 tty1     Ss+    0:00 /sbin/agetty -o -p -- \u --noclear - linux
   2415 tty2     Ss+    0:00 /sbin/agetty -o -p -- \u --noclear - linux
   2418 tty3     Ss+    0:00 /sbin/agetty -o -p -- \u --noclear - linux
   2419 tty4     Ss+    0:00 /sbin/agetty -o -p -- \u --noclear - linux
   2421 tty5     Ss+    0:00 /sbin/agetty -o -p -- \u --noclear - linux
   2422 tty6     Ss+    0:00 /sbin/agetty -o -p -- \u --noclear - linux
   2460 ?        Ss     0:00 sshd: /usr/sbin/sshd -D [listener] 0 of 10-100 startups
  17988 ?        I      0:03 [kworker/58:2-events]
  98339 ?        S<     0:00 [spl_system_task]
  98340 ?        S<     0:00 [spl_delay_taskq]
  98341 ?        S<     0:00 [spl_dynamic_tas]
  98342 ?        S<     6:13 [spl_kmem_cache]
  98344 ?        S<     0:00 [zvol]
  98345 ?        S      0:07 [arc_prune]
  98346 ?        S     96:32 [arc_evict]
  98347 ?        SN     0:07 [arc_reap]
  98348 ?        S      0:02 [dbu_evict]
  98349 ?        SN   254:13 [dbuf_evict]
  98350 ?        SN     0:00 [z_vdev_file]
  98351 ?        S      0:08 [l2arc_feed]
 117028 ?        I      0:18 [kworker/171:2-events]
 122853 ?        I      0:01 [kworker/161:0-events]
 124742 ?        I      0:18 [kworker/113:0-events]
 134157 ?        I      0:17 [kworker/116:2-events]
 140096 ?        I      0:02 [kworker/107:0-events]
 194208 ?        I      0:12 [kworker/176:2-events]
 195194 ?        I      0:16 [kworker/145:0-events]
 201369 ?        I      0:10 [kworker/82:1-events]
 204005 ?        I      0:17 [kworker/51:1-events]
 204867 ?        I      0:17 [kworker/88:0-events]
 205130 ?        Ss     0:00 /usr/sbin/smartd -n
 206204 ?        I      0:14 [kworker/62:1-cgwb_release]
 207677 ?        I      0:10 [kworker/191:0-events]
 207864 ?        I      0:17 [kworker/77:0-events]
 208294 ?        I      0:16 [kworker/121:2-events]
 213759 ?        I      0:17 [kworker/92:1-events]
 214936 ?        I      0:17 [kworker/37:0-cgroup_destroy]
 216013 ?        I      0:17 [kworker/128:2-events]
 216667 ?        I      0:16 [kworker/104:1-events]
 216697 ?        I      0:11 [kworker/23:1-events]
 217479 ?        I      0:17 [kworker/53:1-xfs-conv/nvme2n1p2]
 217707 ?        I      0:16 [kworker/108:0-events]
 218138 ?        I      0:17 [kworker/18:0-events]
 218139 ?        I      0:17 [kworker/38:0-events]
 218187 ?        I      0:17 [kworker/40:1-events]
 218215 ?        I      0:17 [kworker/61:2-events]
 218614 ?        I      0:17 [kworker/66:1-events]
 218697 ?        I      0:13 [kworker/55:1-cgroup_destroy]
 219543 ?        I      0:16 [kworker/174:1-events]
 220479 ?        I      0:16 [kworker/173:0-events]
 220929 ?        I      0:16 [kworker/39:1-events]
 221016 ?        I      0:16 [kworker/159:2-events]
 222280 ?        I      0:16 [kworker/64:0-events]
 222929 ?        I      0:01 [kworker/25:0-events]
 223300 ?        I      0:14 [kworker/81:1-events]
 223724 ?        I      0:17 [kworker/136:2-events]
 223752 ?        I      0:01 [kworker/85:1-events]
 223800 ?        I      0:15 [kworker/84:0-events]
 224103 ?        I      0:17 [kworker/48:1-events]
 224212 ?        I      0:17 [kworker/86:0-events]
 224653 ?        I      0:16 [kworker/157:0-events]
 224843 ?        I      0:14 [kworker/137:0-events]
 225191 ?        I      0:11 [kworker/22:0-events]
 225206 ?        I      0:16 [kworker/120:1-events]
 225229 ?        I      0:20 [kworker/16:2-events]
 225331 ?        I      0:16 [kworker/124:0-events]
 225438 ?        I      0:16 [kworker/180:0-events]
 225953 ?        I      0:16 [kworker/182:1-events]
 227820 ?        I      0:17 [kworker/87:1-events]
 228116 ?        I      0:17 [kworker/72:1-events]
 228426 ?        I      0:17 [kworker/153:0-xfs-inodegc/nvme2n1p2]
 229380 ?        I      0:04 [kworker/74:0-events]
 229737 ?        I      0:17 [kworker/9:0-events]
 230958 ?        I      0:17 [kworker/6:0-events]
 231788 ?        I      0:16 [kworker/115:0-events]
 233645 ?        I      0:01 [kworker/95:2-events]
 234215 ?        I      0:17 [kworker/54:0-events]
 234422 ?        I      0:11 [kworker/60:0-events]
 234652 ?        I      0:17 [kworker/15:1-events]
 235025 ?        I      0:16 [kworker/163:0-events]
 235742 ?        I      0:00 [kworker/117:2-cgroup_destroy]
 236479 ?        I      0:16 [kworker/147:1-events]
 236480 ?        I      0:17 [kworker/69:0-events]
 236538 ?        I      0:16 [kworker/155:2-events]
 236551 ?        I      0:16 [kworker/148:0-events]
 236562 ?        I      0:12 [kworker/27:1-events]
 237965 ?        I      0:17 [kworker/33:1-events]
 240662 ?        I      0:15 [kworker/94:2-events]
 243570 ?        I      0:16 [kworker/179:1-events]
 243581 ?        I      0:16 [kworker/132:2-events]
 244965 ?        I      0:15 [kworker/135:1-events]
 245146 ?        I      0:13 [kworker/118:1-events]
 245229 ?        I      0:17 [kworker/79:0-events]
 246036 ?        I      0:16 [kworker/146:2-events]
 251953 ?        I      0:16 [kworker/189:1-events]
 258918 ?        I      0:16 [kworker/177:0-events]
 260416 ?        I      0:00 [kworker/16:1-events]
 267191 ?        I<     0:00 [kworker/133:2H-kblockd]
 270642 ?        I      0:15 [kworker/117:0-events]
 278560 ?        I      0:02 [kworker/118:0-events]
 278692 ?        I      0:16 [kworker/36:0-events]
 285980 ?        I      0:16 [kworker/95:0-events]
 294206 ?        I      0:00 [kworker/87:2-events]
 299286 ?        I      0:15 [kworker/85:2-events]
 300639 ?        I      0:15 [kworker/43:0-events]
 302176 ?        I      0:16 [kworker/25:1-events]
 308285 ?        I      0:14 [kworker/107:2-events]
 308361 ?        I      0:05 [kworker/8:3-events]
 311307 ?        I      0:15 [kworker/29:0-events]
 323142 ?        I      0:15 [kworker/67:0-events]
 324623 ?        I      0:15 [kworker/13:3-events]
 332185 ?        I      0:14 [kworker/184:0-events]
 346851 ?        I      0:14 [kworker/170:1-events]
 356055 ?        I      0:14 [kworker/59:0-events]
 359158 ?        I      0:14 [kworker/50:1-events]
 367965 ?        I      0:13 [kworker/119:0-events]
 373976 ?        I      0:12 [kworker/110:2-events]
 386362 ?        I      0:00 [kworker/132:0-events]
 391832 ?        I      0:12 [kworker/24:1-events]
 394840 ?        I      0:13 [kworker/20:1-events]
 399193 ?        I      0:06 [kworker/112:3-events]
 402471 ?        I      0:08 [kworker/44:1-events]
 406946 ?        I      0:13 [kworker/89:2-events]
 412524 ?        I      0:05 [kworker/109:2-events]
 414507 ?        I      0:12 [kworker/154:3-events]
 429525 ?        I      0:13 [kworker/2:3-mm_percpu_wq]
 432805 ?        I      0:12 [kworker/74:1-events]
 435404 ?        I      0:12 [kworker/78:1-events]
 437138 ?        I      0:12 [kworker/83:0-events]
 441494 ?        I      0:11 [kworker/125:0-events]
 447374 ?        I      0:00 [kworker/125:1-events]
 454587 ?        I      0:11 [kworker/122:0-events]
 455982 ?        I      0:11 [kworker/139:2-events]
 460460 ?        I      0:10 [kworker/106:1-events]
 460676 ?        I      0:11 [kworker/114:1-events]
 463270 ?        I      0:11 [kworker/56:2-events]
 463411 ?        I      0:11 [kworker/185:1-events]
 466559 ?        I      0:11 [kworker/160:1-events]
 467741 ?        I      0:11 [kworker/161:2-events]
 467965 ?        I      0:12 [kworker/4:1-events]
 469291 ?        I      0:12 [kworker/96:0-events]
 470824 ?        I      0:06 [kworker/93:0-events]
 473134 ?        I      0:00 [kworker/88:2-events]
 476986 ?        I      0:10 [kworker/123:1-events]
 481486 ?        I      0:10 [kworker/63:1-events]
 487399 ?        I      0:10 [kworker/91:3-events]
 490356 ?        I      0:11 [kworker/28:3-events]
 493835 ?        I      0:00 [kworker/160:2-events]
 493836 ?        I      0:05 [kworker/162:0-events]
 502189 ?        I      0:00 [kworker/21:3-events]
 510962 ?        I      0:10 [kworker/21:0-events]
 513913 ?        I      0:00 [kworker/145:1]
 513914 ?        I      0:07 [kworker/31:1-events]
 517094 ?        I      0:10 [kworker/8:0-events]
 518843 ?        I      0:10 [kworker/73:0-events]
 518844 ?        I      0:00 [kworker/56:0-events]
 520388 ?        I      0:04 [kworker/35:2-events]
 523134 ?        I      0:09 [kworker/142:2-events]
 535178 ?        I      0:00 [kworker/54:1-cgroup_destroy]
 539546 ?        I      0:09 [kworker/45:1-events]
 548193 ?        I      0:00 [kworker/122:2-cgroup_destroy]
 549963 ?        I      0:00 [kworker/38:2-events]
 551149 ?        I      0:10 [kworker/26:1-events]
 551371 ?        I      0:00 [kworker/29:1-events]
 556876 ?        I      0:07 [kworker/141:2-events]
 561221 ?        I      0:00 [kworker/189:0-events]
 563268 ?        I      0:00 [kworker/70:2-events]
 570640 ?        I      0:00 [kworker/28:1-events]
 570737 ?        I      0:00 [kworker/136:3-events]
 573673 ?        I      0:08 [kworker/30:1-events]
 574196 ?        I      0:00 [kworker/131:2-events]
 576624 ?        I      0:08 [kworker/129:3-events]
 583949 ?        I      0:00 [kworker/106:0-events]
 584546 ?        I      0:00 [kworker/46:0-events]
 587513 ?        I      0:07 [kworker/32:0-xfs-buf/nvme2n1p2]
 593415 ?        I      0:08 [kworker/181:1-events]
 595175 ?        I      0:00 [kworker/43:3-events]
 598147 ?        I      0:08 [kworker/47:3-events]
 602508 ?        I      0:00 [kworker/139:3-events]
 604043 ?        I      0:08 [kworker/49:1-events]
 607017 ?        I      0:07 [kworker/130:0-events]
 607018 ?        I      0:07 [kworker/150:2-events]
 608387 ?        I      0:06 [kworker/140:0-events]
 611331 ?        I      0:00 [kworker/185:3-events]
 617247 ?        I      0:07 [kworker/17:3-events]
 618754 ?        I      0:06 [kworker/102:3-events]
 620157 ?        I      0:07 [kworker/42:1-events]
 620158 ?        I      0:08 [kworker/65:0-events]
 621693 ?        I      0:07 [kworker/10:0-events]
 624981 ?        I      0:06 [kworker/109:1-events]
 626392 ?        I      0:07 [kworker/167:2-events]
 631929 ?        I      0:05 [kworker/111:2-events]
 635210 ?        I      0:07 [kworker/82:0-events]
 636333 ?        I      0:07 [kworker/57:0-events]
 643515 ?        I      0:03 [kworker/1:0-events]
 649895 ?        I      0:00 [kworker/45:2-events]
 653073 ?        I      0:00 [kworker/89:0-events]
 653801 ?        I      0:00 [kworker/151:0-events]
 657357 ?        I      0:06 [kworker/149:2-events]
 657358 ?        I      0:06 [kworker/112:0-events]
 657361 ?        I      0:05 [kworker/127:0-events]
 657363 ?        I      0:00 [kworker/144:2-events]
 657366 ?        I      0:00 [kworker/184:1]
 658784 ?        I      0:00 [kworker/4:2-cgroup_destroy]
 660195 ?        I      0:06 [kworker/172:1-events]
 661882 ?        I      0:06 [kworker/3:1-events]
 663431 ?        I      0:06 [kworker/152:2-events]
 667198 ?        I      0:03 [kworker/52:0-cgroup_destroy]
 668605 ?        I      0:04 [kworker/105:2-events]
 669208 ?        I      0:00 [kworker/182:0]
 670161 ?        I      0:00 [kworker/129:1-events]
 672162 ?        I      0:06 [kworker/144:0-events]
 672307 ?        I      0:06 [kworker/23:0-events]
 673719 ?        I      0:06 [kworker/34:2-events]
 675117 ?        I      0:00 [kworker/36:1]
 675118 ?        I      0:06 [kworker/60:1-events]
 680434 ?        I      0:00 [kworker/114:2]
 688748 ?        I      0:06 [kworker/35:1-events]
 688749 ?        I      0:05 [kworker/41:2-events]
 690602 ?        I      0:02 [kworker/1:1-events]
 691702 ?        I      0:04 [kworker/103:0-events]
 691703 ?        I      0:05 [kworker/22:2-xfs-inodegc/nvme2n1p2]
 693214 ?        I      0:00 [kworker/110:1-events]
 694627 ?        I      0:05 [kworker/183:1-events]
 696113 ?        I      0:05 [kworker/126:1-events]
 703494 ?        I      0:05 [kworker/11:2-events]
 703837 ?        I      0:04 [kworker/75:0-events]
 706487 ?        I      0:05 [kworker/7:3-events]
 706797 ?        I      0:00 [kworker/13:0]
 706798 ?        I      0:05 [kworker/14:1-events]
 711512 ?        I      0:00 [kworker/9:1]
 711513 ?        I      0:03 [kworker/90:2-events]
 712719 ?        I      0:05 [kworker/168:2-events]
 713912 ?        I      0:00 [kworker/33:3-events]
 715670 ?        I      0:05 [kworker/44:0-events]
 718281 ?        I      0:05 [kworker/187:2-events]
 718633 ?        I      0:00 [kworker/99:0-cgroup_destroy]
 720112 ?        I      0:00 [kworker/48:0-events]
 720319 ?        I      0:00 [kworker/26:0-events]
 721043 ?        I      0:00 [kworker/18:2-events]
 721642 ?        I      0:05 [kworker/19:2-events]
 726125 ?        I      0:05 [kworker/27:0-events]
 728334 ?        I      0:04 [kworker/98:2-events]
 729150 ?        I      0:04 [kworker/162:2-events]
 733412 ?        I      0:04 [kworker/93:1-events]
 737970 ?        I      0:04 [kworker/99:1-events]
 740917 ?        I      0:04 [kworker/156:2-events]
 742105 ?        I      0:00 [kworker/181:0-events]
 743651 ?        I      0:04 [kworker/176:1-events]
 744587 ?        I      0:00 [kworker/187:0-events]
 744588 ?        I      0:00 [kworker/153:1-events]
 747039 ?        I      0:01 [kworker/175:0-events]
 747373 ?        I      0:04 [kworker/71:0-events]
 749977 ?        I      0:04 [kworker/131:1-events]
 749978 ?        I      0:00 [kworker/79:2-events]
 750331 ?        I      0:02 [kworker/101:1-cgroup_destroy]
 753280 ?        I      0:04 [kworker/158:0-events]
 754515 ?        I      0:00 [kworker/69:1-events]
 759104 ?        I      0:03 [kworker/165:0-events]
 761919 ?        I      0:00 [kworker/130:2-events]
 762339 ?        I      0:00 [kworker/128:0-events]
 762340 ?        I      0:03 [kworker/76:1-events]
 763282 ?        I      0:00 [kworker/98:0-cgroup_destroy]
 763283 ?        I      0:03 [kworker/97:1-events]
 763893 ?        I      0:03 [kworker/166:1-events]
 765336 ?        I      0:00 [kworker/53:0-xfs-conv/nvme2n1p2]
 768276 ?        I      0:00 [kworker/102:0-events]
 771214 ?        I      0:01 [kworker/188:1-events]
 774161 ?        I      0:00 [kworker/120:0-events]
 779445 ?        I      0:00 [kworker/159:1]
 780037 ?        I      0:03 [kworker/55:2-xfs-conv/nvme2n1p2]
 780127 ?        I      0:03 [kworker/80:0-events]
 781530 ?        I      0:03 [kworker/70:0-events]
 782975 ?        I      0:03 [kworker/68:0-events]
 786071 ?        I      0:00 [kworker/186:0-events]
 788281 ?        I      0:03 [kworker/191:1-events]
 789013 ?        I      0:03 [kworker/31:2-events]
 791222 ?        I      0:00 [kworker/170:2-events]
 791223 ?        I      0:00 [kworker/20:0-events]
 794763 ?        I      0:00 [kworker/57:2-cgroup_destroy]
 794858 ?        I      0:00 [kworker/58:1-events]
 795368 ?        I      0:00 [kworker/59:1-cgroup_destroy]
 796260 ?        I      0:02 [kworker/81:2-events]
 797701 ?        I      0:03 [kworker/46:3-events]
 799194 ?        I      0:02 [kworker/143:0-events]
 799195 ?        I      0:01 [kworker/190:2-events]
 800679 ?        I      0:00 [kworker/108:2-events]
 802665 ?        I      0:00 [kworker/105:1-events]
 804201 ?        I      0:00 [kworker/41:0-events]
 806739 ?        I      0:02 [kworker/52:2-events]
 808293 ?        I      0:00 [kworker/92:3-events]
 808665 ?        I      0:00 [kworker/73:2-events]
 809790 ?        I      0:02 [kworker/188:0-events]
 809844 ?        I      0:02 [kworker/169:2-events]
 811386 ?        I      0:00 [kworker/68:2-xfs-buf/nvme2n1p2]
 812753 ?        I      0:02 [kworker/186:1-events]
 812822 ?        I      0:02 [kworker/164:3-events]
 815714 ?        Ss     0:00 sshd: root@pts/0
 815721 pts/0    Ss     0:00 -bash
 816174 ?        I      0:00 [kworker/6:1-events]
 816175 ?        I      0:00 [kworker/7:0-events]
 819172 ?        I      0:00 [kworker/65:2-events]
 820238 ?        I      0:00 [kworker/66:0-events]
 821780 ?        I      0:02 [kworker/62:2-events]
 821781 ?        I      0:02 [kworker/175:2-events]
 821982 ?        I      0:00 [kworker/12:1-events]
 824590 ?        I      0:00 [kworker/171:0-events]
 826133 ?        I      0:00 [kworker/78:0-events]
 829108 ?        I      0:00 [kworker/51:0-events]
 830650 ?        I      0:00 [kworker/121:1-events]
 830856 ?        I      0:00 [kworker/123:0-events]
 832054 ?        I      0:00 [kworker/124:2-events]
 833604 ?        I      0:01 [kworker/178:1-events]
 833605 ?        I      0:01 [kworker/137:1-events]
 833818 ?        I      0:00 [kworker/177:2]
 833819 ?        I      0:00 [kworker/71:1-events]
 835005 ?        I      0:00 [kworker/180:1-events]
 836425 ?        I      0:00 [kworker/14:2-events]
 836778 ?        I      0:00 [kworker/91:0]
 836779 ?        I      0:01 [kworker/90:1-events]
 837971 ?        I      0:00 [kworker/146:0-events]
 840927 ?        I      0:00 [kworker/76:2-events]
 841148 ?        I      0:00 [kworker/169:1]
 842334 ?        I      0:00 [kworker/104:0-events]
 845296 ?        I      0:00 [kworker/163:1-events]
 845426 ?        I      0:00 [kworker/67:2-events]
 845647 ?        I      0:00 [kworker/100:3-cgroup_destroy]
 846968 ?        I      0:00 [kworker/49:2]
 846969 ?        I      0:01 [kworker/24:0-events]
 848260 ?        I      0:00 [kworker/80:2-events]
 848602 ?        I      0:01 [kworker/84:2-events]
 849801 ?        I      0:01 [kworker/94:1-events]
 853996 ?        I      0:00 [kworker/158:1]
 854733 ?        I      0:01 [kworker/140:2-events]
 854734 ?        I      0:00 [kworker/155:0]
 855542 ?        I      0:00 [kworker/77:1-events]
 855543 ?        I      0:01 [kworker/75:1-events]
 856095 ?        I      0:01 [kworker/190:1-events]
 858504 ?        I      0:00 [kworker/148:2-cgroup_destroy]
 859109 ?        I      0:01 [kworker/133:0-events]
 859579 ?        I      0:00 [kworker/165:2-events]
 860653 ?        I      0:00 [kworker/166:2]
 860654 ?        I      0:00 [kworker/42:2-events]
 861125 ?        I      0:01 [kworker/64:2-events]
 862875 ?        I      0:00 [kworker/179:0]
 862876 ?        I      0:00 [kworker/183:2-events]
 864423 ?        I      0:00 [kworker/154:0-events]
 865837 ?        I      0:00 [kworker/126:0-events]
 866440 ?        I      0:00 [kworker/2:1-events]
 866441 ?        I      0:01 [kworker/111:1-events]
 867385 ?        I      0:00 [kworker/142:0-events]
 868456 ?        I      0:00 [kworker/40:0-xfs-buf/nvme2n1p2]
 868457 ?        I      0:00 [kworker/174:0-events]
 870011 ?        I      0:00 [kworker/u384:2-events_unbound]
 870012 ?        I      0:00 [kworker/147:0-events]
 870955 ?        I      0:00 [kworker/164:1-events]
 870956 ?        I      0:01 [kworker/63:2-events]
 876259 ?        I      0:00 [kworker/116:0-cgroup_destroy]
 878878 ?        I      0:00 [kworker/156:1]
 878879 ?        I      0:00 [kworker/152:1-events]
 879821 ?        I      0:00 [kworker/157:1]
 879822 ?        I      0:01 [kworker/141:0-events]
 880631 ?        I      0:00 [kworker/143:1-events]
 882178 ?        I      0:02 [kworker/0:0-events]
 883593 ?        I      0:00 [kworker/96:2-cgroup_destroy]
 883594 ?        I      0:00 [kworker/47:0-events]
 884195 ?        I      0:01 [kworker/39:2-events]
 884279 ?        I      0:00 [kworker/119:1-events]
 885696 ?        I      0:00 [kworker/101:3-events]
 886209 ?        I      0:00 [kworker/103:1]
 886210 ?        I      0:00 [kworker/133:1-events]
 887500 ?        I      0:00 [kworker/15:2-events]
 888908 ?        I      0:01 [kworker/5:1-events]
 888909 ?        I      0:00 [kworker/11:1-events]
 889248 ?        I      0:00 [kworker/72:2]
 889249 ?        I      0:00 [kworker/173:1-events]
 890293 ?        I      0:00 [kworker/100:0-events]
 890294 ?        I      0:00 [kworker/97:0-events]
 890428 ?        I      0:00 [kworker/138:2-events]
 890442 ?        Ss     0:00 sshd: root@pts/2
 890450 ?        I      0:00 [kworker/134:3-events]
 890451 pts/2    Ss+    0:00 -bash
 890798 ?        I      0:00 [kworker/32:1-events]
 890799 ?        I      0:00 [kworker/168:1-events]
 891843 ?        I      0:00 [kworker/3:2-cgroup_destroy]
 892201 ?        I      0:00 [kworker/150:0-events]
 893332 ?        I      0:00 [kworker/5:0-events]
 896383 ?        I      0:00 [kworker/167:1-events]
 897000 ?        I      0:00 [kworker/12:0-events]
 898192 ?        I      0:00 [kworker/86:1-events]
 899236 ?        I      0:00 [kworker/113:1-cgroup_destroy]
 899387 ?        I      0:00 [kworker/30:2-events]
 899393 ?        I      0:00 [kworker/u384:3-events_unbound]
 900305 ?        I      0:00 [kworker/172:2-events]
 903746 ?        I      0:00 [kworker/10:2-events]
 905286 ?        I      0:00 [kworker/19:3-events]
 906693 ?        I      0:00 [kworker/127:2-events]
 907042 ?        I      0:00 [kworker/115:2]
 907043 ?        I      0:00 [kworker/34:0-events]
 908088 ?        I      0:00 [kworker/134:1-events]
 908247 ?        I      0:00 [kworker/37:2-events]
 908587 ?        I      0:00 [kworker/149:1-events]
 909631 ?        I      0:00 [kworker/151:1-events]
 909632 ?        I      0:00 [kworker/50:2-events]
 911122 ?        I      0:00 [kworker/17:0-events]
 911176 ?        I      0:00 [kworker/u384:0-flush-259:4]
 911177 ?        I      0:00 [kworker/83:1-events]
 912595 ?        I      0:00 [kworker/0:1-events]
 914538 ?        I      0:00 [kworker/59:3-events]
 914549 ?        I      0:00 [kworker/138:0-events]
 914568 ?        I      0:00 [kworker/61:3-events]
 914569 ?        I      0:00 [kworker/40:2-events]
 914840 ?        I      0:00 [kworker/153:2-events]
 914841 ?        I      0:00 [kworker/80:1-events]
 915182 ?        I      0:00 [kworker/17:1-events]
 915467 ?        I      0:00 [kworker/73:1-events]
 915506 ?        I      0:00 [kworker/8:1-events]
 915525 ?        I      0:00 [kworker/42:0-events]
 915526 ?        I      0:00 [kworker/34:1-events]
 915540 ?        I      0:00 [kworker/18:1-events]
 915557 ?        I      0:00 [kworker/90:0-events]
 915571 ?        I      0:00 [kworker/79:1-events]
 915597 ?        I      0:00 [kworker/65:1-events]
 915620 ?        I      0:00 [kworker/152:0-events]
 915621 ?        I      0:00 [kworker/135:2-events]
 915653 ?        I      0:00 [kworker/9:2-events]
 915668 ?        I      0:00 [kworker/2:0-events]
 915669 ?        I      0:00 [kworker/86:2-events]
 915685 ?        I      0:00 [kworker/66:2-events]
 916159 ?        I      0:00 [kworker/11:0-events]
 916199 ?        I      0:00 [kworker/24:2-events]
 916324 ?        I      0:00 [kworker/19:0-events]
 916349 ?        I      0:00 [kworker/3:0-events]
 916387 ?        I      0:00 [kworker/51:2-events]
 916388 ?        I      0:00 [kworker/89:1-events]
 916592 ?        I      0:00 [kworker/64:1-events]
 916593 ?        I      0:00 [kworker/172:0-events]
 916619 ?        I      0:00 [kworker/85:0-events]
 916658 ?        I      0:00 [kworker/14:0-events]
 916745 ?        I      0:00 [kworker/91:1-events]
 916771 ?        I      0:00 [kworker/174:2-events]
 916772 ?        I      0:00 [kworker/84:1-events]
 916994 ?        I      0:00 [kworker/189:2-events]
 917065 ?        I      0:00 [kworker/146:1-events]
 917143 ?        I      0:00 [kworker/21:1-events]
 917162 ?        I      0:00 [kworker/147:2-events]
 917235 ?        I      0:00 [kworker/154:1-events]
 917289 ?        I      0:00 [kworker/149:0-events]
 917306 ?        I      0:00 [kworker/124:1-events]
 917380 ?        I      0:00 [kworker/190:0-events]
 917484 ?        I      0:00 [kworker/23:2-events]
 917494 ?        I      0:00 [kworker/125:2-events]
 917543 ?        I      0:00 [kworker/1:2-events]
 917845 ?        I      0:00 [kworker/22:1-events]
 918228 ?        I      0:00 [kworker/156:0-events]
 918251 ?        I      0:00 [kworker/87:0-events]
 918252 ?        I      0:00 [kworker/32:2-events]
 918266 ?        I      0:00 [kworker/68:1-events]
 918316 ?        I      0:00 [kworker/107:1-events]
 918393 ?        I      0:00 [kworker/178:0-events]
 918512 ?        I      0:00 [kworker/30:0]
 918559 ?        I      0:00 [kworker/148:1-events]
 918628 ?        I      0:00 [kworker/176:0-events]
 919157 ?        I      0:00 [kworker/41:1-events]
 919294 ?        I      0:00 [kworker/26:2-events]
 919719 ?        I      0:00 [kworker/173:2-events]
 919863 ?        I      0:00 [kworker/12:2-events]
 920439 ?        I      0:00 [kworker/191:2-events]
 920717 ?        I      0:00 [kworker/u384:1-writeback]
 920868 ?        I      0:00 [kworker/52:1-events]
 921813 ?        I      0:00 [kworker/175:1-events]
 921946 ?        I      0:00 [kworker/53:2-events]
 921947 ?        I      0:00 [kworker/55:0-events]
 922546 ?        I      0:00 [kworker/44:2-events]
 922547 ?        I      0:00 [kworker/63:0-events]
 922568 ?        I      0:00 [kworker/82:2-events]
 922626 ?        I      0:00 [kworker/49:0-events]
 922669 ?        I      0:00 [kworker/31:0-events]
 922894 ?        I      0:00 [kworker/88:1-events]
 923266 ?        I      0:00 [kworker/150:1-events]
 923334 ?        I      0:00 [kworker/25:2-events]
 923356 ?        I      0:00 [kworker/161:1-events]
 923541 ?        I      0:00 [kworker/60:2-events]
 923605 ?        I      0:00 [kworker/119:2-events]
 923954 ?        I      0:00 [kworker/62:0-events]
 924244 ?        I      0:00 [kworker/0:2-events]
 924260 ?        I      0:00 [kworker/167:0-events]
 924262 ?        I      0:00 [kworker/100:1]
 924263 ?        I      0:00 [kworker/100:2-events]
 924265 ?        I      0:00 [kworker/101:0]
 924266 ?        I      0:00 [kworker/101:2-events]
 924268 pts/0    S+     0:00 screen -r
 924388 pts/1    S+     0:00 /bin/bash ./run.sh
 924399 ?        Ss     0:00 /home/tomas/builds/pg-12-mempool-rebalance/bin/postgres -D data
 924400 ?        Ss     0:00 postgres: checkpointer 
 924401 ?        Ss     0:00 postgres: background writer 
 924403 ?        Ss     0:00 postgres: walwriter 
 924404 ?        Ss     0:00 postgres: autovacuum launcher 
 924405 ?        Ss     0:00 postgres: logical replication launcher 
 924408 pts/1    S+     0:00 /bin/bash ./run-count.sh epyc 12-mempool-rebalance 20240118-1544/12-mempool-rebalance/1000 1 15 1 8 16 32 64 96 160 224 0 1 10 100 1000
 924409 pts/1    R+     0:00 ps ax
1265596 ?        I<     0:00 [kworker/9:2H-kblockd]
1391341 ?        I<     0:00 [kworker/52:2H-kblockd]
2637252 ?        I<     0:00 [kworker/0:2H-kblockd]
2642549 ?        I<     0:00 [kworker/99:2H-kblockd]
2642556 ?        I<     0:00 [kworker/100:2H-kblockd]
2770728 ?        I<     0:00 [kworker/49:2H]
2777668 ?        I<     0:00 [kworker/190:2H-kblockd]
2777688 ?        I<     0:00 [kworker/106:2H-kblockd]
2876155 ?        I<     0:00 [kworker/16:0H-kblockd]
2911710 ?        I<     0:00 [kworker/171:2H-kblockd]
2933379 ?        I<     0:00 [kworker/36:2H-kblockd]
2951642 ?        I<     0:00 [kworker/132:0H-kblockd]
2986679 ?        I<     0:00 [kworker/122:2H-kblockd]
2986904 ?        I<     0:00 [kworker/53:2H-kblockd]
3037113 ?        I<     0:00 [kworker/u385:3-btrfs-worker-high]
3227421 ?        I<     0:00 [kworker/u385:1-btrfs-worker-high]
3990635 ?        Ss     0:01 SCREEN
3990636 pts/1    Ss     0:00 /bin/bash
3990638 pts/1    S      0:00 su - tomas
3990639 pts/1    S      0:00 -bash
3990666 pts/1    S      0:00 bash
3990667 ?        Ss     0:16 ssh-agent bash
4035619 ?        I      0:00 [kworker/178:2-events]
4168692 ?        I      0:02 [kworker/135:0-events]
