                                       List of relations
 Schema |   Name   |   Type   | Owner | Persistence | Access method |    Size    | Description 
--------+----------+----------+-------+-------------+---------------+------------+-------------
 public | t        | table    | pi    | permanent   | heap          | 4480 kB    | 
 public | t_id_seq | sequence | pi    | permanent   |               | 8192 bytes | 
(2 rows)

                                        List of relations
 Schema |   Name    | Type  | Owner | Table | Persistence | Access method |  Size  | Description 
--------+-----------+-------+-------+-------+-------------+---------------+--------+-------------
 public | t_c10_idx | index | pi    | t     | permanent   | btree         | 240 kB | 
 public | t_c11_idx | index | pi    | t     | permanent   | btree         | 240 kB | 
 public | t_c2_idx  | index | pi    | t     | permanent   | btree         | 240 kB | 
 public | t_c3_idx  | index | pi    | t     | permanent   | btree         | 240 kB | 
 public | t_c4_idx  | index | pi    | t     | permanent   | btree         | 240 kB | 
 public | t_c5_idx  | index | pi    | t     | permanent   | btree         | 240 kB | 
 public | t_c6_idx  | index | pi    | t     | permanent   | btree         | 240 kB | 
 public | t_c7_idx  | index | pi    | t     | permanent   | btree         | 240 kB | 
 public | t_c8_idx  | index | pi    | t     | permanent   | btree         | 240 kB | 
 public | t_c9_idx  | index | pi    | t     | permanent   | btree         | 240 kB | 
 public | t_pkey    | index | pi    | t     | permanent   | btree         | 240 kB | 
(11 rows)

