2024-01-19 17:32:06.912 CET [11375] LOG:  starting PostgreSQL 17devel on x86_64-pc-linux-gnu, compiled by gcc (Gentoo 12.3.1_p20230526 p2) 12.3.1 20230526, 64-bit
2024-01-19 17:32:06.912 CET [11375] LOG:  listening on IPv4 address "127.0.0.1", port 5432
2024-01-19 17:32:06.913 CET [11375] LOG:  listening on Unix socket "/tmp/.s.PGSQL.5432"
2024-01-19 17:32:06.914 CET [11378] LOG:  database system was shut down at 2024-01-19 17:32:05 CET
2024-01-19 17:32:06.916 CET [11375] LOG:  database system is ready to accept connections
2024-01-19 17:32:07.085 CET [11376] LOG:  checkpoint starting: immediate force wait
2024-01-19 17:32:07.120 CET [11376] LOG:  checkpoint complete: wrote 932 buffers (0.1%); 0 WAL file(s) added, 0 removed, 0 recycled; write=0.034 s, sync=0.001 s, total=0.036 s; sync files=309, longest=0.001 s, average=0.001 s; distance=4376 kB, estimate=4376 kB; lsn=0/18CDB48, redo lsn=0/18CDAF0
2024-01-19 17:37:07.220 CET [11376] LOG:  checkpoint starting: time
2024-01-19 17:37:07.508 CET [11376] LOG:  checkpoint complete: wrote 82 buffers (0.0%); 1 WAL file(s) added, 0 removed, 0 recycled; write=0.252 s, sync=0.021 s, total=0.288 s; sync files=318, longest=0.001 s, average=0.001 s; distance=345 kB, estimate=3973 kB; lsn=0/1D70658, redo lsn=0/19242C0
2024-01-19 17:37:07.508 CET [11376] LOG:  checkpoint starting: immediate force wait
2024-01-19 17:37:07.535 CET [11376] LOG:  checkpoint complete: wrote 937 buffers (0.1%); 0 WAL file(s) added, 0 removed, 0 recycled; write=0.027 s, sync=0.001 s, total=0.028 s; sync files=260, longest=0.001 s, average=0.001 s; distance=4401 kB, estimate=4401 kB; lsn=0/1D70728, redo lsn=0/1D706D0
2024-01-19 17:42:07.635 CET [11376] LOG:  checkpoint starting: time
2024-01-19 17:42:07.960 CET [11376] LOG:  checkpoint complete: wrote 39 buffers (0.0%); 0 WAL file(s) added, 0 removed, 0 recycled; write=0.292 s, sync=0.031 s, total=0.326 s; sync files=335, longest=0.001 s, average=0.001 s; distance=145 kB, estimate=3975 kB; lsn=0/22022F0, redo lsn=0/1D94BD0
2024-01-19 17:42:07.960 CET [11376] LOG:  checkpoint starting: immediate force wait
2024-01-19 17:42:07.989 CET [11376] LOG:  checkpoint complete: wrote 981 buffers (0.1%); 0 WAL file(s) added, 0 removed, 1 recycled; write=0.028 s, sync=0.001 s, total=0.029 s; sync files=287, longest=0.001 s, average=0.001 s; distance=4533 kB, estimate=4533 kB; lsn=0/22023C0, redo lsn=0/2202368
2024-01-19 17:47:08.090 CET [11376] LOG:  checkpoint starting: time
2024-01-19 17:47:08.929 CET [11376] LOG:  checkpoint complete: wrote 40 buffers (0.0%); 0 WAL file(s) added, 0 removed, 0 recycled; write=0.794 s, sync=0.044 s, total=0.840 s; sync files=605, longest=0.001 s, average=0.001 s; distance=148 kB, estimate=4095 kB; lsn=0/27D8438, redo lsn=0/22276A8
2024-01-19 17:47:08.929 CET [11376] LOG:  checkpoint starting: immediate force wait
2024-01-19 17:47:08.961 CET [11376] LOG:  checkpoint complete: wrote 1492 buffers (0.1%); 0 WAL file(s) added, 0 removed, 0 recycled; write=0.031 s, sync=0.001 s, total=0.033 s; sync files=557, longest=0.001 s, average=0.000 s; distance=5827 kB, estimate=5827 kB; lsn=0/27D8508, redo lsn=0/27D84B0
2024-01-19 17:52:09.061 CET [11376] LOG:  checkpoint starting: time
2024-01-19 17:52:13.320 CET [11376] LOG:  checkpoint complete: wrote 42 buffers (0.0%); 0 WAL file(s) added, 0 removed, 0 recycled; write=4.231 s, sync=0.028 s, total=4.259 s; sync files=947, longest=0.001 s, average=0.001 s; distance=151 kB, estimate=5259 kB; lsn=0/2F67630, redo lsn=0/27FE440
2024-01-19 17:52:16.508 CET [11376] LOG:  checkpoint starting: immediate force wait
2024-01-19 17:52:16.584 CET [11376] LOG:  checkpoint complete: wrote 4544 buffers (0.4%); 0 WAL file(s) added, 0 removed, 1 recycled; write=0.067 s, sync=0.008 s, total=0.076 s; sync files=2275, longest=0.001 s, average=0.001 s; distance=15458 kB, estimate=15458 kB; lsn=0/3716E50, redo lsn=0/3716DF8
2024-01-19 17:57:16.684 CET [11376] LOG:  checkpoint starting: time
