    PID TTY      STAT   TIME COMMAND
      1 ?        Ss     0:03 /sbin/init
      2 ?        S      0:00 [kthreadd]
      3 ?        I<     0:00 [rcu_gp]
      4 ?        I<     0:00 [rcu_par_gp]
      5 ?        I<     0:00 [slub_flushwq]
      6 ?        I<     0:00 [netns]
     10 ?        I<     0:00 [mm_percpu_wq]
     11 ?        I      0:00 [rcu_tasks_kthread]
     12 ?        I      0:00 [rcu_tasks_rude_kthread]
     13 ?        I      0:00 [rcu_tasks_trace_kthread]
     14 ?        S      0:31 [ksoftirqd/0]
     15 ?        I      1:07 [rcu_preempt]
     16 ?        S      0:00 [migration/0]
     17 ?        S      0:00 [cpuhp/0]
     18 ?        S      0:00 [cpuhp/1]
     19 ?        S      0:00 [migration/1]
     20 ?        S      0:32 [ksoftirqd/1]
     23 ?        S      0:00 [cpuhp/2]
     24 ?        S      0:00 [migration/2]
     25 ?        S      0:33 [ksoftirqd/2]
     28 ?        S      0:00 [cpuhp/3]
     29 ?        S      0:00 [migration/3]
     30 ?        S      0:32 [ksoftirqd/3]
     33 ?        S      0:00 [kdevtmpfs]
     34 ?        I<     0:00 [inet_frag_wq]
     36 ?        S      0:00 [kauditd]
     38 ?        S      0:00 [khungtaskd]
     40 ?        S      0:00 [oom_reaper]
     41 ?        I<     0:00 [writeback]
     42 ?        S      0:15 [kcompactd0]
     44 ?        I<     0:00 [kintegrityd]
     45 ?        I<     0:00 [kblockd]
     46 ?        I<     0:00 [blkcg_punt_bio]
     47 ?        S      0:00 [watchdogd]
     51 ?        I<     0:00 [rpciod]
     52 ?        I<     0:00 [xprtiod]
     55 ?        S      0:04 [kswapd0]
     56 ?        I<     0:00 [nfsiod]
     57 ?        I<     0:00 [kthrotld]
     62 ?        S      0:00 [hwrng]
     63 ?        I<     0:00 [iscsi_conn_clea]
     64 ?        I<     0:00 [nvme-wq]
     65 ?        I<     0:00 [nvme-reset-wq]
     66 ?        I<     0:00 [nvme-delete-wq]
     67 ?        I<     0:00 [DWC Notificatio]
     68 ?        I<     0:00 [uas]
     75 ?        I<     0:00 [zswap-shrink]
     76 ?        I<     0:05 [kworker/u9:0-brcmf_wq/mmc1:0001:1]
     95 ?        S      0:00 [irq/39-aerdrv]
    103 ?        I<     0:00 [sdhci]
    104 ?        S      0:00 [irq/162-mmc1]
    105 ?        I<     0:00 [sdhci]
    106 ?        S      0:03 [irq/163-mmc0]
    107 ?        I<     0:00 [mmc_complete]
    211 ?        S      0:00 [spi10]
    232 ?        S      0:01 [jbd2/mmcblk0p2-8]
    233 ?        I<     0:00 [ext4-rsv-conver]
    247 ?        I<     0:00 [mld]
    248 ?        I<     0:00 [ipv6_addrconf]
    292 ?        Ss     0:00 /lib/systemd/systemd-journald
    317 ?        Ss     0:00 /lib/systemd/systemd-udevd
    379 ?        S      0:00 [v3d_bin]
    380 ?        S      0:00 [v3d_render]
    381 ?        S      0:00 [v3d_tfu]
    382 ?        S      0:00 [v3d_csd]
    383 ?        S      0:00 [v3d_cache_clean]
    411 ?        S      0:00 [irq/171-1000800000.codec]
    416 ?        I<     0:00 [cfg80211]
    437 ?        I<     0:00 [brcmf_wq/mmc1:0]
    440 ?        S      0:00 [brcmf_wdog/mmc1:0001:1]
    523 ?        S      0:00 [irq/175-vc4 hdmi hpd connected]
    535 ?        S      0:00 [irq/176-vc4 hdmi hpd disconnected]
    543 ?        S      0:00 [cec-vc4-hdmi-0]
    547 ?        S      0:00 [irq/177-vc4 hdmi cec rx]
    550 ?        S      0:00 [irq/178-vc4 hdmi cec tx]
    551 ?        S      0:00 [irq/179-vc4 hdmi hpd connected]
    553 ?        S      0:00 [irq/180-vc4 hdmi hpd disconnected]
    556 ?        S      0:00 [cec-vc4-hdmi-1]
    557 ?        S      0:00 [irq/181-vc4 hdmi cec rx]
    558 ?        S      0:00 [irq/182-vc4 hdmi cec tx]
    559 ?        S      0:00 [card1-crtc0]
    560 ?        S      0:00 [card1-crtc1]
    561 ?        S      0:00 [card1-crtc2]
    562 ?        S      0:00 [card1-crtc3]
    644 ?        Ssl    0:00 /lib/systemd/systemd-timesyncd
    669 ?        Ss     0:07 avahi-daemon: running [raspberrypi-2.local]
    670 ?        Ss     0:00 /usr/sbin/cron -f
    671 ?        Ss     0:07 /usr/bin/dbus-daemon --system --address=systemd: --nofork --nopidfile --systemd-activation --syslog-only
    674 ?        Ssl    0:00 /usr/lib/polkit-1/polkitd --no-debug
    684 ?        Ss     0:00 /lib/systemd/systemd-logind
    687 ?        Ss     0:01 /usr/sbin/thd --triggers /etc/triggerhappy/triggers.d/ --socket /run/thd.socket --user nobody --deviceglob /dev/input/event*
    692 ?        S      0:00 avahi-daemon: chroot helper
    751 ?        Ssl    0:27 /usr/sbin/NetworkManager --no-daemon
    757 ?        Ss     0:07 /sbin/wpa_supplicant -u -s -O DIR=/run/wpa_supplicant GROUP=netdev
    758 ?        Ssl    0:00 /usr/sbin/ModemManager
    785 ?        Ss     0:00 sshd: /usr/sbin/sshd -D [listener] 0 of 10-100 startups
    803 ?        I<     0:00 [kworker/u9:3-hci0]
    812 ?        Ss     0:00 /usr/libexec/bluetooth/bluetoothd
    863 tty1     Ss+    0:00 /sbin/agetty -o -p -- \u --noclear - linux
    865 ?        Ss+    0:00 /sbin/agetty -o -p -- \u --keep-baud 115200,57600,38400,9600 - vt220
    878 ?        I<     0:00 [wg-crypt-wg0]
    933 ?        Ss     0:00 /lib/systemd/systemd --user
    968 ?        Ss     0:00 SCREEN
    969 pts/1    Ss     0:00 /bin/bash
 149941 pts/1    S+     0:00 /bin/bash ./run.sh
 225714 ?        I      0:00 [kworker/1:0-events]
 307849 ?        I      0:00 [kworker/2:1]
 312200 ?        I      0:00 [kworker/u8:0-events_unbound]
 312581 ?        I<     0:00 [kworker/2:2H-kblockd]
 313864 ?        I      0:00 [kworker/3:2-events_power_efficient]
 313901 ?        I      0:00 [kworker/2:0-events]
 319333 ?        I<     0:00 [kworker/1:1H-kblockd]
 319336 ?        I<     0:00 [kworker/3:0H-kblockd]
 319531 ?        I      0:00 [kworker/1:2-events_power_efficient]
 321209 ?        I<     0:00 [kworker/1:2H]
 321406 ?        I      0:00 [kworker/3:0-mm_percpu_wq]
 321767 ?        Ss     0:00 /home/debian/builds/pg-4-lock-partitions/bin/postgres -D data
 321768 ?        Ss     0:00 postgres: checkpointer 
 321769 ?        Ss     0:00 postgres: background writer 
 321771 ?        Ss     0:00 postgres: walwriter 
 321772 ?        Ss     0:00 postgres: autovacuum launcher 
 321773 ?        Ss     0:00 postgres: logical replication launcher 
 321862 ?        I      0:00 [kworker/u8:1-events_unbound]
 322009 ?        I<     0:00 [kworker/0:1H-kblockd]
 322261 ?        I      0:00 [kworker/0:1-mm_percpu_wq]
 322347 ?        I<     0:00 [kworker/3:1H-kblockd]
 322607 ?        I<     0:00 [kworker/2:1H]
 322795 ?        I<     0:00 [kworker/0:2H]
 322992 ?        I      0:00 [kworker/0:2-mm_percpu_wq]
 323109 ?        I<     0:00 [kworker/3:2H]
 323203 ?        I<     0:00 [kworker/1:0H]
 323585 ?        I      0:00 [kworker/0:0-events_power_efficient]
 323616 ?        I<     0:00 [kworker/0:0H-mmc_complete]
 323658 ?        I      0:00 [kworker/u8:2-events_unbound]
 323741 ?        I<     0:00 [kworker/2:0H]
 323949 ?        I      0:00 [kworker/1:1-mm_percpu_wq]
 323984 pts/1    S+     0:00 /bin/bash ./run-join.sh rpi5-1 4-lock-partitions 20240116-1302/4-lock-partitions/1000 1 15 1 2 4 8 0 1 10 100 1000
 323985 pts/1    R+     0:00 ps ax
