  PID TTY      STAT   TIME COMMAND
    1 ?        Ss     0:14 init [3]
    2 ?        S      0:00 [kthreadd]
    3 ?        S      0:00 [pool_workqueue_release]
    4 ?        I<     0:00 [kworker/R-rcu_g]
    5 ?        I<     0:00 [kworker/R-rcu_p]
    6 ?        I<     0:00 [kworker/R-slub_]
    7 ?        I<     0:00 [kworker/R-netns]
    9 ?        I<     0:00 [kworker/0:0H-kblockd]
   12 ?        I<     0:00 [kworker/R-mm_pe]
   13 ?        I      0:00 [rcu_tasks_kthread]
   14 ?        S      1:34 [ksoftirqd/0]
   15 ?        I      8:59 [rcu_preempt]
   16 ?        S      0:00 [migration/0]
   17 ?        S      0:00 [cpuhp/0]
   18 ?        S      0:00 [cpuhp/1]
   19 ?        S      0:01 [migration/1]
   20 ?        S      1:28 [ksoftirqd/1]
   22 ?        I<     0:00 [kworker/1:0H-kblockd]
   23 ?        S      0:00 [cpuhp/2]
   24 ?        S      0:01 [migration/2]
   25 ?        S      1:23 [ksoftirqd/2]
   27 ?        I<     0:00 [kworker/2:0H-kblockd]
   28 ?        S      0:00 [cpuhp/3]
   29 ?        S      0:01 [migration/3]
   30 ?        S      1:19 [ksoftirqd/3]
   32 ?        I<     0:00 [kworker/3:0H-kblockd]
   33 ?        S      0:00 [cpuhp/4]
   34 ?        S      0:01 [migration/4]
   35 ?        S      1:17 [ksoftirqd/4]
   37 ?        I<     0:00 [kworker/4:0H-kblockd]
   38 ?        S      0:00 [cpuhp/5]
   39 ?        S      0:01 [migration/5]
   40 ?        S      1:18 [ksoftirqd/5]
   42 ?        I<     0:00 [kworker/5:0H-kblockd]
   43 ?        S      0:00 [cpuhp/6]
   44 ?        S      0:01 [migration/6]
   45 ?        S      1:17 [ksoftirqd/6]
   47 ?        I<     0:00 [kworker/6:0H-kblockd]
   48 ?        S      0:00 [cpuhp/7]
   49 ?        S      0:01 [migration/7]
   50 ?        S      1:17 [ksoftirqd/7]
   52 ?        I<     0:00 [kworker/7:0H-kblockd]
   53 ?        S      0:00 [cpuhp/8]
   54 ?        S      0:01 [migration/8]
   55 ?        S      1:17 [ksoftirqd/8]
   57 ?        I<     0:00 [kworker/8:0H-events_highpri]
   58 ?        S      0:00 [cpuhp/9]
   59 ?        S      0:01 [migration/9]
   60 ?        S      1:20 [ksoftirqd/9]
   62 ?        I<     0:00 [kworker/9:0H-events_highpri]
   63 ?        S      0:00 [cpuhp/10]
   64 ?        S      0:01 [migration/10]
   65 ?        S      1:20 [ksoftirqd/10]
   67 ?        I<     0:00 [kworker/10:0H-events_highpri]
   68 ?        S      0:00 [cpuhp/11]
   69 ?        S      0:01 [migration/11]
   70 ?        S      1:20 [ksoftirqd/11]
   72 ?        I<     0:00 [kworker/11:0H-events_highpri]
   73 ?        S      0:00 [cpuhp/12]
   74 ?        S      0:01 [migration/12]
   75 ?        S      1:20 [ksoftirqd/12]
   77 ?        I<     0:00 [kworker/12:0H-events_highpri]
   78 ?        S      0:00 [cpuhp/13]
   79 ?        S      0:01 [migration/13]
   80 ?        S      1:21 [ksoftirqd/13]
   82 ?        I<     0:00 [kworker/13:0H-events_highpri]
   83 ?        S      0:00 [cpuhp/14]
   84 ?        S      0:01 [migration/14]
   85 ?        S      1:20 [ksoftirqd/14]
   87 ?        I<     0:00 [kworker/14:0H-events_highpri]
   88 ?        S      0:00 [cpuhp/15]
   89 ?        S      0:01 [migration/15]
   90 ?        S      1:20 [ksoftirqd/15]
   92 ?        I<     0:00 [kworker/15:0H-events_highpri]
   93 ?        S      0:00 [cpuhp/16]
   94 ?        S      0:00 [migration/16]
   95 ?        S      1:12 [ksoftirqd/16]
   97 ?        I<     0:00 [kworker/16:0H-kblockd]
   98 ?        S      0:00 [cpuhp/17]
   99 ?        S      0:00 [migration/17]
  100 ?        S      1:17 [ksoftirqd/17]
  102 ?        I<     0:00 [kworker/17:0H-events_highpri]
  103 ?        S      0:00 [cpuhp/18]
  104 ?        S      0:00 [migration/18]
  105 ?        S      1:19 [ksoftirqd/18]
  107 ?        I<     0:00 [kworker/18:0H-events_highpri]
  108 ?        S      0:00 [cpuhp/19]
  109 ?        S      0:00 [migration/19]
  110 ?        S      1:21 [ksoftirqd/19]
  112 ?        I<     0:00 [kworker/19:0H-events_highpri]
  113 ?        S      0:00 [cpuhp/20]
  114 ?        S      0:00 [migration/20]
  115 ?        S      1:21 [ksoftirqd/20]
  117 ?        I<     0:00 [kworker/20:0H-events_highpri]
  118 ?        S      0:00 [cpuhp/21]
  119 ?        S      0:00 [migration/21]
  120 ?        S      1:22 [ksoftirqd/21]
  122 ?        I<     0:00 [kworker/21:0H-events_highpri]
  123 ?        S      0:00 [cpuhp/22]
  124 ?        S      0:00 [migration/22]
  125 ?        S      1:21 [ksoftirqd/22]
  127 ?        I<     0:00 [kworker/22:0H-events_highpri]
  128 ?        S      0:00 [cpuhp/23]
  129 ?        S      0:00 [migration/23]
  130 ?        S      1:21 [ksoftirqd/23]
  132 ?        I<     0:00 [kworker/23:0H-events_highpri]
  133 ?        S      0:00 [cpuhp/24]
  134 ?        S      0:00 [migration/24]
  135 ?        S      1:21 [ksoftirqd/24]
  137 ?        I<     0:00 [kworker/24:0H-events_highpri]
  138 ?        S      0:00 [cpuhp/25]
  139 ?        S      0:00 [migration/25]
  140 ?        S      1:22 [ksoftirqd/25]
  142 ?        I<     0:00 [kworker/25:0H-events_highpri]
  143 ?        S      0:00 [cpuhp/26]
  144 ?        S      0:00 [migration/26]
  145 ?        S      1:22 [ksoftirqd/26]
  147 ?        I<     0:00 [kworker/26:0H-kblockd]
  148 ?        S      0:00 [cpuhp/27]
  149 ?        S      0:00 [migration/27]
  150 ?        S      1:22 [ksoftirqd/27]
  152 ?        I<     0:00 [kworker/27:0H-events_highpri]
  153 ?        S      0:00 [cpuhp/28]
  154 ?        S      0:00 [migration/28]
  155 ?        S      1:21 [ksoftirqd/28]
  157 ?        I<     0:00 [kworker/28:0H-events_highpri]
  158 ?        S      0:00 [cpuhp/29]
  159 ?        S      0:00 [migration/29]
  160 ?        S      1:22 [ksoftirqd/29]
  162 ?        I<     0:00 [kworker/29:0H-events_highpri]
  163 ?        S      0:00 [cpuhp/30]
  164 ?        S      0:00 [migration/30]
  165 ?        S      1:20 [ksoftirqd/30]
  167 ?        I<     0:00 [kworker/30:0H-events_highpri]
  168 ?        S      0:00 [cpuhp/31]
  169 ?        S      0:00 [migration/31]
  170 ?        S      1:20 [ksoftirqd/31]
  172 ?        I<     0:00 [kworker/31:0H-events_highpri]
  175 ?        S      0:00 [kdevtmpfs]
  176 ?        I<     0:00 [kworker/R-inet_]
  177 ?        S      0:00 [kauditd]
  179 ?        S      0:00 [oom_reaper]
  181 ?        I<     0:00 [kworker/R-write]
  182 ?        S     11:29 [kcompactd0]
  183 ?        S     12:10 [kcompactd1]
  184 ?        I<     0:00 [kworker/R-pencr]
  185 ?        I<     0:00 [kworker/R-pdecr]
  186 ?        I<     0:00 [kworker/R-crypt]
  187 ?        I<     0:00 [kworker/R-kinte]
  188 ?        I<     0:00 [kworker/R-kbloc]
  189 ?        I<     0:00 [kworker/R-blkcg]
  191 ?        I<     0:00 [kworker/R-ata_s]
  192 ?        I<     0:00 [kworker/R-md]
  193 ?        I<     0:00 [kworker/R-md_bi]
  194 ?        I<     0:00 [kworker/R-edac-]
  195 ?        S      0:00 [watchdogd]
  198 ?        I<     0:00 [kworker/17:1H-kblockd]
  199 ?        I<     0:00 [kworker/R-rpcio]
  200 ?        I<     0:00 [kworker/R-xprti]
  372 ?        S     10:02 [kswapd0]
  373 ?        S     12:40 [kswapd1]
  375 ?        I<     0:00 [kworker/R-nfsio]
  377 ?        I<     0:00 [kworker/R-xfsal]
  380 ?        I<     0:00 [kworker/R-xfs_m]
  510 ?        I<     0:00 [kworker/R-acpi_]
  573 ?        I<     0:00 [kworker/R-nvme-]
  575 ?        I<     0:00 [kworker/R-nvme-]
  577 ?        I<     0:00 [kworker/R-nvme-]
  587 ?        I<     0:00 [kworker/R-nvme_]
  615 ?        S      0:00 [scsi_eh_0]
  616 ?        I<     0:00 [kworker/R-scsi_]
  620 ?        S      0:00 [scsi_eh_1]
  621 ?        I<     0:00 [kworker/R-scsi_]
  625 ?        S      0:00 [scsi_eh_2]
  626 ?        I<     0:00 [kworker/R-scsi_]
  630 ?        S      0:00 [scsi_eh_3]
  631 ?        I<     0:00 [kworker/R-scsi_]
  656 ?        S      0:00 [scsi_eh_4]
  657 ?        I<     0:00 [kworker/R-scsi_]
  661 ?        S      0:00 [scsi_eh_5]
  662 ?        I<     0:00 [kworker/R-scsi_]
  663 ?        I      0:00 [kworker/6:1-mm_percpu_wq]
  666 ?        S      0:00 [scsi_eh_6]
  667 ?        I<     0:00 [kworker/R-scsi_]
  671 ?        S      0:00 [scsi_eh_7]
  672 ?        I<     0:00 [kworker/R-scsi_]
  676 ?        S      0:00 [scsi_eh_8]
  677 ?        I<     0:00 [kworker/R-scsi_]
  681 ?        S      0:00 [scsi_eh_9]
  682 ?        I<     0:00 [kworker/R-scsi_]
  779 ?        I<     0:00 [kworker/R-raid5]
  781 ?        I<     0:00 [kworker/R-bch_b]
  782 ?        I<     0:00 [kworker/R-bcach]
  783 ?        I<     0:00 [kworker/R-bch_j]
  786 ?        I<     0:00 [kworker/R-dm_bu]
  787 ?        I<     0:00 [kworker/R-kmpat]
  788 ?        I<     0:00 [kworker/R-kmpat]
  821 ?        I<     0:00 [kworker/31:1H-kblockd]
  831 ?        I<     0:00 [kworker/R-mld]
  832 ?        I<     0:00 [kworker/R-ipv6_]
  833 ?        I<     0:00 [kworker/15:1H-kblockd]
 1074 ?        I      0:00 [kworker/3:2-wg-crypt-wg0]
 1395 ?        I<     0:00 [kworker/u67:0]
 1396 ?        I<     0:00 [kworker/u68:0]
 1397 ?        I<     0:00 [kworker/u69:0]
 1407 ?        I<     0:00 [kworker/2:1H-kblockd]
 1420 ?        I<     0:00 [kworker/5:1H-kblockd]
 1437 ?        S      0:16 [jbd2/sda2-8]
 1438 ?        I<     0:00 [kworker/R-ext4-]
 1441 ?        I<     0:00 [kworker/6:1H-kblockd]
 1446 ?        I<     0:00 [kworker/7:1H-kblockd]
 1453 ?        I<     0:00 [kworker/16:1H-kblockd]
 1457 ?        I<     0:00 [kworker/4:1H-kblockd]
 1468 ?        I<     0:00 [kworker/3:1H-kblockd]
 1554 ?        I<     0:00 [kworker/0:1H-kblockd]
 1579 ?        I<     0:00 [kworker/1:1H-kblockd]
 1784 ?        I      0:00 [kworker/24:2-mm_percpu_wq]
 1787 ?        I<     0:00 [kworker/8:1H-kblockd]
 1842 ?        I<     0:00 [kworker/18:1H-kblockd]
 2012 ?        Ss     0:00 /lib/systemd/systemd-udevd
 2032 ?        I<     0:00 [kworker/12:1H-kblockd]
 2047 ?        I<     0:00 [kworker/30:1H-kblockd]
 2057 ?        I<     0:00 [kworker/10:1H-kblockd]
 2058 ?        I<     0:00 [kworker/13:1H-kblockd]
 2121 ?        I<     0:06 [kworker/19:1H-kblockd]
 2122 ?        I<     0:00 [kworker/21:1H-kblockd]
 2123 ?        I<     0:00 [kworker/20:1H-kblockd]
 2124 ?        I<     0:00 [kworker/22:1H-kblockd]
 2127 ?        I<     0:00 [kworker/23:1H-kblockd]
 2129 ?        I<     0:00 [kworker/11:1H-kblockd]
 2144 ?        I<     0:00 [kworker/9:1H-kblockd]
 2145 ?        I<     0:00 [kworker/R-ipmi-]
 2154 ?        I<     0:00 [kworker/24:1H-kblockd]
 2155 ?        I<     0:00 [kworker/28:1H-kblockd]
 2156 ?        I<     0:00 [kworker/25:1H-kblockd]
 2157 ?        I<     0:00 [kworker/27:1H-kblockd]
 2163 ?        I<     0:00 [kworker/14:1H-kblockd]
 2166 ?        I<     0:00 [kworker/26:1H-kblockd]
 2176 ?        I<     0:00 [kworker/29:1H-kblockd]
 2235 ?        SN     0:00 [kipmi0]
 2542 ?        I      0:00 [kworker/27:1-mm_percpu_wq]
 2799 ?        I      0:00 [kworker/28:0-mm_percpu_wq]
 2814 ?        Ss     0:00 /usr/sbin/rngd --pid-file /run/rngd.pid --background
 2945 ?        S      0:00 supervising syslog-ng
 2946 ?        Ssl    0:55 /usr/sbin/syslog-ng --cfgfile /etc/syslog-ng/syslog-ng.conf --control /run/syslog-ng.ctl --persist-file /var/lib/syslog-ng/syslog-ng.persist --pidfile /run/syslog-ng.pid
 2977 ?        Ss     0:19 /usr/sbin/crond
 3040 ?        S      0:03 dhcpcd: [manager] [ip4] [ip6]
 3093 ?        I      0:00 [kworker/8:0-events]
 3098 ?        I      0:00 [kworker/21:2-mm_percpu_wq]
 3138 ?        Ss     0:05 sshd: /usr/sbin/sshd -o PidFile=/run/sshd.pid -f /etc/ssh/sshd_config [listener] 0 of 10-100 startups
 3175 ?        I<     0:00 [kworker/R-wg-cr]
 3267 tty1     Ss+    0:00 /sbin/agetty --noclear 38400 tty1 linux
 3268 tty2     Ss+    0:00 /sbin/agetty 38400 tty2 linux
 3269 tty3     Ss+    0:00 /sbin/agetty 38400 tty3 linux
 3270 tty4     Ss+    0:00 /sbin/agetty 38400 tty4 linux
 3271 tty5     Ss+    0:00 /sbin/agetty 38400 tty5 linux
 3272 tty6     Ss+    0:00 /sbin/agetty 38400 tty6 linux
 3372 ?        I      0:00 [kworker/u66:0-events_unbound]
 4083 ?        I      0:00 [kworker/20:1-mm_percpu_wq]
 4535 ?        I      0:00 [kworker/u66:1-events_unbound]
 5092 ?        I      0:00 [kworker/4:0-mm_percpu_wq]
 5780 ?        I      0:00 [kworker/16:1-mm_percpu_wq]
 5847 ?        I      0:00 [kworker/1:0-wg-crypt-wg0]
 5866 ?        I      0:00 [kworker/u65:0-events_unbound]
 6320 ?        S      1:11 [jbd2/nvme0n1p1-8]
 6321 ?        I<     0:00 [kworker/R-ext4-]
 6507 ?        I      0:00 [kworker/10:2-mm_percpu_wq]
 7298 ?        I      0:00 [kworker/29:1-events]
 7417 ?        I      0:00 [kworker/7:0-wg-crypt-wg0]
 7813 ?        I      0:00 [kworker/5:0]
 8753 ?        I      0:02 [kworker/3:0-mm_percpu_wq]
 8968 ?        I      0:00 [kworker/22:1-mm_percpu_wq]
 9066 ?        I      0:00 [kworker/2:2-rcu_par_gp]
 9070 ?        I      0:00 [kworker/24:0-mm_percpu_wq]
 9076 ?        I      0:00 [kworker/19:1-events]
 9651 ?        I      0:00 [kworker/20:0-mm_percpu_wq]
10923 ?        I      0:00 [kworker/1:1-mm_percpu_wq]
11084 ?        I      0:00 [kworker/0:0-events]
11588 ?        I      0:00 [kworker/u65:3-events_unbound]
11944 ?        I      0:00 [kworker/7:2-mm_percpu_wq]
12320 pts/1    S      0:00 bash
12321 ?        Ss     0:08 ssh-agent bash
13028 ?        I      0:00 [kworker/22:0-mm_percpu_wq]
13757 ?        I      0:00 [kworker/u66:2-events_unbound]
13785 ?        I      0:00 [kworker/26:2-mm_percpu_wq]
13887 ?        I      0:00 [kworker/25:0-mm_percpu_wq]
13984 ?        I      0:00 [kworker/31:2-wg-crypt-wg0]
14061 ?        I      0:00 [kworker/15:1-mm_percpu_wq]
14098 ?        I      0:00 [kworker/26:0-events]
14148 ?        I      0:00 [kworker/22:2-mm_percpu_wq]
14196 ?        I      0:00 [kworker/17:2-events_power_efficient]
14461 ?        I      0:00 [kworker/27:2]
14495 ?        I      0:00 [kworker/13:0-events]
14927 ?        Ss     0:00 /var/lib/postgresql/builds/pg-1-locks/bin/postgres -D data
14928 ?        Ss     0:00 postgres: checkpointer 
14929 ?        Ss     0:00 postgres: background writer 
14931 ?        Ss     0:00 postgres: walwriter 
14932 ?        Ss     0:00 postgres: autovacuum launcher 
14933 ?        Ss     0:00 postgres: logical replication launcher 
14936 pts/1    S+     0:00 /bin/bash ./run-count.sh xeon 1-locks 20240119-0216-glibc/1-locks/1000 1 15 1 2 4 8 16 32 64 96 0 1 10 100 1000
14937 pts/1    R+     0:00 ps ax
15421 ?        I      0:00 [kworker/2:1-mm_percpu_wq]
15928 ?        I      0:09 [kworker/u65:2-flush-259:0]
16862 ?        I      0:00 [kworker/23:2-mm_percpu_wq]
18436 ?        S      0:00 [jbd2/sdb1-8]
18437 ?        I<     0:00 [kworker/R-ext4-]
18824 ?        I      0:00 [kworker/14:0-wg-kex-wg0]
18848 ?        I      0:11 [kworker/u64:2-ext4-rsv-conversion]
19098 ?        I      0:00 [kworker/21:0-mm_percpu_wq]
20127 ?        I      0:00 [kworker/u64:1-ext4-rsv-conversion]
20680 ?        I      0:00 [kworker/30:1-wg-crypt-wg0]
20691 ?        I      0:00 [kworker/25:2-mm_percpu_wq]
20808 ?        I      0:00 [kworker/0:1-events_freezable]
20848 ?        I      0:00 [kworker/9:0-wg-crypt-wg0]
21360 ?        I      0:00 [kworker/17:0-events_power_efficient]
21602 ?        Ss     0:01 SCREEN
21603 pts/1    Ss     0:00 -/bin/bash
21605 pts/1    S      0:00 su - postgres
21608 pts/1    S      0:00 -sh
22089 ?        I      0:00 [kworker/11:2-mm_percpu_wq]
22879 ?        I      0:00 [kworker/12:0-wg-crypt-wg0]
23198 pts/1    S+     0:00 /bin/bash ./tmp.sh
23199 pts/1    S+     0:00 /bin/bash ./run.sh glibc
23310 ?        I      0:03 [kworker/29:2-wg-crypt-wg0]
24714 ?        I      0:02 [kworker/5:1-events_power_efficient]
25344 ?        I      0:00 [kworker/10:1-events]
25393 ?        I      0:00 [kworker/16:0-events]
25474 ?        I      0:00 [kworker/28:1-mm_percpu_wq]
25661 ?        I      0:00 [kworker/31:0-events_power_efficient]
26083 ?        I      0:00 [kworker/9:2-mm_percpu_wq]
26086 ?        I      0:00 [kworker/13:2-wg-crypt-wg0]
26397 ?        I      0:00 [kworker/8:2-mm_percpu_wq]
27465 ?        I      0:00 [kworker/30:2-events]
29099 ?        I      0:00 [kworker/11:0-mm_percpu_wq]
30435 ?        I      0:00 [kworker/14:2-events]
31878 ?        I      0:00 [kworker/18:1-mm_percpu_wq]
32057 ?        I      0:00 [kworker/23:0-mm_percpu_wq]
32080 ?        I      0:00 [kworker/6:2-mm_percpu_wq]
32083 ?        I      0:00 [kworker/18:0-events]
32093 ?        I      0:00 [kworker/15:0-mm_percpu_wq]
32113 ?        I      0:00 [kworker/19:0-mm_percpu_wq]
32263 ?        I      0:01 [kworker/4:1-mm_percpu_wq]
32583 ?        I      0:00 [kworker/12:1-rcu_gp]
