    PID TTY      STAT   TIME COMMAND
      1 ?        Ss     0:02 /sbin/init
      2 ?        S      0:00 [kthreadd]
      3 ?        I<     0:00 [rcu_gp]
      4 ?        I<     0:00 [rcu_par_gp]
      5 ?        I<     0:00 [slub_flushwq]
      6 ?        I<     0:00 [netns]
      9 ?        I      0:00 [kworker/u8:0-events_unbound]
     10 ?        I<     0:00 [mm_percpu_wq]
     11 ?        I      0:00 [rcu_tasks_kthread]
     12 ?        I      0:00 [rcu_tasks_rude_kthread]
     13 ?        I      0:00 [rcu_tasks_trace_kthread]
     14 ?        S      0:00 [ksoftirqd/0]
     15 ?        I      0:00 [rcu_preempt]
     16 ?        S      0:00 [migration/0]
     17 ?        S      0:00 [cpuhp/0]
     18 ?        S      0:00 [cpuhp/1]
     19 ?        S      0:00 [migration/1]
     20 ?        S      0:00 [ksoftirqd/1]
     21 ?        I      0:00 [kworker/1:0-events]
     22 ?        I<     0:00 [kworker/1:0H-kblockd]
     23 ?        S      0:00 [cpuhp/2]
     24 ?        S      0:00 [migration/2]
     25 ?        S      0:00 [ksoftirqd/2]
     28 ?        S      0:00 [cpuhp/3]
     29 ?        S      0:00 [migration/3]
     30 ?        S      0:00 [ksoftirqd/3]
     33 ?        S      0:00 [kdevtmpfs]
     34 ?        I<     0:00 [inet_frag_wq]
     36 ?        S      0:00 [kauditd]
     38 ?        S      0:00 [khungtaskd]
     39 ?        I      0:00 [kworker/u8:1-events_unbound]
     40 ?        S      0:00 [oom_reaper]
     41 ?        I<     0:00 [writeback]
     42 ?        S      0:00 [kcompactd0]
     43 ?        I      0:00 [kworker/2:1-events_power_efficient]
     44 ?        I<     0:00 [kintegrityd]
     45 ?        I<     0:00 [kblockd]
     46 ?        I<     0:00 [blkcg_punt_bio]
     47 ?        S      0:00 [watchdogd]
     49 ?        I      0:00 [kworker/u8:2-events_unbound]
     50 ?        I<     0:00 [kworker/2:1H-kblockd]
     51 ?        I<     0:00 [rpciod]
     52 ?        I<     0:00 [xprtiod]
     55 ?        S      0:00 [kswapd0]
     56 ?        I<     0:00 [nfsiod]
     57 ?        I<     0:00 [kthrotld]
     59 ?        I      0:00 [kworker/2:2-events]
     62 ?        S      0:00 [hwrng]
     63 ?        I<     0:00 [iscsi_conn_clea]
     64 ?        I<     0:00 [nvme-wq]
     65 ?        I<     0:00 [nvme-reset-wq]
     66 ?        I<     0:00 [nvme-delete-wq]
     67 ?        I<     0:00 [DWC Notificatio]
     68 ?        I<     0:00 [uas]
     75 ?        I<     0:00 [zswap-shrink]
     76 ?        I<     0:00 [kworker/u9:0-brcmf_wq/mmc1:0001:1]
     95 ?        S      0:00 [irq/39-aerdrv]
     97 ?        I      0:00 [kworker/3:2-events_power_efficient]
     98 ?        I      0:00 [kworker/3:3-events]
    100 ?        I      0:00 [kworker/3:5-events]
    102 ?        I<     0:00 [sdhci]
    103 ?        S      0:00 [irq/162-mmc1]
    104 ?        I<     0:00 [sdhci]
    105 ?        S      0:00 [irq/163-mmc0]
    106 ?        I<     0:00 [mmc_complete]
    107 ?        I<     0:00 [kworker/0:1H-mmc_complete]
    155 ?        I<     0:00 [kworker/3:1H-kblockd]
    186 ?        S      0:00 [spi10]
    189 ?        I<     0:00 [kworker/1:2H-kblockd]
    211 ?        I<     0:00 [kworker/0:2H-kblockd]
    230 ?        I<     0:00 [kworker/2:2H]
    233 ?        I<     0:00 [kworker/3:2H]
    234 ?        S      0:00 [jbd2/mmcblk0p2-8]
    235 ?        I<     0:00 [ext4-rsv-conver]
    249 ?        I<     0:00 [mld]
    250 ?        I<     0:00 [ipv6_addrconf]
    287 ?        Ss     0:00 /lib/systemd/systemd-journald
    305 ?        I      0:00 [kworker/0:7-events]
    306 ?        I      0:00 [kworker/0:8-mm_percpu_wq]
    319 ?        Ss     0:00 /lib/systemd/systemd-udevd
    381 ?        S      0:00 [v3d_bin]
    382 ?        S      0:00 [v3d_render]
    383 ?        S      0:00 [v3d_tfu]
    384 ?        S      0:00 [v3d_csd]
    385 ?        S      0:00 [v3d_cache_clean]
    447 ?        S      0:00 [irq/171-1000800000.codec]
    464 ?        I<     0:00 [cfg80211]
    479 ?        I<     0:00 [brcmf_wq/mmc1:0]
    480 ?        S      0:00 [brcmf_wdog/mmc1:0001:1]
    538 ?        S      0:00 [irq/175-vc4 hdmi hpd connected]
    543 ?        S      0:00 [irq/176-vc4 hdmi hpd disconnected]
    545 ?        S      0:00 [cec-vc4-hdmi-0]
    549 ?        S      0:00 [irq/177-vc4 hdmi cec rx]
    551 ?        Ssl    0:00 /lib/systemd/systemd-timesyncd
    552 ?        S      0:00 [irq/178-vc4 hdmi cec tx]
    558 ?        S      0:00 [irq/179-vc4 hdmi hpd connected]
    559 ?        S      0:00 [irq/180-vc4 hdmi hpd disconnected]
    565 ?        S      0:00 [cec-vc4-hdmi-1]
    566 ?        S      0:00 [irq/181-vc4 hdmi cec rx]
    567 ?        S      0:00 [irq/182-vc4 hdmi cec tx]
    572 ?        S      0:00 [card1-crtc0]
    574 ?        S      0:00 [card1-crtc1]
    575 ?        S      0:00 [card1-crtc2]
    577 ?        S      0:00 [card1-crtc3]
    680 ?        I      0:00 [kworker/1:3-wg-crypt-wg0]
    681 ?        I      0:00 [kworker/1:4-wg-crypt-wg0]
    686 ?        Ss     0:00 avahi-daemon: running [raspberrypi.local]
    687 ?        Ss     0:00 /usr/sbin/cron -f
    688 ?        Ss     0:00 /usr/bin/dbus-daemon --system --address=systemd: --nofork --nopidfile --systemd-activation --syslog-only
    692 ?        Ssl    0:00 /usr/lib/polkit-1/polkitd --no-debug
    701 ?        Ss     0:00 /lib/systemd/systemd-logind
    702 ?        Ss     0:00 /usr/sbin/thd --triggers /etc/triggerhappy/triggers.d/ --socket /run/thd.socket --user nobody --deviceglob /dev/input/event*
    711 ?        S      0:00 avahi-daemon: chroot helper
    766 ?        Ssl    0:00 /usr/sbin/NetworkManager --no-daemon
    782 ?        Ss     0:00 /sbin/wpa_supplicant -u -s -O DIR=/run/wpa_supplicant GROUP=netdev
    785 ?        Ssl    0:00 /usr/sbin/ModemManager
    802 ?        Ss     0:00 sshd: /usr/sbin/sshd -D [listener] 0 of 10-100 startups
    809 ?        I<     0:00 [kworker/u9:3-hci0]
    818 ?        Ss     0:00 /usr/libexec/bluetooth/bluetoothd
    855 tty1     Ss+    0:00 /sbin/agetty -o -p -- \u --noclear - linux
    858 ?        Ss+    0:00 /sbin/agetty -o -p -- \u --keep-baud 115200,57600,38400,9600 - vt220
    892 ?        I<     0:00 [wg-crypt-wg0]
    944 ?        Ss     0:00 sshd: pi [priv]
    947 ?        Ss     0:00 /lib/systemd/systemd --user
    948 ?        S      0:00 (sd-pam)
    967 ?        S      0:00 sshd: pi@pts/0
    968 pts/0    Ss     0:00 -bash
    980 pts/0    S+     0:00 screen
    981 ?        Ss     0:00 SCREEN
    982 pts/1    Ss     0:00 /bin/bash
   1160 ?        I      0:00 [kworker/0:0]
   1161 pts/1    S+     0:00 /bin/bash ./run.sh
   1172 ?        I<     0:00 [kworker/0:0H]
   1173 ?        Ss     0:00 /home/pi/builds/pg-0-master/bin/postgres -D data
   1174 ?        I<     0:00 [kworker/1:1H]
   1175 ?        Ss     0:00 postgres: checkpointer 
   1176 ?        Ss     0:00 postgres: background writer 
   1178 ?        Ss     0:00 postgres: walwriter 
   1179 ?        Ss     0:00 postgres: autovacuum launcher 
   1180 ?        Ss     0:00 postgres: logical replication launcher 
   1181 ?        I<     0:00 [kworker/3:0H]
   1184 ?        I<     0:00 [kworker/2:0H]
   1185 pts/1    S+     0:00 /bin/bash ./run-count.sh rpi5-2 0-master 20240114-1519/0-master/1000 1 15 1 2 4 8 0 1 10 100 1000
   1186 pts/1    R+     0:00 ps ax
