pgbench (17devel)
WARNING:  terminating connection because of crash of another server process
DETAIL:  The postmaster has commanded this server process to roll back the current transaction and exit, because another server process exited abnormally and possibly corrupted shared memory.
HINT:  In a moment you should be able to reconnect to the database and repeat your command.
WARNING:  terminating connection because of crash of another server process
DETAIL:  The postmaster has commanded this server process to roll back the current transaction and exit, because another server process exited abnormally and possibly corrupted shared memory.
HINT:  In a moment you should be able to reconnect to the database and repeat your command.
WARNING:  terminating connection because of crash of another server process
DETAIL:  The postmaster has commanded this server process to roll back the current transaction and exit, because another server process exited abnormally and possibly corrupted shared memory.
HINT:  In a moment you should be able to reconnect to the database and repeat your command.
WARNING:  terminating connection because of crash of another server process
DETAIL:  The postmaster has commanded this server process to roll back the current transaction and exit, because another server process exited abnormally and possibly corrupted shared memory.
HINT:  In a moment you should be able to reconnect to the database and repeat your command.
WARNING:  terminating connection because of crash of another server process
DETAIL:  The postmaster has commanded this server process to roll back the current transaction and exit, because another server process exited abnormally and possibly corrupted shared memory.
HINT:  In a moment you should be able to reconnect to the database and repeat your command.
WARNING:  terminating connection because of crash of another server process
DETAIL:  The postmaster has commanded this server process to roll back the current transaction and exit, because another server process exited abnormally and possibly corrupted shared memory.
HINT:  In a moment you should be able to reconnect to the database and repeat your command.
WARNING:  terminating connection because of crash of another server process
DETAIL:  The postmaster has commanded this server process to roll back the current transaction and exit, because another server process exited abnormally and possibly corrupted shared memory.
HINT:  In a moment you should be able to reconnect to the database and repeat your command.
WARNING:  terminating connection because of crash of another server process
DETAIL:  The postmaster has commanded this server process to roll back the current transaction and exit, because another server process exited abnormally and possibly corrupted shared memory.
HINT:  In a moment you should be able to reconnect to the database and repeat your command.
WARNING:  terminating connection because of crash of another server process
DETAIL:  The postmaster has commanded this server process to roll back the current transaction and exit, because another server process exited abnormally and possibly corrupted shared memory.
HINT:  In a moment you should be able to reconnect to the database and repeat your command.
WARNING:  terminating connection because of crash of another server process
DETAIL:  The postmaster has commanded this server process to roll back the current transaction and exit, because another server process exited abnormally and possibly corrupted shared memory.
HINT:  In a moment you should be able to reconnect to the database and repeat your command.
WARNING:  terminating connection because of crash of another server process
DETAIL:  The postmaster has commanded this server process to roll back the current transaction and exit, because another server process exited abnormally and possibly corrupted shared memory.
HINT:  In a moment you should be able to reconnect to the database and repeat your command.
WARNING:  terminating connection because of crash of another server process
DETAIL:  The postmaster has commanded this server process to roll back the current transaction and exit, because another server process exited abnormally and possibly corrupted shared memory.
HINT:  In a moment you should be able to reconnect to the database and repeat your command.
WARNING:  terminating connection because of crash of another server process
DETAIL:  The postmaster has commanded this server process to roll back the current transaction and exit, because another server process exited abnormally and possibly corrupted shared memory.
HINT:  In a moment you should be able to reconnect to the database and repeat your command.
WARNING:  terminating connection because of crash of another server process
DETAIL:  The postmaster has commanded this server process to roll back the current transaction and exit, because another server process exited abnormally and possibly corrupted shared memory.
HINT:  In a moment you should be able to reconnect to the database and repeat your command.
WARNING:  terminating connection because of crash of another server process
DETAIL:  The postmaster has commanded this server process to roll back the current transaction and exit, because another server process exited abnormally and possibly corrupted shared memory.
HINT:  In a moment you should be able to reconnect to the database and repeat your command.
WARNING:  terminating connection because of crash of another server process
DETAIL:  The postmaster has commanded this server process to roll back the current transaction and exit, because another server process exited abnormally and possibly corrupted shared memory.
HINT:  In a moment you should be able to reconnect to the database and repeat your command.
WARNING:  terminating connection because of crash of another server process
DETAIL:  The postmaster has commanded this server process to roll back the current transaction and exit, because another server process exited abnormally and possibly corrupted shared memory.
HINT:  In a moment you should be able to reconnect to the database and repeat your command.
WARNING:  terminating connection because of crash of another server process
DETAIL:  The postmaster has commanded this server process to roll back the current transaction and exit, because another server process exited abnormally and possibly corrupted shared memory.
HINT:  In a moment you should be able to reconnect to the database and repeat your command.
WARNING:  terminating connection because of crash of another server process
DETAIL:  The postmaster has commanded this server process to roll back the current transaction and exit, because another server process exited abnormally and possibly corrupted shared memory.
HINT:  In a moment you should be able to reconnect to the database and repeat your command.
WARNING:  terminating connection because of crash of another server process
DETAIL:  The postmaster has commanded this server process to roll back the current transaction and exit, because another server process exited abnormally and possibly corrupted shared memory.
HINT:  In a moment you should be able to reconnect to the database and repeat your command.
WARNING:  terminating connection because of crash of another server process
DETAIL:  The postmaster has commanded this server process to roll back the current transaction and exit, because another server process exited abnormally and possibly corrupted shared memory.
HINT:  In a moment you should be able to reconnect to the database and repeat your command.
WARNING:  terminating connection because of crash of another server process
DETAIL:  The postmaster has commanded this server process to roll back the current transaction and exit, because another server process exited abnormally and possibly corrupted shared memory.
HINT:  In a moment you should be able to reconnect to the database and repeat your command.
WARNING:  terminating connection because of crash of another server process
DETAIL:  The postmaster has commanded this server process to roll back the current transaction and exit, because another server process exited abnormally and possibly corrupted shared memory.
HINT:  In a moment you should be able to reconnect to the database and repeat your command.
WARNING:  terminating connection because of crash of another server process
DETAIL:  The postmaster has commanded this server process to roll back the current transaction and exit, because another server process exited abnormally and possibly corrupted shared memory.
HINT:  In a moment you should be able to reconnect to the database and repeat your command.
WARNING:  terminating connection because of crash of another server process
DETAIL:  The postmaster has commanded this server process to roll back the current transaction and exit, because another server process exited abnormally and possibly corrupted shared memory.
HINT:  In a moment you should be able to reconnect to the database and repeat your command.
WARNING:  terminating connection because of crash of another server process
DETAIL:  The postmaster has commanded this server process to roll back the current transaction and exit, because another server process exited abnormally and possibly corrupted shared memory.
HINT:  In a moment you should be able to reconnect to the database and repeat your command.
WARNING:  terminating connection because of crash of another server process
DETAIL:  The postmaster has commanded this server process to roll back the current transaction and exit, because another server process exited abnormally and possibly corrupted shared memory.
HINT:  In a moment you should be able to reconnect to the database and repeat your command.
WARNING:  terminating connection because of crash of another server process
DETAIL:  The postmaster has commanded this server process to roll back the current transaction and exit, because another server process exited abnormally and possibly corrupted shared memory.
HINT:  In a moment you should be able to reconnect to the database and repeat your command.
WARNING:  terminating connection because of crash of another server process
DETAIL:  The postmaster has commanded this server process to roll back the current transaction and exit, because another server process exited abnormally and possibly corrupted shared memory.
HINT:  In a moment you should be able to reconnect to the database and repeat your command.
WARNING:  terminating connection because of crash of another server process
DETAIL:  The postmaster has commanded this server process to roll back the current transaction and exit, because another server process exited abnormally and possibly corrupted shared memory.
HINT:  In a moment you should be able to reconnect to the database and repeat your command.
WARNING:  terminating connection because of crash of another server process
DETAIL:  The postmaster has commanded this server process to roll back the current transaction and exit, because another server process exited abnormally and possibly corrupted shared memory.
HINT:  In a moment you should be able to reconnect to the database and repeat your command.
WARNING:  terminating connection because of crash of another server process
DETAIL:  The postmaster has commanded this server process to roll back the current transaction and exit, because another server process exited abnormally and possibly corrupted shared memory.
HINT:  In a moment you should be able to reconnect to the database and repeat your command.
pgbench: error: pgbench: error: pgbench: error: server closed the connection unexpectedly
	This probably means the server terminated abnormally
	before or while processing the request.
pgbench: error: client 21 aborted in command 1 (SQL) of script 0; SQL command send failed
pgbench: error: server closed the connection unexpectedly
	This probably means the server terminated abnormally
	before or while processing the request.
pgbench: error: client 18 aborted in command 1 (SQL) of script 0; SQL command send failed
pgbench: error: server closed the connection unexpectedly
	This probably means the server terminated abnormally
	before or while processing the request.
server closed the connection unexpectedly
	This probably means the server terminated abnormally
	before or while processing the request.
server closed the connection unexpectedly
	This probably means the server terminated abnormally
	before or while processing the request.
pgbench: error: client 7 aborted in command 1 (SQL) of script 0; SQL command send failed
pgbench: error: pgbench: error: client 30 aborted in command 1 (SQL) of script 0; SQL command send failed
client 15 aborted in command 1 (SQL) of script 0; SQL command send failed
pgbench: error: server closed the connection unexpectedly
	This probably means the server terminated abnormally
	before or while processing the request.
pgbench: error: client 12 aborted in command 1 (SQL) of script 0; SQL command send failed
pgbench: error: server closed the connection unexpectedly
	This probably means the server terminated abnormally
	before or while processing the request.
pgbench: error: client 5 aborted in command 1 (SQL) of script 0; SQL command send failed
pgbench: error: server closed the connection unexpectedly
	This probably means the server terminated abnormally
	before or while processing the request.
pgbench: error: client 2 aborted in command 1 (SQL) of script 0; SQL command send failed
pgbench: error: pgbench: error: server closed the connection unexpectedly
	This probably means the server terminated abnormally
	before or while processing the request.
server closed the connection unexpectedly
	This probably means the server terminated abnormally
	before or while processing the request.
pgbench: error: server closed the connection unexpectedly
	This probably means the server terminated abnormally
	before or while processing the request.
pgbench:pgbench: error: pgbench: client 8 aborted in command 1 (SQL) of script 0; SQL command send failed
 error: client 11 aborted in command 1 (SQL) of script 0; SQL command send failed
error: client 26 aborted in command 1 (SQL) of script 0; SQL command send failed
pgbench: error: server closed the connection unexpectedly
	This probably means the server terminated abnormally
	before or while processing the request.
pgbench: error: client 20 aborted in command 1 (SQL) of script 0; SQL command send failed
pgbench: error: server closed the connection unexpectedly
	This probably means the server terminated abnormally
	before or while processing the request.
pgbench: error: client 9 aborted in command 1 (SQL) of script 0; SQL command send failed
pgbench: error: server closed the connection unexpectedly
	This probably means the server terminated abnormally
	before or while processing the request.
pgbench: error: client 25 aborted in command 1 (SQL) of script 0; SQL command send failed
pgbench: error: server closed the connection unexpectedly
	This probably means the server terminated abnormally
	before or while processing the request.
pgbench: error: client 0 aborted in command 1 (SQL) of script 0; SQL command send failed
pgbench: error: server closed the connection unexpectedly
	This probably means the server terminated abnormally
	before or while processing the request.
pgbench: error: client 17 aborted in command 1 (SQL) of script 0; SQL command send failed
pgbench: error: server closed the connection unexpectedly
	This probably means the server terminated abnormally
	before or while processing the request.
pgbench: error: client 19 aborted in command 1 (SQL) of script 0; SQL command send failed
pgbench: error: server closed the connection unexpectedly
	This probably means the server terminated abnormally
	before or while processing the request.
pgbench: error: client 13 aborted in command 1 (SQL) of script 0; SQL command send failed
pgbench: error: server closed the connection unexpectedly
	This probably means the server terminated abnormally
	before or while processing the request.
pgbench: error: client 1 aborted in command 1 (SQL) of script 0; SQL command send failed
pgbench: error: server closed the connection unexpectedly
	This probably means the server terminated abnormally
	before or while processing the request.
pgbench: error: client 16 aborted in command 1 (SQL) of script 0; SQL command send failed
pgbench: error: server closed the connection unexpectedly
	This probably means the server terminated abnormally
	before or while processing the request.
pgbench: error: client 31 aborted in command 1 (SQL) of script 0; SQL command send failed
pgbench: error: server closed the connection unexpectedly
	This probably means the server terminated abnormally
	before or while processing the request.
pgbench: error: client 27 aborted in command 1 (SQL) of script 0; SQL command send failed
pgbench: error: pgbench: error: server closed the connection unexpectedly
	This probably means the server terminated abnormally
	before or while processing the request.
server closed the connection unexpectedly
	This probably means the server terminated abnormally
	before or while processing the request.
pgbench: error: pgbench: error: client 6 aborted in command 1 (SQL) of script 0; SQL command send failed
client 4 aborted in command 1 (SQL) of script 0; SQL command send failed
pgbench: error: server closed the connection unexpectedly
	This probably means the server terminated abnormally
	before or while processing the request.
pgbench: error: client 3 aborted in command 1 (SQL) of script 0; SQL command send failed
pgbench: error: server closed the connection unexpectedly
	This probably means the server terminated abnormally
	before or while processing the request.
pgbench: error: client 14 aborted in command 1 (SQL) of script 0; SQL command send failed
pgbench: error: server closed the connection unexpectedly
	This probably means the server terminated abnormally
	before or while processing the request.
pgbench: error: client 22 aborted in command 1 (SQL) of script 0; SQL command send failed
pgbench: error: server closed the connection unexpectedly
	This probably means the server terminated abnormally
	before or while processing the request.
pgbench: error: client 29 aborted in command 1 (SQL) of script 0; SQL command send failed
pgbench: error: server closed the connection unexpectedly
	This probably means the server terminated abnormally
	before or while processing the request.
pgbench: error: client 28 aborted in command 1 (SQL) of script 0; SQL command send failed
pgbench: error: server closed the connection unexpectedly
	This probably means the server terminated abnormally
	before or while processing the request.
pgbench: error: client 10 aborted in command 1 (SQL) of script 0; SQL command send failed
pgbench: error: server closed the connection unexpectedly
	This probably means the server terminated abnormally
	before or while processing the request.
pgbench: error: client 23 aborted in command 1 (SQL) of script 0; SQL command send failed
pgbench: error: server closed the connection unexpectedly
	This probably means the server terminated abnormally
	before or while processing the request.
pgbench: error: client 24 aborted in command 1 (SQL) of script 0; SQL command send failed
transaction type: 20240114-1519/0-master/1000/star-1-1000.sql
scaling factor: 1
query mode: prepared
number of clients: 32
number of threads: 32
maximum number of tries: 1
duration: 60 s
number of transactions actually processed: 0
number of failed transactions: 0 (NaN%)
pgbench: error: Run was aborted; the above results are incomplete.
