2024-01-12 03:22:32.854 CET [7301] LOG:  starting PostgreSQL 17devel on x86_64-pc-linux-gnu, compiled by gcc (Gentoo 12.3.1_p20230526 p2) 12.3.1 20230526, 64-bit
2024-01-12 03:22:32.854 CET [7301] LOG:  listening on IPv6 address "::1", port 5432
2024-01-12 03:22:32.854 CET [7301] LOG:  listening on IPv4 address "127.0.0.1", port 5432
2024-01-12 03:22:32.856 CET [7301] LOG:  listening on Unix socket "/tmp/.s.PGSQL.5432"
2024-01-12 03:22:32.858 CET [7304] LOG:  database system was shut down at 2024-01-12 03:22:32 CET
2024-01-12 03:22:32.862 CET [7301] LOG:  database system is ready to accept connections
2024-01-12 03:22:33.031 CET [7302] LOG:  checkpoint starting: immediate force wait
2024-01-12 03:22:33.096 CET [7302] LOG:  checkpoint complete: wrote 932 buffers (0.4%); 0 WAL file(s) added, 0 removed, 0 recycled; write=0.016 s, sync=0.046 s, total=0.066 s; sync files=309, longest=0.001 s, average=0.001 s; distance=4376 kB, estimate=4376 kB; lsn=0/18CDB48, redo lsn=0/18CDAF0
2024-01-12 03:26:03.262 CET [7302] LOG:  checkpoint starting: immediate force wait
2024-01-12 03:26:03.274 CET [7302] LOG:  checkpoint complete: wrote 44 buffers (0.0%); 0 WAL file(s) added, 0 removed, 0 recycled; write=0.005 s, sync=0.004 s, total=0.012 s; sync files=12, longest=0.001 s, average=0.001 s; distance=346 kB, estimate=3973 kB; lsn=0/19246D0, redo lsn=0/1924678
2024-01-12 03:26:03.410 CET [7302] LOG:  checkpoint starting: immediate force wait
2024-01-12 03:26:03.495 CET [7302] LOG:  checkpoint complete: wrote 935 buffers (0.4%); 1 WAL file(s) added, 0 removed, 0 recycled; write=0.013 s, sync=0.046 s, total=0.086 s; sync files=308, longest=0.001 s, average=0.001 s; distance=4400 kB, estimate=4400 kB; lsn=0/1D70898, redo lsn=0/1D70840
2024-01-12 03:29:33.658 CET [7302] LOG:  checkpoint starting: immediate force wait
2024-01-12 03:29:33.667 CET [7302] LOG:  checkpoint complete: wrote 2 buffers (0.0%); 0 WAL file(s) added, 0 removed, 0 recycled; write=0.004 s, sync=0.002 s, total=0.010 s; sync files=2, longest=0.001 s, average=0.001 s; distance=145 kB, estimate=3974 kB; lsn=0/1D94DD0, redo lsn=0/1D94D78
2024-01-12 03:29:33.857 CET [7302] LOG:  checkpoint starting: immediate force wait
2024-01-12 03:29:33.926 CET [7302] LOG:  checkpoint complete: wrote 978 buffers (0.4%); 0 WAL file(s) added, 0 removed, 1 recycled; write=0.014 s, sync=0.052 s, total=0.070 s; sync files=335, longest=0.001 s, average=0.001 s; distance=4534 kB, estimate=4534 kB; lsn=0/2202698, redo lsn=0/2202640
2024-01-12 03:33:04.091 CET [7302] LOG:  checkpoint starting: immediate force wait
2024-01-12 03:33:04.103 CET [7302] LOG:  checkpoint complete: wrote 2 buffers (0.0%); 0 WAL file(s) added, 0 removed, 0 recycled; write=0.005 s, sync=0.002 s, total=0.012 s; sync files=2, longest=0.001 s, average=0.001 s; distance=149 kB, estimate=4095 kB; lsn=0/2227B00, redo lsn=0/2227AA8
2024-01-12 03:33:04.848 CET [7302] LOG:  checkpoint starting: immediate force wait
2024-01-12 03:33:04.958 CET [7302] LOG:  checkpoint complete: wrote 1489 buffers (0.6%); 0 WAL file(s) added, 0 removed, 0 recycled; write=0.019 s, sync=0.088 s, total=0.110 s; sync files=605, longest=0.001 s, average=0.001 s; distance=5827 kB, estimate=5827 kB; lsn=0/27D8800, redo lsn=0/27D87A8
2024-01-12 03:36:35.157 CET [7302] LOG:  checkpoint starting: immediate force wait
2024-01-12 03:36:35.166 CET [7302] LOG:  checkpoint complete: wrote 2 buffers (0.0%); 0 WAL file(s) added, 0 removed, 0 recycled; write=0.005 s, sync=0.001 s, total=0.009 s; sync files=2, longest=0.001 s, average=0.001 s; distance=152 kB, estimate=5259 kB; lsn=0/27FEA30, redo lsn=0/27FE9D8
2024-01-12 03:36:43.347 CET [7302] LOG:  checkpoint starting: immediate force wait
2024-01-12 03:36:43.793 CET [7302] LOG:  checkpoint complete: wrote 4558 buffers (1.7%); 0 WAL file(s) added, 0 removed, 1 recycled; write=0.053 s, sync=0.389 s, total=0.446 s; sync files=2565, longest=0.002 s, average=0.001 s; distance=15383 kB, estimate=15383 kB; lsn=0/3704958, redo lsn=0/3704900
